{"meta": {"format": 3, "version": "7.15.4", "timestamp": "2026-08-15T16:01:53.364198", "branch_coverage": false, "show_contexts": false}, "files": {"src/__init__.py": {"executed_lines": [3, 5, 6, 7], "summary": {"covered_lines": 4, "num_statements": 4, "percent_covered": 100.0, "percent_covered_display": "100", "missing_lines": 0, "excluded_lines": 0, "percent_statements_covered": 100.0, "percent_statements_covered_display": "100"}, "missing_lines": [], "excluded_lines": [], "functions": {"": {"executed_lines": [3, 5, 6, 7], "summary": {"covered_lines": 4, "num_statements": 4, "percent_covered": 100.0, "percent_covered_display": "100", "missing_lines": 0, "excluded_lines": 0, "percent_statements_covered": 100.0, "percent_statements_covered_display": "100"}, "missing_lines": [], "excluded_lines": [], "start_line": 1}}, "classes": {"": {"executed_lines": [3, 5, 6, 7], "summary": {"covered_lines": 4, "num_statements": 4, "percent_covered": 100.0, "percent_covered_display": "100", "missing_lines": 0, "excluded_lines": 0, "percent_statements_covered": 100.0, "percent_statements_covered_display": "100"}, "missing_lines": [], "excluded_lines": [], "start_line": 1}}}, "src/__main__.py": {"executed_lines": [3, 4, 5, 6, 9, 11, 12, 13, 14, 17, 19, 33, 38, 43, 48, 53, 59, 65, 70, 73, 74, 76, 78, 79, 81, 84, 88, 90, 92, 93, 101, 104, 105, 106, 108, 110, 115, 117, 118, 119, 120, 121, 122, 124, 127], "summary": {"covered_lines": 45, "num_statements": 48, "percent_covered": 93.75, "percent_covered_display": "94", "missing_lines": 3, "excluded_lines": 0, "percent_statements_covered": 93.75, "percent_statements_covered_display": "94"}, "missing_lines": [85, 86, 128], "excluded_lines": [], "functions": {"main": {"executed_lines": [19, 33, 38, 43, 48, 53, 59, 65, 70, 73, 74, 76, 78, 79, 81, 84, 88, 90, 92, 93, 101, 104, 105, 106, 108, 110, 115, 117, 118, 119, 120, 121, 122, 124], "summary": {"covered_lines": 34, "num_statements": 36, "percent_covered": 94.44444444444444, "percent_covered_display": "94", "missing_lines": 2, "excluded_lines": 0, "percent_statements_covered": 94.44444444444444, "percent_statements_covered_display": "94"}, "missing_lines": [85, 86], "excluded_lines": [], "start_line": 17}, "": {"executed_lines": [3, 4, 5, 6, 9, 11, 12, 13, 14, 17, 127], "summary": {"covered_lines": 11, "num_statements": 12, "percent_covered": 91.66666666666667, "percent_covered_display": "92", "missing_lines": 1, "excluded_lines": 0, "percent_statements_covered": 91.66666666666667, "percent_statements_covered_display": "92"}, "missing_lines": [128], "excluded_lines": [], "start_line": 1}}, "classes": {"": {"executed_lines": [3, 4, 5, 6, 9, 11, 12, 13, 14, 17, 19, 33, 38, 43, 48, 53, 59, 65, 70, 73, 74, 76, 78, 79, 81, 84, 88, 90, 92, 93, 101, 104, 105, 106, 108, 110, 115, 117, 118, 119, 120, 121, 122, 124, 127], "summary": {"covered_lines": 45, "num_statements": 48, "percent_covered": 93.75, "percent_covered_display": "94", "missing_lines": 3, "excluded_lines": 0, "percent_statements_covered": 93.75, "percent_statements_covered_display": "94"}, "missing_lines": [85, 86, 128], "excluded_lines": [], "start_line": 1}}}, "src/cli.py": {"executed_lines": [3, 4, 5, 6, 7, 8, 10, 13, 15, 17, 22, 23, 24, 27, 28, 29, 32, 33, 34, 35, 36, 39, 49, 50, 51, 52, 53, 54, 55, 56, 58, 61, 71, 72, 74, 75, 77, 78, 80, 83, 93, 94, 96, 97, 98, 99, 100, 101, 102, 103, 105, 106, 109, 122, 123, 124, 126, 127, 128, 131, 141, 142, 145, 158, 161, 162, 165, 166, 167, 168, 169, 170, 171, 172, 174, 184, 185, 186, 187, 192, 194, 197, 201, 204, 206, 208, 209, 210, 213, 214, 215, 216, 217, 218, 221, 224, 225, 226, 227, 228, 231, 234, 235, 236, 237, 239, 241, 244, 246, 249, 250, 252, 253, 255, 257, 286, 289, 290, 292, 293, 328, 330, 331, 333, 334, 335, 336, 337, 339, 341, 344, 394], "summary": {"covered_lines": 132, "num_statements": 182, "percent_covered": 72.52747252747253, "percent_covered_display": "73", "missing_lines": 50, "excluded_lines": 0, "percent_statements_covered": 72.52747252747253, "percent_statements_covered_display": "73"}, "missing_lines": [198, 199, 258, 259, 262, 263, 264, 265, 266, 270, 271, 272, 273, 274, 275, 276, 277, 279, 280, 295, 297, 298, 301, 302, 303, 304, 305, 309, 310, 311, 312, 313, 314, 315, 316, 319, 321, 322, 346, 350, 355, 360, 366, 371, 376, 382, 387, 389, 391, 395], "excluded_lines": [], "functions": {"setup_logging": {"executed_lines": [15, 17, 22, 23, 24, 27, 28, 29, 32, 33, 34, 35, 36], "summary": {"covered_lines": 13, "num_statements": 13, "percent_covered": 100.0, "percent_covered_display": "100", "missing_lines": 0, "excluded_lines": 0, "percent_statements_covered": 100.0, "percent_statements_covered_display": "100"}, "missing_lines": [], "excluded_lines": [], "start_line": 13}, "get_status_indicator": {"executed_lines": [49, 50, 51, 52, 53, 54, 55, 56, 58], "summary": {"covered_lines": 9, "num_statements": 9, "percent_covered": 100.0, "percent_covered_display": "100", "missing_lines": 0, "excluded_lines": 0, "percent_statements_covered": 100.0, "percent_statements_covered_display": "100"}, "missing_lines": [], "excluded_lines": [], "start_line": 39}, "format_materials": {"executed_lines": [71, 72, 74, 75, 77, 78, 80], "summary": {"covered_lines": 7, "num_statements": 7, "percent_covered": 100.0, "percent_covered_display": "100", "missing_lines": 0, "excluded_lines": 0, "percent_statements_covered": 100.0, "percent_statements_covered_display": "100"}, "missing_lines": [], "excluded_lines": [], "start_line": 61}, "format_age": {"executed_lines": [93, 94, 96, 97, 98, 99, 100, 101, 102, 103, 105, 106], "summary": {"covered_lines": 12, "num_statements": 12, "percent_covered": 100.0, "percent_covered_display": "100", "missing_lines": 0, "excluded_lines": 0, "percent_statements_covered": 100.0, "percent_statements_covered_display": "100"}, "missing_lines": [], "excluded_lines": [], "start_line": 83}, "display_systems_table": {"executed_lines": [122, 123, 124, 126, 127, 128, 131, 141, 142, 145, 158, 161, 162, 165, 166, 167, 168, 169, 170, 171, 172, 174, 184, 185, 186, 187, 192, 194, 197, 201], "summary": {"covered_lines": 30, "num_statements": 32, "percent_covered": 93.75, "percent_covered_display": "94", "missing_lines": 2, "excluded_lines": 0, "percent_statements_covered": 93.75, "percent_statements_covered_display": "94"}, "missing_lines": [198, 199], "excluded_lines": [], "start_line": 109}, "display_status": {"executed_lines": [206, 208, 209, 210, 213, 214, 215, 216, 217, 218, 221, 224, 225, 226, 227, 228, 231, 234, 235, 236, 237, 239, 241], "summary": {"covered_lines": 23, "num_statements": 23, "percent_covered": 100.0, "percent_covered_display": "100", "missing_lines": 0, "excluded_lines": 0, "percent_statements_covered": 100.0, "percent_statements_covered_display": "100"}, "missing_lines": [], "excluded_lines": [], "start_line": 204}, "run_cli": {"executed_lines": [246, 249, 250, 252, 253, 255, 257, 286, 289, 290, 292, 293, 328, 330, 331, 333, 334, 335, 336, 337, 339, 341], "summary": {"covered_lines": 22, "num_statements": 58, "percent_covered": 37.93103448275862, "percent_covered_display": "38", "missing_lines": 36, "excluded_lines": 0, "percent_statements_covered": 37.93103448275862, "percent_statements_covered_display": "38"}, "missing_lines": [258, 259, 262, 263, 264, 265, 266, 270, 271, 272, 273, 274, 275, 276, 277, 279, 280, 295, 297, 298, 301, 302, 303, 304, 305, 309, 310, 311, 312, 313, 314, 315, 316, 319, 321, 322], "excluded_lines": [], "start_line": 244}, "main": {"executed_lines": [], "summary": {"covered_lines": 0, "num_statements": 11, "percent_covered": 0.0, "percent_covered_display": "0", "missing_lines": 11, "excluded_lines": 0, "percent_statements_covered": 0.0, "percent_statements_covered_display": "0"}, "missing_lines": [346, 350, 355, 360, 366, 371, 376, 382, 387, 389, 391], "excluded_lines": [], "start_line": 344}, "": {"executed_lines": [3, 4, 5, 6, 7, 8, 10, 13, 39, 61, 83, 109, 204, 244, 344, 394], "summary": {"covered_lines": 16, "num_statements": 17, "percent_covered": 94.11764705882354, "percent_covered_display": "94", "missing_lines": 1, "excluded_lines": 0, "percent_statements_covered": 94.11764705882354, "percent_statements_covered_display": "94"}, "missing_lines": [395], "excluded_lines": [], "start_line": 1}}, "classes": {"": {"executed_lines": [3, 4, 5, 6, 7, 8, 10, 13, 15, 17, 22, 23, 24, 27, 28, 29, 32, 33, 34, 35, 36, 39, 49, 50, 51, 52, 53, 54, 55, 56, 58, 61, 71, 72, 74, 75, 77, 78, 80, 83, 93, 94, 96, 97, 98, 99, 100, 101, 102, 103, 105, 106, 109, 122, 123, 124, 126, 127, 128, 131, 141, 142, 145, 158, 161, 162, 165, 166, 167, 168, 169, 170, 171, 172, 174, 184, 185, 186, 187, 192, 194, 197, 201, 204, 206, 208, 209, 210, 213, 214, 215, 216, 217, 218, 221, 224, 225, 226, 227, 228, 231, 234, 235, 236, 237, 239, 241, 244, 246, 249, 250, 252, 253, 255, 257, 286, 289, 290, 292, 293, 328, 330, 331, 333, 334, 335, 336, 337, 339, 341, 344, 394], "summary": {"covered_lines": 132, "num_statements": 182, "percent_covered": 72.52747252747253, "percent_covered_display": "73", "missing_lines": 50, "excluded_lines": 0, "percent_statements_covered": 72.52747252747253, "percent_statements_covered_display": "73"}, "missing_lines": [198, 199, 258, 259, 262, 263, 264, 265, 266, 270, 271, 272, 273, 274, 275, 276, 277, 279, 280, 295, 297, 298, 301, 302, 303, 304, 305, 309, 310, 311, 312, 313, 314, 315, 316, 319, 321, 322, 346, 350, 355, 360, 366, 371, 376, 382, 387, 389, 391, 395], "excluded_lines": [], "start_line": 1}}}, "src/config/__init__.py": {"executed_lines": [3, 5], "summary": {"covered_lines": 2, "num_statements": 2, "percent_covered": 100.0, "percent_covered_display": "100", "missing_lines": 0, "excluded_lines": 0, "percent_statements_covered": 100.0, "percent_statements_covered_display": "100"}, "missing_lines": [], "excluded_lines": [], "functions": {"": {"executed_lines": [3, 5], "summary": {"covered_lines": 2, "num_statements": 2, "percent_covered": 100.0, "percent_covered_display": "100", "missing_lines": 0, "excluded_lines": 0, "percent_statements_covered": 100.0, "percent_statements_covered_display": "100"}, "missing_lines": [], "excluded_lines": [], "start_line": 1}}, "classes": {"": {"executed_lines": [3, 5], "summary": {"covered_lines": 2, "num_statements": 2, "percent_covered": 100.0, "percent_covered_display": "100", "missing_lines": 0, "excluded_lines": 0, "percent_statements_covered": 100.0, "percent_statements_covered_display": "100"}, "missing_lines": [], "excluded_lines": [], "start_line": 1}}}, "src/config/settings.py": {"executed_lines": [3, 4, 5, 7, 10, 19, 20, 23, 26, 29, 32, 33, 38, 41, 46, 51, 52, 53, 58, 59, 64, 67, 70, 73, 76, 80, 81, 83, 85, 86, 88, 89, 90, 92, 94, 95, 96, 97, 100, 103, 106, 107, 108], "summary": {"covered_lines": 43, "num_statements": 43, "percent_covered": 100.0, "percent_covered_display": "100", "missing_lines": 0, "excluded_lines": 0, "percent_statements_covered": 100.0, "percent_statements_covered_display": "100"}, "missing_lines": [], "excluded_lines": [], "functions": {"_load_env_file": {"executed_lines": [19, 20], "summary": {"covered_lines": 2, "num_statements": 2, "percent_covered": 100.0, "percent_covered_display": "100", "missing_lines": 0, "excluded_lines": 0, "percent_statements_covered": 100.0, "percent_statements_covered_display": "100"}, "missing_lines": [], "excluded_lines": [], "start_line": 10}, "Settings.__init__": {"executed_lines": [32, 33, 38, 41, 46, 51, 52, 53, 58, 59, 64, 67, 70, 73, 76], "summary": {"covered_lines": 15, "num_statements": 15, "percent_covered": 100.0, "percent_covered_display": "100", "missing_lines": 0, "excluded_lines": 0, "percent_statements_covered": 100.0, "percent_statements_covered_display": "100"}, "missing_lines": [], "excluded_lines": [], "start_line": 29}, "Settings._parse_bool": {"executed_lines": [83], "summary": {"covered_lines": 1, "num_statements": 1, "percent_covered": 100.0, "percent_covered_display": "100", "missing_lines": 0, "excluded_lines": 0, "percent_statements_covered": 100.0, "percent_statements_covered_display": "100"}, "missing_lines": [], "excluded_lines": [], "start_line": 81}, "Settings._parse_path": {"executed_lines": [88, 89, 90], "summary": {"covered_lines": 3, "num_statements": 3, "percent_covered": 100.0, "percent_covered_display": "100", "missing_lines": 0, "excluded_lines": 0, "percent_statements_covered": 100.0, "percent_statements_covered_display": "100"}, "missing_lines": [], "excluded_lines": [], "start_line": 86}, "Settings.get_log_file_path": {"executed_lines": [94, 95, 96, 97], "summary": {"covered_lines": 4, "num_statements": 4, "percent_covered": 100.0, "percent_covered_display": "100", "missing_lines": 0, "excluded_lines": 0, "percent_statements_covered": 100.0, "percent_statements_covered_display": "100"}, "missing_lines": [], "excluded_lines": [], "start_line": 92}, "get_settings": {"executed_lines": [106, 107, 108], "summary": {"covered_lines": 3, "num_statements": 3, "percent_covered": 100.0, "percent_covered_display": "100", "missing_lines": 0, "excluded_lines": 0, "percent_statements_covered": 100.0, "percent_statements_covered_display": "100"}, "missing_lines": [], "excluded_lines": [], "start_line": 103}, "": {"executed_lines": [3, 4, 5, 7, 10, 23, 26, 29, 80, 81, 85, 86, 92, 100, 103], "summary": {"covered_lines": 15, "num_statements": 15, "percent_covered": 100.0, "percent_covered_display": "100", "missing_lines": 0, "excluded_lines": 0, "percent_statements_covered": 100.0, "percent_statements_covered_display": "100"}, "missing_lines": [], "excluded_lines": [], "start_line": 1}}, "classes": {"Settings": {"executed_lines": [32, 33, 38, 41, 46, 51, 52, 53, 58, 59, 64, 67, 70, 73, 76, 83, 88, 89, 90, 94, 95, 96, 97], "summary": {"covered_lines": 23, "num_statements": 23, "percent_covered": 100.0, "percent_covered_display": "100", "missing_lines": 0, "excluded_lines": 0, "percent_statements_covered": 100.0, "percent_statements_covered_display": "100"}, "missing_lines": [], "excluded_lines": [], "start_line": 26}, "": {"executed_lines": [3, 4, 5, 7, 10, 19, 20, 23, 26, 29, 80, 81, 85, 86, 92, 100, 103, 106, 107, 108], "summary": {"covered_lines": 20, "num_statements": 20, "percent_covered": 100.0, "percent_covered_display": "100", "missing_lines": 0, "excluded_lines": 0, "percent_statements_covered": 100.0, "percent_statements_covered_display": "100"}, "missing_lines": [], "excluded_lines": [], "start_line": 1}}}, "src/core.py": {"executed_lines": [3, 4, 5, 6, 7, 12, 13, 14, 15, 16, 17, 18, 19, 20, 21, 24, 27, 33, 34, 35, 38, 39, 42, 48, 54, 68, 71, 72, 76, 78, 80, 86, 89, 90, 91, 92, 93, 94, 95, 96, 97, 98, 103, 104, 105, 107, 114, 122, 123, 124, 125, 126, 128, 130, 132, 137, 138, 139, 141, 142, 144, 149, 150, 151, 153, 159, 163, 164, 165, 166, 168, 169, 171, 173, 176, 177, 178, 179, 180, 181, 183, 184, 188, 190, 191, 192, 193, 194, 196, 198, 199, 200, 201, 202, 204, 212, 214, 217, 220, 221, 223, 224, 227, 228, 229, 235, 236, 237, 241, 244, 246, 248, 262, 264, 266, 268, 270, 280, 281, 283, 284, 285, 286, 287, 288, 290, 292, 304, 305, 308, 309, 312, 313, 314, 315, 316, 317, 320, 321, 323, 325, 326, 328, 329, 332, 333, 334, 339, 343, 359, 360, 362, 363, 365, 375, 376, 385, 405, 417, 423, 424, 426, 435, 436, 438, 443, 445, 447, 448, 470, 472, 474, 475, 487, 496, 497, 498, 500, 501, 502, 520, 521, 522, 526, 527, 528, 529, 534, 535, 540, 545, 547], "summary": {"covered_lines": 192, "num_statements": 238, "percent_covered": 80.67226890756302, "percent_covered_display": "81", "missing_lines": 46, "excluded_lines": 2, "percent_statements_covered": 80.67226890756302, "percent_statements_covered_display": "81"}, "missing_lines": [99, 100, 115, 116, 118, 119, 129, 133, 134, 170, 182, 185, 186, 238, 239, 319, 340, 341, 411, 412, 413, 414, 415, 450, 452, 453, 455, 456, 457, 465, 466, 467, 468, 477, 478, 483, 484, 485, 530, 531, 541, 542, 543, 548, 549, 550], "excluded_lines": [9, 10], "functions": {"HGENotifierManager.__init__": {"executed_lines": [33, 34, 35, 38, 39, 42, 48, 54, 68, 71, 72, 76, 78], "summary": {"covered_lines": 13, "num_statements": 13, "percent_covered": 100.0, "percent_covered_display": "100", "missing_lines": 0, "excluded_lines": 0, "percent_statements_covered": 100.0, "percent_statements_covered_display": "100"}, "missing_lines": [], "excluded_lines": [], "start_line": 27}, "HGENotifierManager._on_new_hge_signal": {"executed_lines": [86, 89, 90, 91, 92, 93, 94, 95, 96, 97, 98, 103, 104, 105, 107, 114, 122, 123, 124, 125, 126, 128, 130, 132, 137, 138, 139, 141, 142, 144, 149, 150, 151], "summary": {"covered_lines": 33, "num_statements": 42, "percent_covered": 78.57142857142857, "percent_covered_display": "79", "missing_lines": 9, "excluded_lines": 0, "percent_statements_covered": 78.57142857142857, "percent_statements_covered_display": "79"}, "missing_lines": [99, 100, 115, 116, 118, 119, 129, 133, 134], "excluded_lines": [], "start_line": 80}, "HGENotifierManager._on_location_change": {"executed_lines": [159, 163, 164, 165, 166, 168, 169, 171, 173, 176, 177, 178, 179, 180, 181, 183, 184], "summary": {"covered_lines": 17, "num_statements": 21, "percent_covered": 80.95238095238095, "percent_covered_display": "81", "missing_lines": 4, "excluded_lines": 0, "percent_statements_covered": 80.95238095238095, "percent_statements_covered_display": "81"}, "missing_lines": [170, 182, 185, 186], "excluded_lines": [], "start_line": 153}, "HGENotifierManager.start": {"executed_lines": [190, 191, 192, 193, 194], "summary": {"covered_lines": 5, "num_statements": 5, "percent_covered": 100.0, "percent_covered_display": "100", "missing_lines": 0, "excluded_lines": 0, "percent_statements_covered": 100.0, "percent_statements_covered_display": "100"}, "missing_lines": [], "excluded_lines": [], "start_line": 188}, "HGENotifierManager.stop": {"executed_lines": [198, 199, 200, 201, 202], "summary": {"covered_lines": 5, "num_statements": 5, "percent_covered": 100.0, "percent_covered_display": "100", "missing_lines": 0, "excluded_lines": 0, "percent_statements_covered": 100.0, "percent_statements_covered_display": "100"}, "missing_lines": [], "excluded_lines": [], "start_line": 196}, "HGENotifierManager.get_status": {"executed_lines": [212, 214, 217, 220, 221, 223, 224, 227, 228, 229, 235, 236, 237, 241, 244, 246, 248, 262], "summary": {"covered_lines": 18, "num_statements": 20, "percent_covered": 90.0, "percent_covered_display": "90", "missing_lines": 2, "excluded_lines": 0, "percent_statements_covered": 90.0, "percent_statements_covered_display": "90"}, "missing_lines": [238, 239], "excluded_lines": [], "start_line": 204}, "HGENotifierManager.refresh": {"executed_lines": [266, 268], "summary": {"covered_lines": 2, "num_statements": 2, "percent_covered": 100.0, "percent_covered_display": "100", "missing_lines": 0, "excluded_lines": 0, "percent_statements_covered": 100.0, "percent_statements_covered_display": "100"}, "missing_lines": [], "excluded_lines": [], "start_line": 264}, "HGENotifierManager._enrich_signal_coordinates": {"executed_lines": [280, 281, 283, 284, 285, 286, 287, 288, 290], "summary": {"covered_lines": 9, "num_statements": 9, "percent_covered": 100.0, "percent_covered_display": "100", "missing_lines": 0, "excluded_lines": 0, "percent_statements_covered": 100.0, "percent_statements_covered_display": "100"}, "missing_lines": [], "excluded_lines": [], "start_line": 270}, "HGENotifierManager._enrich_location_coordinates": {"executed_lines": [304, 305, 308, 309, 312, 313, 314, 315, 316, 317, 320, 321, 323], "summary": {"covered_lines": 13, "num_statements": 14, "percent_covered": 92.85714285714286, "percent_covered_display": "93", "missing_lines": 1, "excluded_lines": 0, "percent_statements_covered": 92.85714285714286, "percent_statements_covered_display": "93"}, "missing_lines": [319], "excluded_lines": [], "start_line": 292}, "HGENotifierManager._format_signal": {"executed_lines": [328, 329, 332, 333, 334, 339, 343], "summary": {"covered_lines": 7, "num_statements": 9, "percent_covered": 77.77777777777777, "percent_covered_display": "78", "missing_lines": 2, "excluded_lines": 0, "percent_statements_covered": 77.77777777777777, "percent_statements_covered_display": "78"}, "missing_lines": [340, 341], "excluded_lines": [], "start_line": 326}, "HGENotifierManager._format_location": {"executed_lines": [362, 363, 365], "summary": {"covered_lines": 3, "num_statements": 3, "percent_covered": 100.0, "percent_covered_display": "100", "missing_lines": 0, "excluded_lines": 0, "percent_statements_covered": 100.0, "percent_statements_covered_display": "100"}, "missing_lines": [], "excluded_lines": [], "start_line": 360}, "HGENotifierManager._format_system_group": {"executed_lines": [385], "summary": {"covered_lines": 1, "num_statements": 1, "percent_covered": 100.0, "percent_covered_display": "100", "missing_lines": 0, "excluded_lines": 0, "percent_statements_covered": 100.0, "percent_statements_covered_display": "100"}, "missing_lines": [], "excluded_lines": [], "start_line": 376}, "HGENotifierManager._emit_system_group_update": {"executed_lines": [], "summary": {"covered_lines": 0, "num_statements": 5, "percent_covered": 0.0, "percent_covered_display": "0", "missing_lines": 5, "excluded_lines": 0, "percent_statements_covered": 0.0, "percent_statements_covered_display": "0"}, "missing_lines": [411, 412, 413, 414, 415], "excluded_lines": [], "start_line": 405}, "HGENotifierManager._calculate_distance": {"executed_lines": [423, 424, 426, 435, 436, 438], "summary": {"covered_lines": 6, "num_statements": 6, "percent_covered": 100.0, "percent_covered_display": "100", "missing_lines": 0, "excluded_lines": 0, "percent_statements_covered": 100.0, "percent_statements_covered_display": "100"}, "missing_lines": [], "excluded_lines": [], "start_line": 417}, "HGENotifierManager._format_notification_history": {"executed_lines": [445, 447, 448], "summary": {"covered_lines": 3, "num_statements": 13, "percent_covered": 23.076923076923077, "percent_covered_display": "23", "missing_lines": 10, "excluded_lines": 0, "percent_statements_covered": 23.076923076923077, "percent_statements_covered_display": "23"}, "missing_lines": [450, 452, 453, 455, 456, 457, 465, 466, 467, 468], "excluded_lines": [], "start_line": 443}, "HGENotifierManager._get_notification_stats": {"executed_lines": [472, 474, 475], "summary": {"covered_lines": 3, "num_statements": 8, "percent_covered": 37.5, "percent_covered_display": "38", "missing_lines": 5, "excluded_lines": 0, "percent_statements_covered": 37.5, "percent_statements_covered_display": "38"}, "missing_lines": [477, 478, 483, 484, 485], "excluded_lines": [], "start_line": 470}, "HGENotifierManager.get_signal_history": {"executed_lines": [496, 497, 498, 500, 501, 502, 520, 521, 522, 526, 527, 528, 529, 534, 535, 540, 545, 547], "summary": {"covered_lines": 18, "num_statements": 26, "percent_covered": 69.23076923076923, "percent_covered_display": "69", "missing_lines": 8, "excluded_lines": 0, "percent_statements_covered": 69.23076923076923, "percent_statements_covered_display": "69"}, "missing_lines": [530, 531, 541, 542, 543, 548, 549, 550], "excluded_lines": [], "start_line": 487}, "": {"executed_lines": [3, 4, 5, 6, 7, 12, 13, 14, 15, 16, 17, 18, 19, 20, 21, 24, 27, 80, 153, 188, 196, 204, 264, 270, 292, 325, 326, 359, 360, 375, 376, 405, 417, 443, 470, 487], "summary": {"covered_lines": 36, "num_statements": 36, "percent_covered": 100.0, "percent_covered_display": "100", "missing_lines": 0, "excluded_lines": 2, "percent_statements_covered": 100.0, "percent_statements_covered_display": "100"}, "missing_lines": [], "excluded_lines": [9, 10], "start_line": 1}}, "classes": {"HGENotifierManager": {"executed_lines": [33, 34, 35, 38, 39, 42, 48, 54, 68, 71, 72, 76, 78, 86, 89, 90, 91, 92, 93, 94, 95, 96, 97, 98, 103, 104, 105, 107, 114, 122, 123, 124, 125, 126, 128, 130, 132, 137, 138, 139, 141, 142, 144, 149, 150, 151, 159, 163, 164, 165, 166, 168, 169, 171, 173, 176, 177, 178, 179, 180, 181, 183, 184, 190, 191, 192, 193, 194, 198, 199, 200, 201, 202, 212, 214, 217, 220, 221, 223, 224, 227, 228, 229, 235, 236, 237, 241, 244, 246, 248, 262, 266, 268, 280, 281, 283, 284, 285, 286, 287, 288, 290, 304, 305, 308, 309, 312, 313, 314, 315, 316, 317, 320, 321, 323, 328, 329, 332, 333, 334, 339, 343, 362, 363, 365, 385, 423, 424, 426, 435, 436, 438, 445, 447, 448, 472, 474, 475, 496, 497, 498, 500, 501, 502, 520, 521, 522, 526, 527, 528, 529, 534, 535, 540, 545, 547], "summary": {"covered_lines": 156, "num_statements": 202, "percent_covered": 77.22772277227723, "percent_covered_display": "77", "missing_lines": 46, "excluded_lines": 0, "percent_statements_covered": 77.22772277227723, "percent_statements_covered_display": "77"}, "missing_lines": [99, 100, 115, 116, 118, 119, 129, 133, 134, 170, 182, 185, 186, 238, 239, 319, 340, 341, 411, 412, 413, 414, 415, 450, 452, 453, 455, 456, 457, 465, 466, 467, 468, 477, 478, 483, 484, 485, 530, 531, 541, 542, 543, 548, 549, 550], "excluded_lines": [], "start_line": 24}, "": {"executed_lines": [3, 4, 5, 6, 7, 12, 13, 14, 15, 16, 17, 18, 19, 20, 21, 24, 27, 80, 153, 188, 196, 204, 264, 270, 292, 325, 326, 359, 360, 375, 376, 405, 417, 443, 470, 487], "summary": {"covered_lines": 36, "num_statements": 36, "percent_covered": 100.0, "percent_covered_display": "100", "missing_lines": 0, "excluded_lines": 2, "percent_statements_covered": 100.0, "percent_statements_covered_display": "100"}, "missing_lines": [], "excluded_lines": [9, 10], "start_line": 1}}}, "src/distance/__init__.py": {"executed_lines": [3, 6, 9, 10, 28, 29, 31, 32, 33, 35, 36, 38, 39, 49, 50, 51], "summary": {"covered_lines": 16, "num_statements": 16, "percent_covered": 100.0, "percent_covered_display": "100", "missing_lines": 0, "excluded_lines": 0, "percent_statements_covered": 100.0, "percent_statements_covered_display": "100"}, "missing_lines": [], "excluded_lines": [], "functions": {"DistanceCalculator.calculate_distance": {"executed_lines": [28, 29, 31, 32, 33, 35, 36], "summary": {"covered_lines": 7, "num_statements": 7, "percent_covered": 100.0, "percent_covered_display": "100", "missing_lines": 0, "excluded_lines": 0, "percent_statements_covered": 100.0, "percent_statements_covered_display": "100"}, "missing_lines": [], "excluded_lines": [], "start_line": 10}, "DistanceCalculator.format_distance": {"executed_lines": [49, 50, 51], "summary": {"covered_lines": 3, "num_statements": 3, "percent_covered": 100.0, "percent_covered_display": "100", "missing_lines": 0, "excluded_lines": 0, "percent_statements_covered": 100.0, "percent_statements_covered_display": "100"}, "missing_lines": [], "excluded_lines": [], "start_line": 39}, "": {"executed_lines": [3, 6, 9, 10, 38, 39], "summary": {"covered_lines": 6, "num_statements": 6, "percent_covered": 100.0, "percent_covered_display": "100", "missing_lines": 0, "excluded_lines": 0, "percent_statements_covered": 100.0, "percent_statements_covered_display": "100"}, "missing_lines": [], "excluded_lines": [], "start_line": 1}}, "classes": {"DistanceCalculator": {"executed_lines": [28, 29, 31, 32, 33, 35, 36, 49, 50, 51], "summary": {"covered_lines": 10, "num_statements": 10, "percent_covered": 100.0, "percent_covered_display": "100", "missing_lines": 0, "excluded_lines": 0, "percent_statements_covered": 100.0, "percent_statements_covered_display": "100"}, "missing_lines": [], "excluded_lines": [], "start_line": 6}, "": {"executed_lines": [3, 6, 9, 10, 38, 39], "summary": {"covered_lines": 6, "num_statements": 6, "percent_covered": 100.0, "percent_covered_display": "100", "missing_lines": 0, "excluded_lines": 0, "percent_statements_covered": 100.0, "percent_statements_covered_display": "100"}, "missing_lines": [], "excluded_lines": [], "start_line": 1}}}, "src/distance/coordinates.py": {"executed_lines": [3, 4, 5, 6, 7, 8, 9, 10, 12, 15, 18, 21, 22, 23, 25, 32, 33, 35, 36, 37, 38, 40, 42, 43, 45, 46, 49, 62, 67, 68, 70, 71, 73, 88, 90, 91, 92, 96, 98, 102, 104, 119, 120, 121, 122, 131, 133, 143, 144, 145, 148, 154, 155, 156, 158, 161, 162, 163, 164, 171, 172, 173, 175, 181, 191, 192, 194, 199, 204, 206, 207, 210, 225, 227, 229, 230, 231, 236, 248, 249, 251, 252, 254, 259, 260, 265, 267, 268, 269, 270, 271, 272, 276, 278, 279, 280, 282, 283, 285, 289, 291], "summary": {"covered_lines": 101, "num_statements": 137, "percent_covered": 73.72262773722628, "percent_covered_display": "74", "missing_lines": 36, "excluded_lines": 0, "percent_statements_covered": 73.72262773722628, "percent_statements_covered_display": "74"}, "missing_lines": [93, 99, 100, 123, 124, 125, 126, 127, 129, 165, 166, 167, 168, 177, 178, 179, 211, 212, 213, 214, 215, 217, 218, 219, 221, 223, 232, 233, 234, 262, 263, 273, 274, 296, 297, 298], "excluded_lines": [], "functions": {"CoordinateDatabase.__init__": {"executed_lines": [32, 33, 35, 36, 37, 38], "summary": {"covered_lines": 6, "num_statements": 6, "percent_covered": 100.0, "percent_covered_display": "100", "missing_lines": 0, "excluded_lines": 0, "percent_statements_covered": 100.0, "percent_statements_covered_display": "100"}, "missing_lines": [], "excluded_lines": [], "start_line": 25}, "CoordinateDatabase._init_database": {"executed_lines": [42, 43, 45, 46, 49, 62, 67, 68, 70, 71], "summary": {"covered_lines": 10, "num_statements": 10, "percent_covered": 100.0, "percent_covered_display": "100", "missing_lines": 0, "excluded_lines": 0, "percent_statements_covered": 100.0, "percent_statements_covered_display": "100"}, "missing_lines": [], "excluded_lines": [], "start_line": 40}, "CoordinateDatabase.get_coordinates": {"executed_lines": [88, 90, 91, 92, 96, 98, 102], "summary": {"covered_lines": 7, "num_statements": 10, "percent_covered": 70.0, "percent_covered_display": "70", "missing_lines": 3, "excluded_lines": 0, "percent_statements_covered": 70.0, "percent_statements_covered_display": "70"}, "missing_lines": [93, 99, 100], "excluded_lines": [], "start_line": 73}, "CoordinateDatabase._fetch_from_edsm_with_retry": {"executed_lines": [119, 120, 121, 122, 131], "summary": {"covered_lines": 5, "num_statements": 11, "percent_covered": 45.45454545454545, "percent_covered_display": "45", "missing_lines": 6, "excluded_lines": 0, "percent_statements_covered": 45.45454545454545, "percent_statements_covered_display": "45"}, "missing_lines": [123, 124, 125, 126, 127, 129], "excluded_lines": [], "start_line": 104}, "CoordinateDatabase._get_from_cache": {"executed_lines": [143, 144, 145, 148, 154, 155, 156, 158, 161, 162, 163, 164, 171, 172, 173, 175], "summary": {"covered_lines": 16, "num_statements": 23, "percent_covered": 69.56521739130434, "percent_covered_display": "70", "missing_lines": 7, "excluded_lines": 0, "percent_statements_covered": 69.56521739130434, "percent_statements_covered_display": "70"}, "missing_lines": [165, 166, 167, 168, 177, 178, 179], "excluded_lines": [], "start_line": 133}, "CoordinateDatabase._fetch_from_edsm": {"executed_lines": [191, 192, 194, 199, 204, 206, 207, 210, 225, 227, 229, 230, 231], "summary": {"covered_lines": 13, "num_statements": 26, "percent_covered": 50.0, "percent_covered_display": "50", "missing_lines": 13, "excluded_lines": 0, "percent_statements_covered": 50.0, "percent_statements_covered_display": "50"}, "missing_lines": [211, 212, 213, 214, 215, 217, 218, 219, 221, 223, 232, 233, 234], "excluded_lines": [], "start_line": 181}, "CoordinateDatabase._store_in_cache": {"executed_lines": [248, 249, 251, 252, 254, 259, 260], "summary": {"covered_lines": 7, "num_statements": 9, "percent_covered": 77.77777777777777, "percent_covered_display": "78", "missing_lines": 2, "excluded_lines": 0, "percent_statements_covered": 77.77777777777777, "percent_statements_covered_display": "78"}, "missing_lines": [262, 263], "excluded_lines": [], "start_line": 236}, "CoordinateDatabase.clear_cache": {"executed_lines": [267, 268, 269, 270, 271, 272], "summary": {"covered_lines": 6, "num_statements": 8, "percent_covered": 75.0, "percent_covered_display": "75", "missing_lines": 2, "excluded_lines": 0, "percent_statements_covered": 75.0, "percent_statements_covered_display": "75"}, "missing_lines": [273, 274], "excluded_lines": [], "start_line": 265}, "CoordinateDatabase.get_cache_stats": {"executed_lines": [278, 279, 280, 282, 283, 285, 289, 291], "summary": {"covered_lines": 8, "num_statements": 11, "percent_covered": 72.72727272727273, "percent_covered_display": "73", "missing_lines": 3, "excluded_lines": 0, "percent_statements_covered": 72.72727272727273, "percent_statements_covered_display": "73"}, "missing_lines": [296, 297, 298], "excluded_lines": [], "start_line": 276}, "": {"executed_lines": [3, 4, 5, 6, 7, 8, 9, 10, 12, 15, 18, 21, 22, 23, 25, 40, 73, 104, 133, 181, 236, 265, 276], "summary": {"covered_lines": 23, "num_statements": 23, "percent_covered": 100.0, "percent_covered_display": "100", "missing_lines": 0, "excluded_lines": 0, "percent_statements_covered": 100.0, "percent_statements_covered_display": "100"}, "missing_lines": [], "excluded_lines": [], "start_line": 1}}, "classes": {"CoordinateDatabase": {"executed_lines": [32, 33, 35, 36, 37, 38, 42, 43, 45, 46, 49, 62, 67, 68, 70, 71, 88, 90, 91, 92, 96, 98, 102, 119, 120, 121, 122, 131, 143, 144, 145, 148, 154, 155, 156, 158, 161, 162, 163, 164, 171, 172, 173, 175, 191, 192, 194, 199, 204, 206, 207, 210, 225, 227, 229, 230, 231, 248, 249, 251, 252, 254, 259, 260, 267, 268, 269, 270, 271, 272, 278, 279, 280, 282, 283, 285, 289, 291], "summary": {"covered_lines": 78, "num_statements": 114, "percent_covered": 68.42105263157895, "percent_covered_display": "68", "missing_lines": 36, "excluded_lines": 0, "percent_statements_covered": 68.42105263157895, "percent_statements_covered_display": "68"}, "missing_lines": [93, 99, 100, 123, 124, 125, 126, 127, 129, 165, 166, 167, 168, 177, 178, 179, 211, 212, 213, 214, 215, 217, 218, 219, 221, 223, 232, 233, 234, 262, 263, 273, 274, 296, 297, 298], "excluded_lines": [], "start_line": 18}, "": {"executed_lines": [3, 4, 5, 6, 7, 8, 9, 10, 12, 15, 18, 21, 22, 23, 25, 40, 73, 104, 133, 181, 236, 265, 276], "summary": {"covered_lines": 23, "num_statements": 23, "percent_covered": 100.0, "percent_covered_display": "100", "missing_lines": 0, "excluded_lines": 0, "percent_statements_covered": 100.0, "percent_statements_covered_display": "100"}, "missing_lines": [], "excluded_lines": [], "start_line": 1}}}, "src/eddn/__init__.py": {"executed_lines": [3, 4, 5, 6, 7, 8, 9, 10, 12, 14, 17, 18, 33, 34, 36, 37, 39, 40, 42, 43, 45, 46, 48, 49, 55, 56, 58, 59, 61, 62, 68, 69, 76, 78, 79, 82, 83, 85, 87, 89, 91, 92, 93, 94, 95, 96, 98, 101, 115, 116, 117, 118, 120, 128, 129, 130, 131, 132, 133, 134, 135, 137, 139, 140, 141, 143, 145, 146, 147, 149, 150, 154, 156, 158, 159, 161, 162, 165, 168, 169, 170, 174, 176, 178, 180, 188, 190, 191, 192, 193, 194, 199, 201, 203, 204, 205, 207, 210, 213, 216, 218, 219, 220, 222, 223, 224, 225, 227, 229, 230, 231, 232, 233, 235, 236, 237, 238, 239, 240, 243, 244, 245, 248, 263, 264, 279, 288, 289, 290, 293, 294, 295, 296, 297, 298, 299, 302, 303, 304, 305, 306, 309, 318, 324, 325, 372, 373, 376, 392, 393, 394, 395, 396, 399, 400, 401, 403, 404, 405, 407, 412, 413, 426, 428, 429, 431, 432, 435, 436, 437, 438, 441, 443, 444, 447, 450, 451, 452, 453, 455, 456, 457, 458, 459, 461, 462, 463, 464, 466, 467, 468, 469, 472, 473, 474, 475, 477, 478, 482, 483, 484, 485, 486, 487, 488, 489, 493, 505, 510, 516, 518, 520, 523, 525, 526, 530, 531, 532, 533, 540, 547, 548, 549, 550, 551, 554, 555, 556, 559, 560, 561, 564, 565, 573, 574, 575], "summary": {"covered_lines": 236, "num_statements": 302, "percent_covered": 78.1456953642384, "percent_covered_display": "78", "missing_lines": 66, "excluded_lines": 1, "percent_statements_covered": 78.1456953642384, "percent_statements_covered_display": "78"}, "missing_lines": [171, 172, 195, 196, 197, 249, 250, 251, 252, 253, 254, 257, 258, 259, 260, 265, 267, 269, 270, 271, 272, 273, 274, 275, 276, 277, 310, 311, 312, 313, 315, 316, 317, 320, 321, 322, 377, 378, 379, 381, 382, 383, 385, 386, 387, 388, 389, 408, 409, 410, 479, 490, 491, 512, 513, 514, 521, 536, 537, 538, 552, 566, 568, 569, 570, 571], "excluded_lines": [326], "functions": {"HGESignal.age_seconds": {"executed_lines": [78, 79, 82, 83, 85], "summary": {"covered_lines": 5, "num_statements": 5, "percent_covered": 100.0, "percent_covered_display": "100", "missing_lines": 0, "excluded_lines": 0, "percent_statements_covered": 100.0, "percent_statements_covered_display": "100"}, "missing_lines": [], "excluded_lines": [], "start_line": 76}, "HGESignal.age_human_readable": {"executed_lines": [89, 91, 92, 93, 94, 95, 96, 98], "summary": {"covered_lines": 8, "num_statements": 8, "percent_covered": 100.0, "percent_covered_display": "100", "missing_lines": 0, "excluded_lines": 0, "percent_statements_covered": 100.0, "percent_statements_covered_display": "100"}, "missing_lines": [], "excluded_lines": [], "start_line": 87}, "EDDNMonitor.__init__": {"executed_lines": [128, 129, 130, 131, 132, 133, 134, 135], "summary": {"covered_lines": 8, "num_statements": 8, "percent_covered": 100.0, "percent_covered_display": "100", "missing_lines": 0, "excluded_lines": 0, "percent_statements_covered": 100.0, "percent_statements_covered_display": "100"}, "missing_lines": [], "excluded_lines": [], "start_line": 120}, "EDDNMonitor.start": {"executed_lines": [139, 140, 141, 143, 145, 146, 147, 149, 150, 154], "summary": {"covered_lines": 10, "num_statements": 10, "percent_covered": 100.0, "percent_covered_display": "100", "missing_lines": 0, "excluded_lines": 0, "percent_statements_covered": 100.0, "percent_statements_covered_display": "100"}, "missing_lines": [], "excluded_lines": [], "start_line": 137}, "EDDNMonitor.stop": {"executed_lines": [158, 159, 161, 162, 165, 168, 169, 170], "summary": {"covered_lines": 8, "num_statements": 10, "percent_covered": 80.0, "percent_covered_display": "80", "missing_lines": 2, "excluded_lines": 0, "percent_statements_covered": 80.0, "percent_statements_covered_display": "80"}, "missing_lines": [171, 172], "excluded_lines": [], "start_line": 156}, "EDDNMonitor.get_latest_signal": {"executed_lines": [176], "summary": {"covered_lines": 1, "num_statements": 1, "percent_covered": 100.0, "percent_covered_display": "100", "missing_lines": 0, "excluded_lines": 0, "percent_statements_covered": 100.0, "percent_statements_covered_display": "100"}, "missing_lines": [], "excluded_lines": [], "start_line": 174}, "EDDNMonitor._init_mock_data": {"executed_lines": [180], "summary": {"covered_lines": 1, "num_statements": 1, "percent_covered": 100.0, "percent_covered_display": "100", "missing_lines": 0, "excluded_lines": 0, "percent_statements_covered": 100.0, "percent_statements_covered_display": "100"}, "missing_lines": [], "excluded_lines": [], "start_line": 178}, "EDDNMonitor._connect_and_monitor": {"executed_lines": [190, 191, 192, 193, 194], "summary": {"covered_lines": 5, "num_statements": 8, "percent_covered": 62.5, "percent_covered_display": "62", "missing_lines": 3, "excluded_lines": 0, "percent_statements_covered": 62.5, "percent_statements_covered_display": "62"}, "missing_lines": [195, 196, 197], "excluded_lines": [], "start_line": 188}, "EDDNMonitor._connect_to_eddn": {"executed_lines": [201, 203, 204, 205, 207, 210, 213, 216, 218, 219, 220, 222, 223, 224, 225], "summary": {"covered_lines": 15, "num_statements": 15, "percent_covered": 100.0, "percent_covered_display": "100", "missing_lines": 0, "excluded_lines": 0, "percent_statements_covered": 100.0, "percent_statements_covered_display": "100"}, "missing_lines": [], "excluded_lines": [], "start_line": 199}, "EDDNMonitor._monitor_eddn_stream": {"executed_lines": [229, 230, 231, 232, 233, 235, 236, 237, 238, 239, 240, 243, 244, 245, 248, 263, 264], "summary": {"covered_lines": 17, "num_statements": 38, "percent_covered": 44.73684210526316, "percent_covered_display": "45", "missing_lines": 21, "excluded_lines": 0, "percent_statements_covered": 44.73684210526316, "percent_statements_covered_display": "45"}, "missing_lines": [249, 250, 251, 252, 253, 254, 257, 258, 259, 260, 265, 267, 269, 270, 271, 272, 273, 274, 275, 276, 277], "excluded_lines": [], "start_line": 227}, "EDDNMonitor._process_eddn_message": {"executed_lines": [288, 289, 290, 293, 294, 295, 296, 297, 298, 299, 302, 303, 304, 305, 306, 309, 318], "summary": {"covered_lines": 17, "num_statements": 27, "percent_covered": 62.96296296296296, "percent_covered_display": "63", "missing_lines": 10, "excluded_lines": 0, "percent_statements_covered": 62.96296296296296, "percent_statements_covered_display": "63"}, "missing_lines": [310, 311, 312, 313, 315, 316, 317, 320, 321, 322], "excluded_lines": [], "start_line": 279}, "EDDNMonitor._is_hge_message": {"executed_lines": [372, 373, 376, 392, 393, 394, 395, 396, 399, 400, 401, 403, 404, 405, 407], "summary": {"covered_lines": 15, "num_statements": 29, "percent_covered": 51.724137931034484, "percent_covered_display": "52", "missing_lines": 14, "excluded_lines": 1, "percent_statements_covered": 51.724137931034484, "percent_statements_covered_display": "52"}, "missing_lines": [377, 378, 379, 381, 382, 383, 385, 386, 387, 388, 389, 408, 409, 410], "excluded_lines": [326], "start_line": 325}, "EDDNMonitor._parse_hge_signal": {"executed_lines": [426, 428, 429, 431, 432, 435, 436, 437, 438, 441, 443, 444, 447, 450, 451, 452, 453, 455, 456, 457, 458, 459, 461, 462, 463, 464, 466, 467, 468, 469, 472, 473, 474, 475, 477, 478, 482, 483, 484, 485, 486, 487, 488, 489, 493, 505, 510], "summary": {"covered_lines": 47, "num_statements": 53, "percent_covered": 88.67924528301887, "percent_covered_display": "89", "missing_lines": 6, "excluded_lines": 0, "percent_statements_covered": 88.67924528301887, "percent_statements_covered_display": "89"}, "missing_lines": [479, 490, 491, 512, 513, 514], "excluded_lines": [], "start_line": 413}, "EDDNMonitor._handle_reconnect": {"executed_lines": [518, 520, 523, 525, 526, 530, 531, 532, 533], "summary": {"covered_lines": 9, "num_statements": 13, "percent_covered": 69.23076923076923, "percent_covered_display": "69", "missing_lines": 4, "excluded_lines": 0, "percent_statements_covered": 69.23076923076923, "percent_statements_covered_display": "69"}, "missing_lines": [521, 536, 537, 538], "excluded_lines": [], "start_line": 516}, "EDDNMonitor._close_zmq": {"executed_lines": [547, 548, 549, 550, 551, 554, 555, 556, 559, 560, 561, 564, 565, 573, 574, 575], "summary": {"covered_lines": 16, "num_statements": 22, "percent_covered": 72.72727272727273, "percent_covered_display": "73", "missing_lines": 6, "excluded_lines": 0, "percent_statements_covered": 72.72727272727273, "percent_statements_covered_display": "73"}, "missing_lines": [552, 566, 568, 569, 570, 571], "excluded_lines": [], "start_line": 540}, "": {"executed_lines": [3, 4, 5, 6, 7, 8, 9, 10, 12, 14, 17, 18, 33, 34, 36, 37, 39, 40, 42, 43, 45, 46, 48, 49, 55, 56, 58, 59, 61, 62, 68, 69, 76, 87, 101, 115, 116, 117, 118, 120, 137, 156, 174, 178, 188, 199, 227, 279, 324, 325, 412, 413, 516, 540], "summary": {"covered_lines": 54, "num_statements": 54, "percent_covered": 100.0, "percent_covered_display": "100", "missing_lines": 0, "excluded_lines": 0, "percent_statements_covered": 100.0, "percent_statements_covered_display": "100"}, "missing_lines": [], "excluded_lines": [], "start_line": 1}}, "classes": {"HGESignal": {"executed_lines": [78, 79, 82, 83, 85, 89, 91, 92, 93, 94, 95, 96, 98], "summary": {"covered_lines": 13, "num_statements": 13, "percent_covered": 100.0, "percent_covered_display": "100", "missing_lines": 0, "excluded_lines": 0, "percent_statements_covered": 100.0, "percent_statements_covered_display": "100"}, "missing_lines": [], "excluded_lines": [], "start_line": 18}, "EDDNMonitor": {"executed_lines": [128, 129, 130, 131, 132, 133, 134, 135, 139, 140, 141, 143, 145, 146, 147, 149, 150, 154, 158, 159, 161, 162, 165, 168, 169, 170, 176, 180, 190, 191, 192, 193, 194, 201, 203, 204, 205, 207, 210, 213, 216, 218, 219, 220, 222, 223, 224, 225, 229, 230, 231, 232, 233, 235, 236, 237, 238, 239, 240, 243, 244, 245, 248, 263, 264, 288, 289, 290, 293, 294, 295, 296, 297, 298, 299, 302, 303, 304, 305, 306, 309, 318, 372, 373, 376, 392, 393, 394, 395, 396, 399, 400, 401, 403, 404, 405, 407, 426, 428, 429, 431, 432, 435, 436, 437, 438, 441, 443, 444, 447, 450, 451, 452, 453, 455, 456, 457, 458, 459, 461, 462, 463, 464, 466, 467, 468, 469, 472, 473, 474, 475, 477, 478, 482, 483, 484, 485, 486, 487, 488, 489, 493, 505, 510, 518, 520, 523, 525, 526, 530, 531, 532, 533, 547, 548, 549, 550, 551, 554, 555, 556, 559, 560, 561, 564, 565, 573, 574, 575], "summary": {"covered_lines": 169, "num_statements": 235, "percent_covered": 71.91489361702128, "percent_covered_display": "72", "missing_lines": 66, "excluded_lines": 1, "percent_statements_covered": 71.91489361702128, "percent_statements_covered_display": "72"}, "missing_lines": [171, 172, 195, 196, 197, 249, 250, 251, 252, 253, 254, 257, 258, 259, 260, 265, 267, 269, 270, 271, 272, 273, 274, 275, 276, 277, 310, 311, 312, 313, 315, 316, 317, 320, 321, 322, 377, 378, 379, 381, 382, 383, 385, 386, 387, 388, 389, 408, 409, 410, 479, 490, 491, 512, 513, 514, 521, 536, 537, 538, 552, 566, 568, 569, 570, 571], "excluded_lines": [326], "start_line": 101}, "": {"executed_lines": [3, 4, 5, 6, 7, 8, 9, 10, 12, 14, 17, 18, 33, 34, 36, 37, 39, 40, 42, 43, 45, 46, 48, 49, 55, 56, 58, 59, 61, 62, 68, 69, 76, 87, 101, 115, 116, 117, 118, 120, 137, 156, 174, 178, 188, 199, 227, 279, 324, 325, 412, 413, 516, 540], "summary": {"covered_lines": 54, "num_statements": 54, "percent_covered": 100.0, "percent_covered_display": "100", "missing_lines": 0, "excluded_lines": 0, "percent_statements_covered": 100.0, "percent_statements_covered_display": "100"}, "missing_lines": [], "excluded_lines": [], "start_line": 1}}}, "src/journal/__init__.py": {"executed_lines": [3, 4, 5, 6, 7, 8, 9, 11, 12, 14, 16, 19, 20, 23, 24, 26, 27, 29, 30, 32, 33, 35, 36, 39, 42, 49, 51, 65, 68, 82, 83, 84, 85, 86, 87, 88, 89, 91, 93, 94, 95, 97, 99, 100, 101, 103, 106, 109, 111, 113, 114, 116, 117, 119, 120, 121, 122, 124, 126, 128, 130, 138, 140, 141, 142, 143, 144, 145, 150, 152, 155, 157, 162, 163, 164, 165, 168, 169, 175, 187, 188, 189, 191, 194, 197, 199, 201, 204, 205, 206, 207, 208, 209, 212, 217, 224, 226, 227, 228, 230, 232, 234, 237, 239, 240, 241, 242, 244, 246, 254, 255, 257, 258, 263, 265, 266, 267, 268, 270, 272, 280, 281, 283, 289, 333, 334, 344, 345, 346, 347, 348], "summary": {"covered_lines": 131, "num_statements": 176, "percent_covered": 74.43181818181819, "percent_covered_display": "74", "missing_lines": 45, "excluded_lines": 0, "percent_statements_covered": 74.43181818181819, "percent_statements_covered_display": "74"}, "missing_lines": [53, 54, 56, 59, 60, 62, 146, 147, 148, 153, 171, 172, 173, 195, 202, 214, 215, 229, 231, 233, 235, 260, 261, 284, 286, 287, 291, 293, 294, 296, 298, 301, 302, 304, 305, 308, 309, 310, 311, 312, 315, 327, 328, 330, 331], "excluded_lines": [], "functions": {"JournalFileHandler.__init__": {"executed_lines": [49], "summary": {"covered_lines": 1, "num_statements": 1, "percent_covered": 100.0, "percent_covered_display": "100", "missing_lines": 0, "excluded_lines": 0, "percent_statements_covered": 100.0, "percent_statements_covered_display": "100"}, "missing_lines": [], "excluded_lines": [], "start_line": 42}, "JournalFileHandler.on_modified": {"executed_lines": [], "summary": {"covered_lines": 0, "num_statements": 6, "percent_covered": 0.0, "percent_covered_display": "0", "missing_lines": 6, "excluded_lines": 0, "percent_statements_covered": 0.0, "percent_statements_covered_display": "0"}, "missing_lines": [53, 54, 56, 59, 60, 62], "excluded_lines": [], "start_line": 51}, "JournalParser.__init__": {"executed_lines": [82, 83, 84, 85, 86, 87, 88, 89], "summary": {"covered_lines": 8, "num_statements": 8, "percent_covered": 100.0, "percent_covered_display": "100", "missing_lines": 0, "excluded_lines": 0, "percent_statements_covered": 100.0, "percent_statements_covered_display": "100"}, "missing_lines": [], "excluded_lines": [], "start_line": 68}, "JournalParser.start": {"executed_lines": [93, 94, 95, 97, 99, 100, 101, 103, 106, 109], "summary": {"covered_lines": 10, "num_statements": 10, "percent_covered": 100.0, "percent_covered_display": "100", "missing_lines": 0, "excluded_lines": 0, "percent_statements_covered": 100.0, "percent_statements_covered_display": "100"}, "missing_lines": [], "excluded_lines": [], "start_line": 91}, "JournalParser.stop": {"executed_lines": [113, 114, 116, 117, 119, 120, 121, 122], "summary": {"covered_lines": 8, "num_statements": 8, "percent_covered": 100.0, "percent_covered_display": "100", "missing_lines": 0, "excluded_lines": 0, "percent_statements_covered": 100.0, "percent_statements_covered_display": "100"}, "missing_lines": [], "excluded_lines": [], "start_line": 111}, "JournalParser.get_latest_location": {"executed_lines": [126], "summary": {"covered_lines": 1, "num_statements": 1, "percent_covered": 100.0, "percent_covered_display": "100", "missing_lines": 0, "excluded_lines": 0, "percent_statements_covered": 100.0, "percent_statements_covered_display": "100"}, "missing_lines": [], "excluded_lines": [], "start_line": 124}, "JournalParser._init_mock_location": {"executed_lines": [130], "summary": {"covered_lines": 1, "num_statements": 1, "percent_covered": 100.0, "percent_covered_display": "100", "missing_lines": 0, "excluded_lines": 0, "percent_statements_covered": 100.0, "percent_statements_covered_display": "100"}, "missing_lines": [], "excluded_lines": [], "start_line": 128}, "JournalParser._start_watching": {"executed_lines": [140, 141, 142, 143, 144, 145], "summary": {"covered_lines": 6, "num_statements": 9, "percent_covered": 66.66666666666667, "percent_covered_display": "67", "missing_lines": 3, "excluded_lines": 0, "percent_statements_covered": 66.66666666666667, "percent_statements_covered_display": "67"}, "missing_lines": [146, 147, 148], "excluded_lines": [], "start_line": 138}, "JournalParser._scan_latest_journal": {"executed_lines": [152, 155, 157, 162, 163, 164, 165, 168, 169], "summary": {"covered_lines": 9, "num_statements": 13, "percent_covered": 69.23076923076923, "percent_covered_display": "69", "missing_lines": 4, "excluded_lines": 0, "percent_statements_covered": 69.23076923076923, "percent_statements_covered_display": "69"}, "missing_lines": [153, 171, 172, 173], "excluded_lines": [], "start_line": 150}, "JournalParser._parse_journal_file": {"executed_lines": [187, 188, 189, 191, 194, 197, 199, 201, 204, 205, 206, 207, 208, 209, 212], "summary": {"covered_lines": 15, "num_statements": 19, "percent_covered": 78.94736842105263, "percent_covered_display": "79", "missing_lines": 4, "excluded_lines": 0, "percent_statements_covered": 78.94736842105263, "percent_statements_covered_display": "79"}, "missing_lines": [195, 202, 214, 215], "excluded_lines": [], "start_line": 175}, "JournalParser._process_journal_entry": {"executed_lines": [224, 226, 227, 228, 230, 232, 234], "summary": {"covered_lines": 7, "num_statements": 11, "percent_covered": 63.63636363636363, "percent_covered_display": "64", "missing_lines": 4, "excluded_lines": 0, "percent_statements_covered": 63.63636363636363, "percent_statements_covered_display": "64"}, "missing_lines": [229, 231, 233, 235], "excluded_lines": [], "start_line": 217}, "JournalParser._handle_location_event": {"executed_lines": [239, 240, 241, 242, 244, 246, 254, 255, 257, 258], "summary": {"covered_lines": 10, "num_statements": 12, "percent_covered": 83.33333333333333, "percent_covered_display": "83", "missing_lines": 2, "excluded_lines": 0, "percent_statements_covered": 83.33333333333333, "percent_statements_covered_display": "83"}, "missing_lines": [260, 261], "excluded_lines": [], "start_line": 237}, "JournalParser._handle_fsd_jump_event": {"executed_lines": [265, 266, 267, 268, 270, 272, 280, 281, 283], "summary": {"covered_lines": 9, "num_statements": 12, "percent_covered": 75.0, "percent_covered_display": "75", "missing_lines": 3, "excluded_lines": 0, "percent_statements_covered": 75.0, "percent_statements_covered_display": "75"}, "missing_lines": [284, 286, 287], "excluded_lines": [], "start_line": 263}, "JournalParser._handle_uss_drop_event": {"executed_lines": [], "summary": {"covered_lines": 0, "num_statements": 19, "percent_covered": 0.0, "percent_covered_display": "0", "missing_lines": 19, "excluded_lines": 0, "percent_statements_covered": 0.0, "percent_statements_covered_display": "0"}, "missing_lines": [291, 293, 294, 296, 298, 301, 302, 304, 305, 308, 309, 310, 311, 312, 315, 327, 328, 330, 331], "excluded_lines": [], "start_line": 289}, "JournalParser._parse_timestamp": {"executed_lines": [344, 345, 346, 347, 348], "summary": {"covered_lines": 5, "num_statements": 5, "percent_covered": 100.0, "percent_covered_display": "100", "missing_lines": 0, "excluded_lines": 0, "percent_statements_covered": 100.0, "percent_statements_covered_display": "100"}, "missing_lines": [], "excluded_lines": [], "start_line": 334}, "": {"executed_lines": [3, 4, 5, 6, 7, 8, 9, 11, 12, 14, 16, 19, 20, 23, 24, 26, 27, 29, 30, 32, 33, 35, 36, 39, 42, 51, 65, 68, 91, 111, 124, 128, 138, 150, 175, 217, 237, 263, 289, 333, 334], "summary": {"covered_lines": 41, "num_statements": 41, "percent_covered": 100.0, "percent_covered_display": "100", "missing_lines": 0, "excluded_lines": 0, "percent_statements_covered": 100.0, "percent_statements_covered_display": "100"}, "missing_lines": [], "excluded_lines": [], "start_line": 1}}, "classes": {"CommanderLocation": {"executed_lines": [], "summary": {"covered_lines": 0, "num_statements": 0, "percent_covered": 100.0, "percent_covered_display": "100", "missing_lines": 0, "excluded_lines": 0, "percent_statements_covered": 100.0, "percent_statements_covered_display": "100"}, "missing_lines": [], "excluded_lines": [], "start_line": 20}, "JournalFileHandler": {"executed_lines": [49], "summary": {"covered_lines": 1, "num_statements": 7, "percent_covered": 14.285714285714286, "percent_covered_display": "14", "missing_lines": 6, "excluded_lines": 0, "percent_statements_covered": 14.285714285714286, "percent_statements_covered_display": "14"}, "missing_lines": [53, 54, 56, 59, 60, 62], "excluded_lines": [], "start_line": 39}, "JournalParser": {"executed_lines": [82, 83, 84, 85, 86, 87, 88, 89, 93, 94, 95, 97, 99, 100, 101, 103, 106, 109, 113, 114, 116, 117, 119, 120, 121, 122, 126, 130, 140, 141, 142, 143, 144, 145, 152, 155, 157, 162, 163, 164, 165, 168, 169, 187, 188, 189, 191, 194, 197, 199, 201, 204, 205, 206, 207, 208, 209, 212, 224, 226, 227, 228, 230, 232, 234, 239, 240, 241, 242, 244, 246, 254, 255, 257, 258, 265, 266, 267, 268, 270, 272, 280, 281, 283, 344, 345, 346, 347, 348], "summary": {"covered_lines": 89, "num_statements": 128, "percent_covered": 69.53125, "percent_covered_display": "70", "missing_lines": 39, "excluded_lines": 0, "percent_statements_covered": 69.53125, "percent_statements_covered_display": "70"}, "missing_lines": [146, 147, 148, 153, 171, 172, 173, 195, 202, 214, 215, 229, 231, 233, 235, 260, 261, 284, 286, 287, 291, 293, 294, 296, 298, 301, 302, 304, 305, 308, 309, 310, 311, 312, 315, 327, 328, 330, 331], "excluded_lines": [], "start_line": 65}, "": {"executed_lines": [3, 4, 5, 6, 7, 8, 9, 11, 12, 14, 16, 19, 20, 23, 24, 26, 27, 29, 30, 32, 33, 35, 36, 39, 42, 51, 65, 68, 91, 111, 124, 128, 138, 150, 175, 217, 237, 263, 289, 333, 334], "summary": {"covered_lines": 41, "num_statements": 41, "percent_covered": 100.0, "percent_covered_display": "100", "missing_lines": 0, "excluded_lines": 0, "percent_statements_covered": 100.0, "percent_statements_covered_display": "100"}, "missing_lines": [], "excluded_lines": [], "start_line": 1}}}, "src/materials.py": {"executed_lines": [37, 38, 39, 41, 44, 45, 48, 49, 51, 52, 54, 55, 57, 58, 61, 69, 84, 93, 102, 117, 126, 149, 164, 165, 184, 187, 188, 191, 192, 195, 196, 199, 200, 203, 204, 207, 208, 211, 212, 215, 216, 219, 229, 230, 231, 232, 233, 234, 236, 238, 239, 249], "summary": {"covered_lines": 52, "num_statements": 52, "percent_covered": 100.0, "percent_covered_display": "100", "missing_lines": 0, "excluded_lines": 0, "percent_statements_covered": 100.0, "percent_statements_covered_display": "100"}, "missing_lines": [], "excluded_lines": [], "functions": {"MaterialInference.infer_materials": {"executed_lines": [184, 187, 188, 191, 192, 195, 196, 199, 200, 203, 204, 207, 208, 211, 212, 215, 216, 219, 229, 230, 231, 232, 233, 234, 236], "summary": {"covered_lines": 25, "num_statements": 25, "percent_covered": 100.0, "percent_covered_display": "100", "missing_lines": 0, "excluded_lines": 0, "percent_statements_covered": 100.0, "percent_statements_covered_display": "100"}, "missing_lines": [], "excluded_lines": [], "start_line": 165}, "MaterialInference.format_materials": {"executed_lines": [249], "summary": {"covered_lines": 1, "num_statements": 1, "percent_covered": 100.0, "percent_covered_display": "100", "missing_lines": 0, "excluded_lines": 0, "percent_statements_covered": 100.0, "percent_statements_covered_display": "100"}, "missing_lines": [], "excluded_lines": [], "start_line": 239}, "": {"executed_lines": [37, 38, 39, 41, 44, 45, 48, 49, 51, 52, 54, 55, 57, 58, 61, 69, 84, 93, 102, 117, 126, 149, 164, 165, 238, 239], "summary": {"covered_lines": 26, "num_statements": 26, "percent_covered": 100.0, "percent_covered_display": "100", "missing_lines": 0, "excluded_lines": 0, "percent_statements_covered": 100.0, "percent_statements_covered_display": "100"}, "missing_lines": [], "excluded_lines": [], "start_line": 1}}, "classes": {"MaterialInfo": {"executed_lines": [], "summary": {"covered_lines": 0, "num_statements": 0, "percent_covered": 100.0, "percent_covered_display": "100", "missing_lines": 0, "excluded_lines": 0, "percent_statements_covered": 100.0, "percent_statements_covered_display": "100"}, "missing_lines": [], "excluded_lines": [], "start_line": 45}, "MaterialInference": {"executed_lines": [184, 187, 188, 191, 192, 195, 196, 199, 200, 203, 204, 207, 208, 211, 212, 215, 216, 219, 229, 230, 231, 232, 233, 234, 236, 249], "summary": {"covered_lines": 26, "num_statements": 26, "percent_covered": 100.0, "percent_covered_display": "100", "missing_lines": 0, "excluded_lines": 0, "percent_statements_covered": 100.0, "percent_statements_covered_display": "100"}, "missing_lines": [], "excluded_lines": [], "start_line": 61}, "": {"executed_lines": [37, 38, 39, 41, 44, 45, 48, 49, 51, 52, 54, 55, 57, 58, 61, 69, 84, 93, 102, 117, 126, 149, 164, 165, 238, 239], "summary": {"covered_lines": 26, "num_statements": 26, "percent_covered": 100.0, "percent_covered_display": "100", "missing_lines": 0, "excluded_lines": 0, "percent_statements_covered": 100.0, "percent_statements_covered_display": "100"}, "missing_lines": [], "excluded_lines": [], "start_line": 1}}}, "src/notifications/__init__.py": {"executed_lines": [3, 4, 5, 6, 8], "summary": {"covered_lines": 5, "num_statements": 5, "percent_covered": 100.0, "percent_covered_display": "100", "missing_lines": 0, "excluded_lines": 0, "percent_statements_covered": 100.0, "percent_statements_covered_display": "100"}, "missing_lines": [], "excluded_lines": [], "functions": {"": {"executed_lines": [3, 4, 5, 6, 8], "summary": {"covered_lines": 5, "num_statements": 5, "percent_covered": 100.0, "percent_covered_display": "100", "missing_lines": 0, "excluded_lines": 0, "percent_statements_covered": 100.0, "percent_statements_covered_display": "100"}, "missing_lines": [], "excluded_lines": [], "start_line": 1}}, "classes": {"": {"executed_lines": [3, 4, 5, 6, 8], "summary": {"covered_lines": 5, "num_statements": 5, "percent_covered": 100.0, "percent_covered_display": "100", "missing_lines": 0, "excluded_lines": 0, "percent_statements_covered": 100.0, "percent_statements_covered_display": "100"}, "missing_lines": [], "excluded_lines": [], "start_line": 1}}}, "src/notifications/discord.py": {"executed_lines": [3, 4, 5, 6, 8, 10, 13, 16, 19, 20, 22, 33, 34, 36, 37, 39, 58, 65, 67, 69, 78, 79, 81, 83, 85, 105, 106, 111, 114, 115, 116, 117, 121, 150, 152, 162, 164, 165, 166, 172, 173, 175, 177, 178, 179, 180, 182, 183, 184, 186, 197, 208, 209, 210, 211, 213], "summary": {"covered_lines": 56, "num_statements": 72, "percent_covered": 77.77777777777777, "percent_covered_display": "78", "missing_lines": 16, "excluded_lines": 0, "percent_statements_covered": 77.77777777777777, "percent_statements_covered_display": "78"}, "missing_lines": [108, 119, 187, 188, 190, 191, 192, 193, 195, 198, 199, 201, 202, 203, 204, 206], "excluded_lines": [], "functions": {"DiscordNotificationService.__init__": {"executed_lines": [33, 34, 36, 37], "summary": {"covered_lines": 4, "num_statements": 4, "percent_covered": 100.0, "percent_covered_display": "100", "missing_lines": 0, "excluded_lines": 0, "percent_statements_covered": 100.0, "percent_statements_covered_display": "100"}, "missing_lines": [], "excluded_lines": [], "start_line": 22}, "DiscordNotificationService.send_alert": {"executed_lines": [58, 65, 67, 69, 78, 79, 81, 83], "summary": {"covered_lines": 8, "num_statements": 8, "percent_covered": 100.0, "percent_covered_display": "100", "missing_lines": 0, "excluded_lines": 0, "percent_statements_covered": 100.0, "percent_statements_covered_display": "100"}, "missing_lines": [], "excluded_lines": [], "start_line": 39}, "DiscordNotificationService._build_embed": {"executed_lines": [105, 106, 111, 114, 115, 116, 117, 121, 150], "summary": {"covered_lines": 9, "num_statements": 11, "percent_covered": 81.81818181818181, "percent_covered_display": "82", "missing_lines": 2, "excluded_lines": 0, "percent_statements_covered": 81.81818181818181, "percent_statements_covered_display": "82"}, "missing_lines": [108, 119], "excluded_lines": [], "start_line": 85}, "DiscordNotificationService._send_with_retry": {"executed_lines": [162, 164, 165, 166, 172, 173, 175, 177, 178, 179, 180, 182, 183, 184, 186, 197, 208, 209, 210, 211, 213], "summary": {"covered_lines": 21, "num_statements": 35, "percent_covered": 60.0, "percent_covered_display": "60", "missing_lines": 14, "excluded_lines": 0, "percent_statements_covered": 60.0, "percent_statements_covered_display": "60"}, "missing_lines": [187, 188, 190, 191, 192, 193, 195, 198, 199, 201, 202, 203, 204, 206], "excluded_lines": [], "start_line": 152}, "": {"executed_lines": [3, 4, 5, 6, 8, 10, 13, 16, 19, 20, 22, 39, 85, 152], "summary": {"covered_lines": 14, "num_statements": 14, "percent_covered": 100.0, "percent_covered_display": "100", "missing_lines": 0, "excluded_lines": 0, "percent_statements_covered": 100.0, "percent_statements_covered_display": "100"}, "missing_lines": [], "excluded_lines": [], "start_line": 1}}, "classes": {"DiscordNotificationService": {"executed_lines": [33, 34, 36, 37, 58, 65, 67, 69, 78, 79, 81, 83, 105, 106, 111, 114, 115, 116, 117, 121, 150, 162, 164, 165, 166, 172, 173, 175, 177, 178, 179, 180, 182, 183, 184, 186, 197, 208, 209, 210, 211, 213], "summary": {"covered_lines": 42, "num_statements": 58, "percent_covered": 72.41379310344827, "percent_covered_display": "72", "missing_lines": 16, "excluded_lines": 0, "percent_statements_covered": 72.41379310344827, "percent_statements_covered_display": "72"}, "missing_lines": [108, 119, 187, 188, 190, 191, 192, 193, 195, 198, 199, 201, 202, 203, 204, 206], "excluded_lines": [], "start_line": 16}, "": {"executed_lines": [3, 4, 5, 6, 8, 10, 13, 16, 19, 20, 22, 39, 85, 152], "summary": {"covered_lines": 14, "num_statements": 14, "percent_covered": 100.0, "percent_covered_display": "100", "missing_lines": 0, "excluded_lines": 0, "percent_statements_covered": 100.0, "percent_statements_covered_display": "100"}, "missing_lines": [], "excluded_lines": [], "start_line": 1}}}, "src/notifications/in_app.py": {"executed_lines": [3, 4, 5, 7, 10, 13, 16, 23, 24, 26, 33, 36, 37, 38, 40, 50, 52, 54, 56, 58, 59, 60, 62, 69, 74, 79, 85, 93, 103, 105, 107], "summary": {"covered_lines": 31, "num_statements": 31, "percent_covered": 100.0, "percent_covered_display": "100", "missing_lines": 0, "excluded_lines": 0, "percent_statements_covered": 100.0, "percent_statements_covered_display": "100"}, "missing_lines": [], "excluded_lines": [], "functions": {"InAppNotificationSystem.__init__": {"executed_lines": [23, 24], "summary": {"covered_lines": 2, "num_statements": 2, "percent_covered": 100.0, "percent_covered_display": "100", "missing_lines": 0, "excluded_lines": 0, "percent_statements_covered": 100.0, "percent_statements_covered_display": "100"}, "missing_lines": [], "excluded_lines": [], "start_line": 16}, "InAppNotificationSystem.add_notification": {"executed_lines": [33, 36, 37, 38], "summary": {"covered_lines": 4, "num_statements": 4, "percent_covered": 100.0, "percent_covered_display": "100", "missing_lines": 0, "excluded_lines": 0, "percent_statements_covered": 100.0, "percent_statements_covered_display": "100"}, "missing_lines": [], "excluded_lines": [], "start_line": 26}, "InAppNotificationSystem.get_recent": {"executed_lines": [50], "summary": {"covered_lines": 1, "num_statements": 1, "percent_covered": 100.0, "percent_covered_display": "100", "missing_lines": 0, "excluded_lines": 0, "percent_statements_covered": 100.0, "percent_statements_covered_display": "100"}, "missing_lines": [], "excluded_lines": [], "start_line": 40}, "InAppNotificationSystem.get_all": {"executed_lines": [54], "summary": {"covered_lines": 1, "num_statements": 1, "percent_covered": 100.0, "percent_covered_display": "100", "missing_lines": 0, "excluded_lines": 0, "percent_statements_covered": 100.0, "percent_statements_covered_display": "100"}, "missing_lines": [], "excluded_lines": [], "start_line": 52}, "InAppNotificationSystem.clear_history": {"executed_lines": [58, 59, 60], "summary": {"covered_lines": 3, "num_statements": 3, "percent_covered": 100.0, "percent_covered_display": "100", "missing_lines": 0, "excluded_lines": 0, "percent_statements_covered": 100.0, "percent_statements_covered_display": "100"}, "missing_lines": [], "excluded_lines": [], "start_line": 56}, "InAppNotificationSystem.get_stats": {"executed_lines": [69, 74, 79, 85], "summary": {"covered_lines": 4, "num_statements": 4, "percent_covered": 100.0, "percent_covered_display": "100", "missing_lines": 0, "excluded_lines": 0, "percent_statements_covered": 100.0, "percent_statements_covered_display": "100"}, "missing_lines": [], "excluded_lines": [], "start_line": 62}, "InAppNotificationSystem.get_by_system": {"executed_lines": [103], "summary": {"covered_lines": 1, "num_statements": 1, "percent_covered": 100.0, "percent_covered_display": "100", "missing_lines": 0, "excluded_lines": 0, "percent_statements_covered": 100.0, "percent_statements_covered_display": "100"}, "missing_lines": [], "excluded_lines": [], "start_line": 93}, "InAppNotificationSystem.get_failed_notifications": {"executed_lines": [107], "summary": {"covered_lines": 1, "num_statements": 1, "percent_covered": 100.0, "percent_covered_display": "100", "missing_lines": 0, "excluded_lines": 0, "percent_statements_covered": 100.0, "percent_statements_covered_display": "100"}, "missing_lines": [], "excluded_lines": [], "start_line": 105}, "": {"executed_lines": [3, 4, 5, 7, 10, 13, 16, 26, 40, 52, 56, 62, 93, 105], "summary": {"covered_lines": 14, "num_statements": 14, "percent_covered": 100.0, "percent_covered_display": "100", "missing_lines": 0, "excluded_lines": 0, "percent_statements_covered": 100.0, "percent_statements_covered_display": "100"}, "missing_lines": [], "excluded_lines": [], "start_line": 1}}, "classes": {"InAppNotificationSystem": {"executed_lines": [23, 24, 33, 36, 37, 38, 50, 54, 58, 59, 60, 69, 74, 79, 85, 103, 107], "summary": {"covered_lines": 17, "num_statements": 17, "percent_covered": 100.0, "percent_covered_display": "100", "missing_lines": 0, "excluded_lines": 0, "percent_statements_covered": 100.0, "percent_statements_covered_display": "100"}, "missing_lines": [], "excluded_lines": [], "start_line": 13}, "": {"executed_lines": [3, 4, 5, 7, 10, 13, 16, 26, 40, 52, 56, 62, 93, 105], "summary": {"covered_lines": 14, "num_statements": 14, "percent_covered": 100.0, "percent_covered_display": "100", "missing_lines": 0, "excluded_lines": 0, "percent_statements_covered": 100.0, "percent_statements_covered_display": "100"}, "missing_lines": [], "excluded_lines": [], "start_line": 1}}}, "src/notifications/manager.py": {"executed_lines": [3, 4, 5, 6, 8, 9, 10, 12, 13, 14, 17, 20, 23, 37, 38, 39, 40, 41, 42, 43, 45, 46, 47, 48, 49, 51, 67, 72, 73, 74, 77, 78, 81, 82, 83, 86, 90, 101, 102, 103, 105, 106, 109, 111, 112, 113, 116, 118, 119, 121, 128, 129, 131, 132, 133, 135, 137, 154, 157, 160, 161, 162, 168, 173, 180, 181, 183, 188, 190, 192, 194, 196, 198], "summary": {"covered_lines": 73, "num_statements": 76, "percent_covered": 96.05263157894737, "percent_covered_display": "96", "missing_lines": 3, "excluded_lines": 0, "percent_statements_covered": 96.05263157894737, "percent_statements_covered_display": "96"}, "missing_lines": [169, 170, 200], "excluded_lines": [], "functions": {"NotificationManager.__init__": {"executed_lines": [37, 38, 39, 40, 41, 42, 43, 45, 46, 47, 48, 49], "summary": {"covered_lines": 12, "num_statements": 12, "percent_covered": 100.0, "percent_covered_display": "100", "missing_lines": 0, "excluded_lines": 0, "percent_statements_covered": 100.0, "percent_statements_covered_display": "100"}, "missing_lines": [], "excluded_lines": [], "start_line": 23}, "NotificationManager.check_and_notify": {"executed_lines": [67, 72, 73, 74, 77, 78, 81, 82, 83, 86], "summary": {"covered_lines": 10, "num_statements": 10, "percent_covered": 100.0, "percent_covered_display": "100", "missing_lines": 0, "excluded_lines": 0, "percent_statements_covered": 100.0, "percent_statements_covered_display": "100"}, "missing_lines": [], "excluded_lines": [], "start_line": 51}, "NotificationManager._meets_threshold": {"executed_lines": [101, 102, 103, 105, 106, 109, 111, 112, 113, 116, 118, 119], "summary": {"covered_lines": 12, "num_statements": 12, "percent_covered": 100.0, "percent_covered_display": "100", "missing_lines": 0, "excluded_lines": 0, "percent_statements_covered": 100.0, "percent_statements_covered_display": "100"}, "missing_lines": [], "excluded_lines": [], "start_line": 90}, "NotificationManager._check_cooldown": {"executed_lines": [128, 129, 131, 132, 133, 135], "summary": {"covered_lines": 6, "num_statements": 6, "percent_covered": 100.0, "percent_covered_display": "100", "missing_lines": 0, "excluded_lines": 0, "percent_statements_covered": 100.0, "percent_statements_covered_display": "100"}, "missing_lines": [], "excluded_lines": [], "start_line": 121}, "NotificationManager._send_notifications": {"executed_lines": [154, 157, 160, 161, 162, 168, 173, 180, 181, 183, 188], "summary": {"covered_lines": 11, "num_statements": 13, "percent_covered": 84.61538461538461, "percent_covered_display": "85", "missing_lines": 2, "excluded_lines": 0, "percent_statements_covered": 84.61538461538461, "percent_statements_covered_display": "85"}, "missing_lines": [169, 170], "excluded_lines": [], "start_line": 137}, "NotificationManager.get_notification_history": {"executed_lines": [192], "summary": {"covered_lines": 1, "num_statements": 1, "percent_covered": 100.0, "percent_covered_display": "100", "missing_lines": 0, "excluded_lines": 0, "percent_statements_covered": 100.0, "percent_statements_covered_display": "100"}, "missing_lines": [], "excluded_lines": [], "start_line": 190}, "NotificationManager.get_stats": {"executed_lines": [196], "summary": {"covered_lines": 1, "num_statements": 1, "percent_covered": 100.0, "percent_covered_display": "100", "missing_lines": 0, "excluded_lines": 0, "percent_statements_covered": 100.0, "percent_statements_covered_display": "100"}, "missing_lines": [], "excluded_lines": [], "start_line": 194}, "NotificationManager.clear_history": {"executed_lines": [], "summary": {"covered_lines": 0, "num_statements": 1, "percent_covered": 0.0, "percent_covered_display": "0", "missing_lines": 1, "excluded_lines": 0, "percent_statements_covered": 0.0, "percent_statements_covered_display": "0"}, "missing_lines": [200], "excluded_lines": [], "start_line": 198}, "": {"executed_lines": [3, 4, 5, 6, 8, 9, 10, 12, 13, 14, 17, 20, 23, 51, 90, 121, 137, 190, 194, 198], "summary": {"covered_lines": 20, "num_statements": 20, "percent_covered": 100.0, "percent_covered_display": "100", "missing_lines": 0, "excluded_lines": 0, "percent_statements_covered": 100.0, "percent_statements_covered_display": "100"}, "missing_lines": [], "excluded_lines": [], "start_line": 1}}, "classes": {"NotificationManager": {"executed_lines": [37, 38, 39, 40, 41, 42, 43, 45, 46, 47, 48, 49, 67, 72, 73, 74, 77, 78, 81, 82, 83, 86, 101, 102, 103, 105, 106, 109, 111, 112, 113, 116, 118, 119, 128, 129, 131, 132, 133, 135, 154, 157, 160, 161, 162, 168, 173, 180, 181, 183, 188, 192, 196], "summary": {"covered_lines": 53, "num_statements": 56, "percent_covered": 94.64285714285714, "percent_covered_display": "95", "missing_lines": 3, "excluded_lines": 0, "percent_statements_covered": 94.64285714285714, "percent_statements_covered_display": "95"}, "missing_lines": [169, 170, 200], "excluded_lines": [], "start_line": 20}, "": {"executed_lines": [3, 4, 5, 6, 8, 9, 10, 12, 13, 14, 17, 20, 23, 51, 90, 121, 137, 190, 194, 198], "summary": {"covered_lines": 20, "num_statements": 20, "percent_covered": 100.0, "percent_covered_display": "100", "missing_lines": 0, "excluded_lines": 0, "percent_statements_covered": 100.0, "percent_statements_covered_display": "100"}, "missing_lines": [], "excluded_lines": [], "start_line": 1}}}, "src/notifications/models.py": {"executed_lines": [3, 4, 5, 8, 9, 12, 13, 15, 16, 18, 19, 21, 23, 24, 25, 26, 29, 30, 33, 34, 36, 37, 39, 40, 42, 43, 45, 46, 48, 49, 51, 53, 54, 55, 56], "summary": {"covered_lines": 35, "num_statements": 35, "percent_covered": 100.0, "percent_covered_display": "100", "missing_lines": 0, "excluded_lines": 0, "percent_statements_covered": 100.0, "percent_statements_covered_display": "100"}, "missing_lines": [], "excluded_lines": [], "functions": {"Alert.__post_init__": {"executed_lines": [23, 24, 25, 26], "summary": {"covered_lines": 4, "num_statements": 4, "percent_covered": 100.0, "percent_covered_display": "100", "missing_lines": 0, "excluded_lines": 0, "percent_statements_covered": 100.0, "percent_statements_covered_display": "100"}, "missing_lines": [], "excluded_lines": [], "start_line": 21}, "Notification.__post_init__": {"executed_lines": [53, 54, 55, 56], "summary": {"covered_lines": 4, "num_statements": 4, "percent_covered": 100.0, "percent_covered_display": "100", "missing_lines": 0, "excluded_lines": 0, "percent_statements_covered": 100.0, "percent_statements_covered_display": "100"}, "missing_lines": [], "excluded_lines": [], "start_line": 51}, "": {"executed_lines": [3, 4, 5, 8, 9, 12, 13, 15, 16, 18, 19, 21, 29, 30, 33, 34, 36, 37, 39, 40, 42, 43, 45, 46, 48, 49, 51], "summary": {"covered_lines": 27, "num_statements": 27, "percent_covered": 100.0, "percent_covered_display": "100", "missing_lines": 0, "excluded_lines": 0, "percent_statements_covered": 100.0, "percent_statements_covered_display": "100"}, "missing_lines": [], "excluded_lines": [], "start_line": 1}}, "classes": {"Alert": {"executed_lines": [23, 24, 25, 26], "summary": {"covered_lines": 4, "num_statements": 4, "percent_covered": 100.0, "percent_covered_display": "100", "missing_lines": 0, "excluded_lines": 0, "percent_statements_covered": 100.0, "percent_statements_covered_display": "100"}, "missing_lines": [], "excluded_lines": [], "start_line": 9}, "Notification": {"executed_lines": [53, 54, 55, 56], "summary": {"covered_lines": 4, "num_statements": 4, "percent_covered": 100.0, "percent_covered_display": "100", "missing_lines": 0, "excluded_lines": 0, "percent_statements_covered": 100.0, "percent_statements_covered_display": "100"}, "missing_lines": [], "excluded_lines": [], "start_line": 30}, "": {"executed_lines": [3, 4, 5, 8, 9, 12, 13, 15, 16, 18, 19, 21, 29, 30, 33, 34, 36, 37, 39, 40, 42, 43, 45, 46, 48, 49, 51], "summary": {"covered_lines": 27, "num_statements": 27, "percent_covered": 100.0, "percent_covered_display": "100", "missing_lines": 0, "excluded_lines": 0, "percent_statements_covered": 100.0, "percent_statements_covered_display": "100"}, "missing_lines": [], "excluded_lines": [], "start_line": 1}}}, "src/signals/__init__.py": {"executed_lines": [8, 10], "summary": {"covered_lines": 2, "num_statements": 2, "percent_covered": 100.0, "percent_covered_display": "100", "missing_lines": 0, "excluded_lines": 0, "percent_statements_covered": 100.0, "percent_statements_covered_display": "100"}, "missing_lines": [], "excluded_lines": [], "functions": {"": {"executed_lines": [8, 10], "summary": {"covered_lines": 2, "num_statements": 2, "percent_covered": 100.0, "percent_covered_display": "100", "missing_lines": 0, "excluded_lines": 0, "percent_statements_covered": 100.0, "percent_statements_covered_display": "100"}, "missing_lines": [], "excluded_lines": [], "start_line": 1}}, "classes": {"": {"executed_lines": [8, 10], "summary": {"covered_lines": 2, "num_statements": 2, "percent_covered": 100.0, "percent_covered_display": "100", "missing_lines": 0, "excluded_lines": 0, "percent_statements_covered": 100.0, "percent_statements_covered_display": "100"}, "missing_lines": [], "excluded_lines": [], "start_line": 1}}}, "src/signals/merger.py": {"executed_lines": [7, 8, 9, 11, 12, 13, 15, 18, 36, 38, 39, 40, 42, 62, 63, 66, 67, 68, 84, 86, 88, 91, 92, 93, 94, 95, 96, 99, 100, 101, 102, 105, 109, 116, 117, 120, 124, 129, 131, 146, 147, 149, 150, 151, 153, 154, 155, 156, 161, 163, 184, 187, 190, 191, 192, 193, 194, 195, 197, 203, 204, 206, 208, 220, 222, 238, 245, 250, 252, 261, 262, 263, 265, 267, 277, 279, 286, 291, 292, 293], "summary": {"covered_lines": 80, "num_statements": 81, "percent_covered": 98.76543209876543, "percent_covered_display": "99", "missing_lines": 1, "excluded_lines": 0, "percent_statements_covered": 98.76543209876543, "percent_statements_covered_display": "99"}, "missing_lines": [106], "excluded_lines": [], "functions": {"SimpleSignalMerger.__init__": {"executed_lines": [38, 39, 40], "summary": {"covered_lines": 3, "num_statements": 3, "percent_covered": 100.0, "percent_covered_display": "100", "missing_lines": 0, "excluded_lines": 0, "percent_statements_covered": 100.0, "percent_statements_covered_display": "100"}, "missing_lines": [], "excluded_lines": [], "start_line": 36}, "SimpleSignalMerger.process_new_signal": {"executed_lines": [62, 63, 66, 67, 68, 84, 86, 88, 91, 92, 93, 94, 95, 96, 99, 100, 101, 102, 105, 109, 116, 117, 120, 124, 129], "summary": {"covered_lines": 25, "num_statements": 26, "percent_covered": 96.15384615384616, "percent_covered_display": "96", "missing_lines": 1, "excluded_lines": 0, "percent_statements_covered": 96.15384615384616, "percent_statements_covered_display": "96"}, "missing_lines": [106], "excluded_lines": [], "start_line": 42}, "SimpleSignalMerger.cleanup_expired_signals": {"executed_lines": [146, 147, 149, 150, 151, 153, 154, 155, 156, 161], "summary": {"covered_lines": 10, "num_statements": 10, "percent_covered": 100.0, "percent_covered_display": "100", "missing_lines": 0, "excluded_lines": 0, "percent_statements_covered": 100.0, "percent_statements_covered_display": "100"}, "missing_lines": [], "excluded_lines": [], "start_line": 131}, "SimpleSignalMerger.get_active_systems": {"executed_lines": [184, 187, 190, 191, 192, 193, 194, 195, 197, 203, 204, 206], "summary": {"covered_lines": 12, "num_statements": 12, "percent_covered": 100.0, "percent_covered_display": "100", "missing_lines": 0, "excluded_lines": 0, "percent_statements_covered": 100.0, "percent_statements_covered_display": "100"}, "miss
[...]
39, 440, 457, 458, 459, 460, 461, 462, 464, 2813, 2814, 2815, 2816, 2818, 2819, 2821, 2822, 2824, 2825, 2828, 2831, 2833, 2834, 2836, 2838, 2839, 2840], "excluded_lines": [], "functions": {"create_app": {"executed_lines": [22, 23, 25, 28, 29, 31, 32, 36, 37, 41, 42, 48, 49, 55, 56, 60, 61, 65, 66, 92, 93, 102, 103, 133, 134, 161, 162, 175, 176, 190, 191, 242, 243, 263, 264, 335, 336, 392, 393, 442, 443, 482, 483, 487, 488, 492], "summary": {"covered_lines": 46, "num_statements": 46, "percent_covered": 100.0, "percent_covered_display": "100", "missing_lines": 0, "excluded_lines": 0, "percent_statements_covered": 100.0, "percent_statements_covered_display": "100"}, "missing_lines": [], "excluded_lines": [], "start_line": 12}, "create_app.connect": {"executed_lines": [], "summary": {"covered_lines": 0, "num_statements": 1, "percent_covered": 0.0, "percent_covered_display": "0", "missing_lines": 1, "excluded_lines": 0, "percent_statements_covered": 0.0, "percent_statements_covered_display": "0"}, "missing_lines": [34], "excluded_lines": [], "start_line": 32}, "create_app.disconnect": {"executed_lines": [], "summary": {"covered_lines": 0, "num_statements": 1, "percent_covered": 0.0, "percent_covered_display": "0", "missing_lines": 1, "excluded_lines": 0, "percent_statements_covered": 0.0, "percent_statements_covered_display": "0"}, "missing_lines": [39], "excluded_lines": [], "start_line": 37}, "create_app.subscribe": {"executed_lines": [], "summary": {"covered_lines": 0, "num_statements": 3, "percent_covered": 0.0, "percent_covered_display": "0", "missing_lines": 3, "excluded_lines": 0, "percent_statements_covered": 0.0, "percent_statements_covered_display": "0"}, "missing_lines": [44, 45, 46], "excluded_lines": [], "start_line": 42}, "create_app.unsubscribe": {"executed_lines": [], "summary": {"covered_lines": 0, "num_statements": 3, "percent_covered": 0.0, "percent_covered_display": "0", "missing_lines": 3, "excluded_lines": 0, "percent_statements_covered": 0.0, "percent_statements_covered_display": "0"}, "missing_lines": [51, 52, 53], "excluded_lines": [], "start_line": 49}, "create_app.index": {"executed_lines": [58], "summary": {"covered_lines": 1, "num_statements": 1, "percent_covered": 100.0, "percent_covered_display": "100", "missing_lines": 0, "excluded_lines": 0, "percent_statements_covered": 100.0, "percent_statements_covered_display": "100"}, "missing_lines": [], "excluded_lines": [], "start_line": 56}, "create_app.api_status": {"executed_lines": [63], "summary": {"covered_lines": 1, "num_statements": 1, "percent_covered": 100.0, "percent_covered_display": "100", "missing_lines": 0, "excluded_lines": 0, "percent_statements_covered": 100.0, "percent_statements_covered_display": "100"}, "missing_lines": [], "excluded_lines": [], "start_line": 61}, "create_app.api_materials": {"executed_lines": [68, 69, 70, 71, 72, 74, 75, 88, 89, 90], "summary": {"covered_lines": 10, "num_statements": 11, "percent_covered": 90.9090909090909, "percent_covered_display": "91", "missing_lines": 1, "excluded_lines": 0, "percent_statements_covered": 90.9090909090909, "percent_statements_covered_display": "91"}, "missing_lines": [87], "excluded_lines": [], "start_line": 66}, "create_app.api_refresh": {"executed_lines": [95, 96, 97, 98, 99, 100], "summary": {"covered_lines": 6, "num_statements": 6, "percent_covered": 100.0, "percent_covered_display": "100", "missing_lines": 0, "excluded_lines": 0, "percent_statements_covered": 100.0, "percent_statements_covered_display": "100"}, "missing_lines": [], "excluded_lines": [], "start_line": 93}, "create_app.api_notifications": {"executed_lines": [105, 107, 108, 113, 114, 115, 129, 130, 131], "summary": {"covered_lines": 9, "num_statements": 9, "percent_covered": 100.0, "percent_covered_display": "100", "missing_lines": 0, "excluded_lines": 0, "percent_statements_covered": 100.0, "percent_statements_covered_display": "100"}, "missing_lines": [], "excluded_lines": [], "start_line": 103}, "create_app.api_notifications_stats": {"executed_lines": [136, 138, 139, 148, 149, 157, 158, 159], "summary": {"covered_lines": 8, "num_statements": 8, "percent_covered": 100.0, "percent_covered_display": "100", "missing_lines": 0, "excluded_lines": 0, "percent_statements_covered": 100.0, "percent_statements_covered_display": "100"}, "missing_lines": [], "excluded_lines": [], "start_line": 134}, "create_app.api_notifications_clear": {"executed_lines": [164, 166, 167, 169, 170, 171, 172, 173], "summary": {"covered_lines": 8, "num_statements": 8, "percent_covered": 100.0, "percent_covered_display": "100", "missing_lines": 0, "excluded_lines": 0, "percent_statements_covered": 100.0, "percent_statements_covered_display": "100"}, "missing_lines": [], "excluded_lines": [], "start_line": 162}, "create_app.api_timeline": {"executed_lines": [178, 179, 180, 182, 186, 187, 188], "summary": {"covered_lines": 7, "num_statements": 7, "percent_covered": 100.0, "percent_covered_display": "100", "missing_lines": 0, "excluded_lines": 0, "percent_statements_covered": 100.0, "percent_statements_covered_display": "100"}, "missing_lines": [], "excluded_lines": [], "start_line": 176}, "create_app.api_timeline_summary": {"executed_lines": [193, 194, 196, 197, 208, 209, 210, 211, 212, 213, 214, 215, 218, 219, 224, 225, 226, 228, 238, 239, 240], "summary": {"covered_lines": 21, "num_statements": 23, "percent_covered": 91.30434782608695, "percent_covered_display": "91", "missing_lines": 2, "excluded_lines": 0, "percent_statements_covered": 91.30434782608695, "percent_statements_covered_display": "91"}, "missing_lines": [220, 221], "excluded_lines": [], "start_line": 191}, "create_app.api_timeline_trends": {"executed_lines": [245, 246, 248, 249, 250, 255, 259, 260, 261], "summary": {"covered_lines": 9, "num_statements": 9, "percent_covered": 100.0, "percent_covered_display": "100", "missing_lines": 0, "excluded_lines": 0, "percent_statements_covered": 100.0, "percent_statements_covered_display": "100"}, "missing_lines": [], "excluded_lines": [], "start_line": 243}, "create_app.api_systems": {"executed_lines": [275, 276, 277, 278, 281, 282, 283, 286, 287, 290, 291, 297, 298, 299, 301, 302, 305, 318, 321, 322, 324, 331, 332, 333], "summary": {"covered_lines": 24, "num_statements": 30, "percent_covered": 80.0, "percent_covered_display": "80", "missing_lines": 6, "excluded_lines": 0, "percent_statements_covered": 80.0, "percent_statements_covered_display": "80"}, "missing_lines": [306, 307, 313, 314, 315, 316], "excluded_lines": [], "start_line": 264}, "create_app.api_system_detail": {"executed_lines": [345, 346, 348, 349, 354, 357, 358, 360, 374, 384, 388, 389, 390], "summary": {"covered_lines": 13, "num_statements": 19, "percent_covered": 68.42105263157895, "percent_covered_display": "68", "missing_lines": 6, "excluded_lines": 0, "percent_statements_covered": 68.42105263157895, "percent_statements_covered_display": "68"}, "missing_lines": [361, 362, 368, 369, 370, 371], "excluded_lines": [], "start_line": 336}, "create_app.api_systems_by_material": {"executed_lines": [402, 403, 406, 409, 410, 411, 413, 432], "summary": {"covered_lines": 8, "num_statements": 20, "percent_covered": 40.0, "percent_covered_display": "40", "missing_lines": 12, "excluded_lines": 0, "percent_statements_covered": 40.0, "percent_statements_covered_display": "40"}, "missing_lines": [414, 417, 418, 419, 425, 426, 427, 428, 430, 438, 439, 440], "excluded_lines": [], "start_line": 393}, "create_app.api_all_materials": {"executed_lines": [449, 450, 451, 454, 455, 471, 473, 478, 479, 480], "summary": {"covered_lines": 10, "num_statements": 17, "percent_covered": 58.8235294117647, "percent_covered_display": "59", "missing_lines": 7, "excluded_lines": 0, "percent_statements_covered": 58.8235294117647, "percent_statements_covered_display": "59"}, "missing_lines": [457, 458, 459, 460, 461, 462, 464], "excluded_lines": [], "start_line": 443}, "create_app.timeline_page": {"executed_lines": [485], "summary": {"covered_lines": 1, "num_statements": 1, "percent_covered": 100.0, "percent_covered_display": "100", "missing_lines": 0, "excluded_lines": 0, "percent_statements_covered": 100.0, "percent_statements_covered_display": "100"}, "missing_lines": [], "excluded_lines": [], "start_line": 483}, "create_app.notifications_page": {"executed_lines": [490], "summary": {"covered_lines": 1, "num_statements": 1, "percent_covered": 100.0, "percent_covered_display": "100", "missing_lines": 0, "excluded_lines": 0, "percent_statements_covered": 100.0, "percent_statements_covered_display": "100"}, "missing_lines": [], "excluded_lines": [], "start_line": 488}, "run_server": {"executed_lines": [], "summary": {"covered_lines": 0, "num_statements": 18, "percent_covered": 0.0, "percent_covered_display": "0", "missing_lines": 18, "excluded_lines": 0, "percent_statements_covered": 0.0, "percent_statements_covered_display": "0"}, "missing_lines": [2813, 2814, 2815, 2816, 2818, 2819, 2821, 2822, 2824, 2825, 2828, 2831, 2833, 2834, 2836, 2838, 2839, 2840], "excluded_lines": [], "start_line": 2796}, "": {"executed_lines": [3, 4, 5, 6, 8, 9, 12, 495, 1577, 2214, 2796], "summary": {"covered_lines": 11, "num_statements": 11, "percent_covered": 100.0, "percent_covered_display": "100", "missing_lines": 0, "excluded_lines": 0, "percent_statements_covered": 100.0, "percent_statements_covered_display": "100"}, "missing_lines": [], "excluded_lines": [], "start_line": 1}}, "classes": {"": {"executed_lines": [3, 4, 5, 6, 8, 9, 12, 22, 23, 25, 28, 29, 31, 32, 36, 37, 41, 42, 48, 49, 55, 56, 58, 60, 61, 63, 65, 66, 68, 69, 70, 71, 72, 74, 75, 88, 89, 90, 92, 93, 95, 96, 97, 98, 99, 100, 102, 103, 105, 107, 108, 113, 114, 115, 129, 130, 131, 133, 134, 136, 138, 139, 148, 149, 157, 158, 159, 161, 162, 164, 166, 167, 169, 170, 171, 172, 173, 175, 176, 178, 179, 180, 182, 186, 187, 188, 190, 191, 193, 194, 196, 197, 208, 209, 210, 211, 212, 213, 214, 215, 218, 219, 224, 225, 226, 228, 238, 239, 240, 242, 243, 245, 246, 248, 249, 250, 255, 259, 260, 261, 263, 264, 275, 276, 277, 278, 281, 282, 283, 286, 287, 290, 291, 297, 298, 299, 301, 302, 305, 318, 321, 322, 324, 331, 332, 333, 335, 336, 345, 346, 348, 349, 354, 357, 358, 360, 374, 384, 388, 389, 390, 392, 393, 402, 403, 406, 409, 410, 411, 413, 432, 442, 443, 449, 450, 451, 454, 455, 471, 473, 478, 479, 480, 482, 483, 485, 487, 488, 490, 492, 495, 1577, 2214, 2796], "summary": {"covered_lines": 194, "num_statements": 254, "percent_covered": 76.37795275590551, "percent_covered_display": "76", "missing_lines": 60, "excluded_lines": 0, "percent_statements_covered": 76.37795275590551, "percent_statements_covered_display": "76"}, "missing_lines": [34, 39, 44, 45, 46, 51, 52, 53, 87, 220, 221, 306, 307, 313, 314, 315, 316, 361, 362, 368, 369, 370, 371, 414, 417, 418, 419, 425, 426, 427, 428, 430, 438, 439, 440, 457, 458, 459, 460, 461, 462, 464, 2813, 2814, 2815, 2816, 2818, 2819, 2821, 2822, 2824, 2825, 2828, 2831, 2833, 2834, 2836, 2838, 2839, 2840], "excluded_lines": [], "start_line": 1}}}, "src/web/websocket.py": {"executed_lines": [3, 4, 6, 7, 9, 12, 15, 21, 22, 23, 24, 31, 37, 47, 48, 49, 50, 52, 53, 55, 62, 63, 65, 71, 72, 73, 75, 82, 83, 84, 86, 87, 88, 89, 90, 92, 99, 100, 101, 103, 104, 105, 106, 107, 109, 115, 116, 118, 119, 121, 122, 123, 124, 125, 127, 133, 134, 136, 137, 139, 140, 141, 145, 151, 152, 154, 155, 157, 158, 159, 163, 169, 170, 172, 173, 175, 176, 177, 181, 203, 218, 224, 226, 235, 237, 243, 245, 247, 248, 249, 250], "summary": {"covered_lines": 91, "num_statements": 110, "percent_covered": 82.72727272727273, "percent_covered_display": "83", "missing_lines": 19, "excluded_lines": 0, "percent_statements_covered": 82.72727272727273, "percent_statements_covered_display": "83"}, "missing_lines": [142, 143, 160, 161, 178, 179, 190, 191, 194, 195, 197, 198, 199, 200, 201, 212, 213, 215, 216], "excluded_lines": [], "functions": {"WebSocketManager.__init__": {"executed_lines": [21, 22, 23, 24], "summary": {"covered_lines": 4, "num_statements": 4, "percent_covered": 100.0, "percent_covered_display": "100", "missing_lines": 0, "excluded_lines": 0, "percent_statements_covered": 100.0, "percent_statements_covered_display": "100"}, "missing_lines": [], "excluded_lines": [], "start_line": 15}, "WebSocketManager.initialize": {"executed_lines": [37, 47, 48, 49, 50, 52, 53], "summary": {"covered_lines": 7, "num_statements": 7, "percent_covered": 100.0, "percent_covered_display": "100", "missing_lines": 0, "excluded_lines": 0, "percent_statements_covered": 100.0, "percent_statements_covered_display": "100"}, "missing_lines": [], "excluded_lines": [], "start_line": 31}, "WebSocketManager._on_connect": {"executed_lines": [62, 63], "summary": {"covered_lines": 2, "num_statements": 2, "percent_covered": 100.0, "percent_covered_display": "100", "missing_lines": 0, "excluded_lines": 0, "percent_statements_covered": 100.0, "percent_statements_covered_display": "100"}, "missing_lines": [], "excluded_lines": [], "start_line": 55}, "WebSocketManager._on_disconnect": {"executed_lines": [71, 72, 73], "summary": {"covered_lines": 3, "num_statements": 3, "percent_covered": 100.0, "percent_covered_display": "100", "missing_lines": 0, "excluded_lines": 0, "percent_statements_covered": 100.0, "percent_statements_covered_display": "100"}, "missing_lines": [], "excluded_lines": [], "start_line": 65}, "WebSocketManager._on_subscribe": {"executed_lines": [82, 83, 84, 86, 87, 88, 89, 90], "summary": {"covered_lines": 8, "num_statements": 8, "percent_covered": 100.0, "percent_covered_display": "100", "missing_lines": 0, "excluded_lines": 0, "percent_statements_covered": 100.0, "percent_statements_covered_display": "100"}, "missing_lines": [], "excluded_lines": [], "start_line": 75}, "WebSocketManager._on_unsubscribe": {"executed_lines": [99, 100, 101, 103, 104, 105, 106, 107], "summary": {"covered_lines": 8, "num_statements": 8, "percent_covered": 100.0, "percent_covered_display": "100", "missing_lines": 0, "excluded_lines": 0, "percent_statements_covered": 100.0, "percent_statements_covered_display": "100"}, "missing_lines": [], "excluded_lines": [], "start_line": 92}, "WebSocketManager.emit_hge_signal": {"executed_lines": [115, 116, 118, 119, 121, 122, 123, 124, 125], "summary": {"covered_lines": 9, "num_statements": 9, "percent_covered": 100.0, "percent_covered_display": "100", "missing_lines": 0, "excluded_lines": 0, "percent_statements_covered": 100.0, "percent_statements_covered_display": "100"}, "missing_lines": [], "excluded_lines": [], "start_line": 109}, "WebSocketManager.emit_location_update": {"executed_lines": [133, 134, 136, 137, 139, 140, 141], "summary": {"covered_lines": 7, "num_statements": 9, "percent_covered": 77.77777777777777, "percent_covered_display": "78", "missing_lines": 2, "excluded_lines": 0, "percent_statements_covered": 77.77777777777777, "percent_statements_covered_display": "78"}, "missing_lines": [142, 143], "excluded_lines": [], "start_line": 127}, "WebSocketManager.emit_distance_update": {"executed_lines": [151, 152, 154, 155, 157, 158, 159], "summary": {"covered_lines": 7, "num_statements": 9, "percent_covered": 77.77777777777777, "percent_covered_display": "78", "missing_lines": 2, "excluded_lines": 0, "percent_statements_covered": 77.77777777777777, "percent_statements_covered_display": "78"}, "missing_lines": [160, 161], "excluded_lines": [], "start_line": 145}, "WebSocketManager.emit_status": {"executed_lines": [169, 170, 172, 173, 175, 176, 177], "summary": {"covered_lines": 7, "num_statements": 9, "percent_covered": 77.77777777777777, "percent_covered_display": "78", "missing_lines": 2, "excluded_lines": 0, "percent_statements_covered": 77.77777777777777, "percent_statements_covered_display": "78"}, "missing_lines": [178, 179], "excluded_lines": [], "start_line": 163}, "WebSocketManager.emit_system_group_update": {"executed_lines": [], "summary": {"covered_lines": 0, "num_statements": 9, "percent_covered": 0.0, "percent_covered_display": "0", "missing_lines": 9, "excluded_lines": 0, "percent_statements_covered": 0.0, "percent_statements_covered_display": "0"}, "missing_lines": [190, 191, 194, 195, 197, 198, 199, 200, 201], "excluded_lines": [], "start_line": 181}, "WebSocketManager.broadcast_to_channel": {"executed_lines": [], "summary": {"covered_lines": 0, "num_statements": 4, "percent_covered": 0.0, "percent_covered_display": "0", "missing_lines": 4, "excluded_lines": 0, "percent_statements_covered": 0.0, "percent_statements_covered_display": "0"}, "missing_lines": [212, 213, 215, 216], "excluded_lines": [], "start_line": 203}, "WebSocketManager.get_connected_clients_count": {"executed_lines": [224], "summary": {"covered_lines": 1, "num_statements": 1, "percent_covered": 100.0, "percent_covered_display": "100", "missing_lines": 0, "excluded_lines": 0, "percent_statements_covered": 100.0, "percent_statements_covered_display": "100"}, "missing_lines": [], "excluded_lines": [], "start_line": 218}, "WebSocketManager.get_subscribers_for_channel": {"executed_lines": [235], "summary": {"covered_lines": 1, "num_statements": 1, "percent_covered": 100.0, "percent_covered_display": "100", "missing_lines": 0, "excluded_lines": 0, "percent_statements_covered": 100.0, "percent_statements_covered_display": "100"}, "missing_lines": [], "excluded_lines": [], "start_line": 226}, "WebSocketManager.get_all_subscriptions": {"executed_lines": [243], "summary": {"covered_lines": 1, "num_statements": 1, "percent_covered": 100.0, "percent_covered_display": "100", "missing_lines": 0, "excluded_lines": 0, "percent_statements_covered": 100.0, "percent_statements_covered_display": "100"}, "missing_lines": [], "excluded_lines": [], "start_line": 237}, "WebSocketManager.close": {"executed_lines": [247, 248, 249, 250], "summary": {"covered_lines": 4, "num_statements": 4, "percent_covered": 100.0, "percent_covered_display": "100", "missing_lines": 0, "excluded_lines": 0, "percent_statements_covered": 100.0, "percent_statements_covered_display": "100"}, "missing_lines": [], "excluded_lines": [], "start_line": 245}, "": {"executed_lines": [3, 4, 6, 7, 9, 12, 15, 31, 55, 65, 75, 92, 109, 127, 145, 163, 181, 203, 218, 226, 237, 245], "summary": {"covered_lines": 22, "num_statements": 22, "percent_covered": 100.0, "percent_covered_display": "100", "missing_lines": 0, "excluded_lines": 0, "percent_statements_covered": 100.0, "percent_statements_covered_display": "100"}, "missing_lines": [], "excluded_lines": [], "start_line": 1}}, "classes": {"WebSocketManager": {"executed_lines": [21, 22, 23, 24, 37, 47, 48, 49, 50, 52, 53, 62, 63, 71, 72, 73, 82, 83, 84, 86, 87, 88, 89, 90, 99, 100, 101, 103, 104, 105, 106, 107, 115, 116, 118, 119, 121, 122, 123, 124, 125, 133, 134, 136, 137, 139, 140, 141, 151, 152, 154, 155, 157, 158, 159, 169, 170, 172, 173, 175, 176, 177, 224, 235, 243, 247, 248, 249, 250], "summary": {"covered_lines": 69, "num_statements": 88, "percent_covered": 78.4090909090909, "percent_covered_display": "78", "missing_lines": 19, "excluded_lines": 0, "percent_statements_covered": 78.4090909090909, "percent_statements_covered_display": "78"}, "missing_lines": [142, 143, 160, 161, 178, 179, 190, 191, 194, 195, 197, 198, 199, 200, 201, 212, 213, 215, 216], "excluded_lines": [], "start_line": 12}, "": {"executed_lines": [3, 4, 6, 7, 9, 12, 15, 31, 55, 65, 75, 92, 109, 127, 145, 163, 181, 203, 218, 226, 237, 245], "summary": {"covered_lines": 22, "num_statements": 22, "percent_covered": 100.0, "percent_covered_display": "100", "missing_lines": 0, "excluded_lines": 0, "percent_statements_covered": 100.0, "percent_statements_covered_display": "100"}, "missing_lines": [], "excluded_lines": [], "start_line": 1}}}}, "totals": {"covered_lines": 1673, "num_statements": 2019, "percent_covered": 82.86280336800397, "percent_covered_display": "83", "missing_lines": 346, "excluded_lines": 3, "percent_statements_covered": 82.86280336800397, "percent_statements_covered_display": "83"}}