{"meta": {"format": 3, "version": "7.11.0", "timestamp": "2025-10-27T16:18:43.731216", "branch_coverage": false, "show_contexts": false}, "files": {"src/__init__.py": {"executed_lines": [1, 3, 5, 6, 7], "summary": {"covered_lines": 4, "num_statements": 4, "percent_covered": 100.0, "percent_covered_display": "100", "missing_lines": 0, "excluded_lines": 0}, "missing_lines": [], "excluded_lines": [], "functions": {"": {"executed_lines": [1, 3, 5, 6, 7], "summary": {"covered_lines": 4, "num_statements": 4, "percent_covered": 100.0, "percent_covered_display": "100", "missing_lines": 0, "excluded_lines": 0}, "missing_lines": [], "excluded_lines": []}}, "classes": {"": {"executed_lines": [1, 3, 5, 6, 7], "summary": {"covered_lines": 4, "num_statements": 4, "percent_covered": 100.0, "percent_covered_display": "100", "missing_lines": 0, "excluded_lines": 0}, "missing_lines": [], "excluded_lines": []}}}, "src/__main__.py": {"executed_lines": [1, 3, 4, 5, 6, 9, 11, 12, 13, 14, 17, 19, 33, 38, 43, 48, 53, 59, 65, 70, 73, 74, 76, 78, 79, 81, 84, 88, 90, 92, 93, 101, 104, 105, 106, 108, 110, 115, 117, 118, 119, 120, 121, 122, 124, 127], "summary": {"covered_lines": 45, "num_statements": 48, "percent_covered": 93.75, "percent_covered_display": "94", "missing_lines": 3, "excluded_lines": 0}, "missing_lines": [85, 86, 128], "excluded_lines": [], "functions": {"main": {"executed_lines": [19, 33, 38, 43, 48, 53, 59, 65, 70, 73, 74, 76, 78, 79, 81, 84, 88, 90, 92, 93, 101, 104, 105, 106, 108, 110, 115, 117, 118, 119, 120, 121, 122, 124], "summary": {"covered_lines": 34, "num_statements": 36, "percent_covered": 94.44444444444444, "percent_covered_display": "94", "missing_lines": 2, "excluded_lines": 0}, "missing_lines": [85, 86], "excluded_lines": []}, "": {"executed_lines": [1, 3, 4, 5, 6, 9, 11, 12, 13, 14, 17, 127], "summary": {"covered_lines": 11, "num_statements": 12, "percent_covered": 91.66666666666667, "percent_covered_display": "92", "missing_lines": 1, "excluded_lines": 0}, "missing_lines": [128], "excluded_lines": []}}, "classes": {"": {"executed_lines": [1, 3, 4, 5, 6, 9, 11, 12, 13, 14, 17, 19, 33, 38, 43, 48, 53, 59, 65, 70, 73, 74, 76, 78, 79, 81, 84, 88, 90, 92, 93, 101, 104, 105, 106, 108, 110, 115, 117, 118, 119, 120, 121, 122, 124, 127], "summary": {"covered_lines": 45, "num_statements": 48, "percent_covered": 93.75, "percent_covered_display": "94", "missing_lines": 3, "excluded_lines": 0}, "missing_lines": [85, 86, 128], "excluded_lines": []}}}, "src/cli.py": {"executed_lines": [1, 3, 4, 5, 6, 7, 9, 12, 14, 16, 21, 22, 23, 26, 27, 28, 31, 32, 33, 34, 35, 38, 40, 42, 43, 44, 47, 48, 49, 50, 51, 52, 55, 58, 59, 60, 61, 62, 65, 68, 69, 70, 71, 73, 75, 78, 80, 82, 83, 85, 87, 90, 91, 93, 94, 95, 97, 98, 99, 100, 101, 103, 105, 108, 137], "summary": {"covered_lines": 64, "num_statements": 72, "percent_covered": 88.88888888888889, "percent_covered_display": "89", "missing_lines": 8, "excluded_lines": 0}, "missing_lines": [110, 114, 119, 125, 130, 132, 134, 138], "excluded_lines": [], "functions": {"setup_logging": {"executed_lines": [14, 16, 21, 22, 23, 26, 27, 28, 31, 32, 33, 34, 35], "summary": {"covered_lines": 13, "num_statements": 13, "percent_covered": 100.0, "percent_covered_display": "100", "missing_lines": 0, "excluded_lines": 0}, "missing_lines": [], "excluded_lines": []}, "display_status": {"executed_lines": [40, 42, 43, 44, 47, 48, 49, 50, 51, 52, 55, 58, 59, 60, 61, 62, 65, 68, 69, 70, 71, 73, 75], "summary": {"covered_lines": 23, "num_statements": 23, "percent_covered": 100.0, "percent_covered_display": "100", "missing_lines": 0, "excluded_lines": 0}, "missing_lines": [], "excluded_lines": []}, "run_cli": {"executed_lines": [80, 82, 83, 85, 87, 90, 91, 93, 94, 95, 97, 98, 99, 100, 101, 103, 105], "summary": {"covered_lines": 17, "num_statements": 17, "percent_covered": 100.0, "percent_covered_display": "100", "missing_lines": 0, "excluded_lines": 0}, "missing_lines": [], "excluded_lines": []}, "main": {"executed_lines": [], "summary": {"covered_lines": 0, "num_statements": 7, "percent_covered": 0.0, "percent_covered_display": "0", "missing_lines": 7, "excluded_lines": 0}, "missing_lines": [110, 114, 119, 125, 130, 132, 134], "excluded_lines": []}, "": {"executed_lines": [1, 3, 4, 5, 6, 7, 9, 12, 38, 78, 108, 137], "summary": {"covered_lines": 11, "num_statements": 12, "percent_covered": 91.66666666666667, "percent_covered_display": "92", "missing_lines": 1, "excluded_lines": 0}, "missing_lines": [138], "excluded_lines": []}}, "classes": {"": {"executed_lines": [1, 3, 4, 5, 6, 7, 9, 12, 14, 16, 21, 22, 23, 26, 27, 28, 31, 32, 33, 34, 35, 38, 40, 42, 43, 44, 47, 48, 49, 50, 51, 52, 55, 58, 59, 60, 61, 62, 65, 68, 69, 70, 71, 73, 75, 78, 80, 82, 83, 85, 87, 90, 91, 93, 94, 95, 97, 98, 99, 100, 101, 103, 105, 108, 137], "summary": {"covered_lines": 64, "num_statements": 72, "percent_covered": 88.88888888888889, "percent_covered_display": "89", "missing_lines": 8, "excluded_lines": 0}, "missing_lines": [110, 114, 119, 125, 130, 132, 134, 138], "excluded_lines": []}}}, "src/config/__init__.py": {"executed_lines": [1, 3, 5], "summary": {"covered_lines": 2, "num_statements": 2, "percent_covered": 100.0, "percent_covered_display": "100", "missing_lines": 0, "excluded_lines": 0}, "missing_lines": [], "excluded_lines": [], "functions": {"": {"executed_lines": [1, 3, 5], "summary": {"covered_lines": 2, "num_statements": 2, "percent_covered": 100.0, "percent_covered_display": "100", "missing_lines": 0, "excluded_lines": 0}, "missing_lines": [], "excluded_lines": []}}, "classes": {"": {"executed_lines": [1, 3, 5], "summary": {"covered_lines": 2, "num_statements": 2, "percent_covered": 100.0, "percent_covered_display": "100", "missing_lines": 0, "excluded_lines": 0}, "missing_lines": [], "excluded_lines": []}}}, "src/config/settings.py": {"executed_lines": [1, 3, 4, 5, 8, 9, 11, 14, 15, 20, 23, 28, 33, 34, 35, 40, 41, 46, 49, 52, 55, 58, 62, 63, 65, 67, 68, 70, 71, 72, 74, 76, 77, 78, 79, 82, 85, 88, 89, 90], "summary": {"covered_lines": 38, "num_statements": 38, "percent_covered": 100.0, "percent_covered_display": "100", "missing_lines": 0, "excluded_lines": 0}, "missing_lines": [], "excluded_lines": [], "functions": {"Settings.__init__": {"executed_lines": [14, 15, 20, 23, 28, 33, 34, 35, 40, 41, 46, 49, 52, 55, 58], "summary": {"covered_lines": 15, "num_statements": 15, "percent_covered": 100.0, "percent_covered_display": "100", "missing_lines": 0, "excluded_lines": 0}, "missing_lines": [], "excluded_lines": []}, "Settings._parse_bool": {"executed_lines": [65], "summary": {"covered_lines": 1, "num_statements": 1, "percent_covered": 100.0, "percent_covered_display": "100", "missing_lines": 0, "excluded_lines": 0}, "missing_lines": [], "excluded_lines": []}, "Settings._parse_path": {"executed_lines": [70, 71, 72], "summary": {"covered_lines": 3, "num_statements": 3, "percent_covered": 100.0, "percent_covered_display": "100", "missing_lines": 0, "excluded_lines": 0}, "missing_lines": [], "excluded_lines": []}, "Settings.get_log_file_path": {"executed_lines": [76, 77, 78, 79], "summary": {"covered_lines": 4, "num_statements": 4, "percent_covered": 100.0, "percent_covered_display": "100", "missing_lines": 0, "excluded_lines": 0}, "missing_lines": [], "excluded_lines": []}, "get_settings": {"executed_lines": [88, 89, 90], "summary": {"covered_lines": 3, "num_statements": 3, "percent_covered": 100.0, "percent_covered_display": "100", "missing_lines": 0, "excluded_lines": 0}, "missing_lines": [], "excluded_lines": []}, "": {"executed_lines": [1, 3, 4, 5, 8, 9, 11, 62, 63, 67, 68, 74, 82, 85], "summary": {"covered_lines": 12, "num_statements": 12, "percent_covered": 100.0, "percent_covered_display": "100", "missing_lines": 0, "excluded_lines": 0}, "missing_lines": [], "excluded_lines": []}}, "classes": {"Settings": {"executed_lines": [14, 15, 20, 23, 28, 33, 34, 35, 40, 41, 46, 49, 52, 55, 58, 65, 70, 71, 72, 76, 77, 78, 79], "summary": {"covered_lines": 23, "num_statements": 23, "percent_covered": 100.0, "percent_covered_display": "100", "missing_lines": 0, "excluded_lines": 0}, "missing_lines": [], "excluded_lines": []}, "": {"executed_lines": [1, 3, 4, 5, 8, 9, 11, 62, 63, 67, 68, 74, 82, 85, 88, 89, 90], "summary": {"covered_lines": 15, "num_statements": 15, "percent_covered": 100.0, "percent_covered_display": "100", "missing_lines": 0, "excluded_lines": 0}, "missing_lines": [], "excluded_lines": []}}}, "src/core.py": {"executed_lines": [1, 3, 4, 5, 6, 7, 9, 12, 13, 14, 15, 16, 17, 18, 19, 22, 23, 25, 31, 32, 33, 36, 37, 40, 46, 52, 66, 69, 71, 73, 79, 82, 83, 84, 85, 86, 87, 88, 89, 90, 91, 96, 99, 100, 101, 102, 103, 105, 107, 109, 114, 115, 116, 118, 119, 121, 126, 127, 128, 130, 136, 140, 141, 142, 143, 145, 146, 148, 150, 153, 154, 155, 156, 157, 158, 160, 161, 165, 167, 168, 169, 170, 171, 173, 175, 176, 177, 178, 179, 181, 188, 189, 192, 193, 195, 206, 208, 210, 212, 214, 224, 225, 227, 228, 229, 230, 231, 232, 234, 236, 248, 249, 252, 253, 256, 257, 258, 259, 260, 261, 263, 264, 265, 267, 269, 270, 272, 273, 276, 277, 278, 283, 287, 303, 304, 306, 307, 309, 319, 325, 326, 328, 337, 338, 340, 345, 347, 349, 350, 372, 374, 376, 377, 389, 398, 399, 400, 402, 403, 404, 422, 423, 424, 428, 429, 430, 431, 436, 437, 442, 447, 449], "summary": {"covered_lines": 169, "num_statements": 203, "percent_covered": 83.2512315270936, "percent_covered_display": "83", "missing_lines": 34, "excluded_lines": 2}, "missing_lines": [92, 93, 106, 110, 111, 147, 159, 162, 163, 284, 285, 352, 354, 355, 357, 358, 359, 367, 368, 369, 370, 379, 380, 385, 386, 387, 432, 433, 443, 444, 445, 450, 451, 452], "excluded_lines": [9, 10], "functions": {"HGENotifierManager.__init__": {"executed_lines": [31, 32, 33, 36, 37, 40, 46, 52, 66, 69, 71], "summary": {"covered_lines": 11, "num_statements": 11, "percent_covered": 100.0, "percent_covered_display": "100", "missing_lines": 0, "excluded_lines": 0}, "missing_lines": [], "excluded_lines": []}, "HGENotifierManager._on_new_hge_signal": {"executed_lines": [79, 82, 83, 84, 85, 86, 87, 88, 89, 90, 91, 96, 99, 100, 101, 102, 103, 105, 107, 109, 114, 115, 116, 118, 119, 121, 126, 127, 128], "summary": {"covered_lines": 29, "num_statements": 34, "percent_covered": 85.29411764705883, "percent_covered_display": "85", "missing_lines": 5, "excluded_lines": 0}, "missing_lines": [92, 93, 106, 110, 111], "excluded_lines": []}, "HGENotifierManager._on_location_change": {"executed_lines": [136, 140, 141, 142, 143, 145, 146, 148, 150, 153, 154, 155, 156, 157, 158, 160, 161], "summary": {"covered_lines": 17, "num_statements": 21, "percent_covered": 80.95238095238095, "percent_covered_display": "81", "missing_lines": 4, "excluded_lines": 0}, "missing_lines": [147, 159, 162, 163], "excluded_lines": []}, "HGENotifierManager.start": {"executed_lines": [167, 168, 169, 170, 171], "summary": {"covered_lines": 5, "num_statements": 5, "percent_covered": 100.0, "percent_covered_display": "100", "missing_lines": 0, "excluded_lines": 0}, "missing_lines": [], "excluded_lines": []}, "HGENotifierManager.stop": {"executed_lines": [175, 176, 177, 178, 179], "summary": {"covered_lines": 5, "num_statements": 5, "percent_covered": 100.0, "percent_covered_display": "100", "missing_lines": 0, "excluded_lines": 0}, "missing_lines": [], "excluded_lines": []}, "HGENotifierManager.get_status": {"executed_lines": [188, 189, 192, 193, 195, 206], "summary": {"covered_lines": 6, "num_statements": 6, "percent_covered": 100.0, "percent_covered_display": "100", "missing_lines": 0, "excluded_lines": 0}, "missing_lines": [], "excluded_lines": []}, "HGENotifierManager.refresh": {"executed_lines": [210, 212], "summary": {"covered_lines": 2, "num_statements": 2, "percent_covered": 100.0, "percent_covered_display": "100", "missing_lines": 0, "excluded_lines": 0}, "missing_lines": [], "excluded_lines": []}, "HGENotifierManager._enrich_signal_coordinates": {"executed_lines": [224, 225, 227, 228, 229, 230, 231, 232, 234], "summary": {"covered_lines": 9, "num_statements": 9, "percent_covered": 100.0, "percent_covered_display": "100", "missing_lines": 0, "excluded_lines": 0}, "missing_lines": [], "excluded_lines": []}, "HGENotifierManager._enrich_location_coordinates": {"executed_lines": [248, 249, 252, 253, 256, 257, 258, 259, 260, 261, 263, 264, 265, 267], "summary": {"covered_lines": 14, "num_statements": 14, "percent_covered": 100.0, "percent_covered_display": "100", "missing_lines": 0, "excluded_lines": 0}, "missing_lines": [], "excluded_lines": []}, "HGENotifierManager._format_signal": {"executed_lines": [272, 273, 276, 277, 278, 283, 287], "summary": {"covered_lines": 7, "num_statements": 9, "percent_covered": 77.77777777777777, "percent_covered_display": "78", "missing_lines": 2, "excluded_lines": 0}, "missing_lines": [284, 285], "excluded_lines": []}, "HGENotifierManager._format_location": {"executed_lines": [306, 307, 309], "summary": {"covered_lines": 3, "num_statements": 3, "percent_covered": 100.0, "percent_covered_display": "100", "missing_lines": 0, "excluded_lines": 0}, "missing_lines": [], "excluded_lines": []}, "HGENotifierManager._calculate_distance": {"executed_lines": [325, 326, 328, 337, 338, 340], "summary": {"covered_lines": 6, "num_statements": 6, "percent_covered": 100.0, "percent_covered_display": "100", "missing_lines": 0, "excluded_lines": 0}, "missing_lines": [], "excluded_lines": []}, "HGENotifierManager._format_notification_history": {"executed_lines": [347, 349, 350], "summary": {"covered_lines": 3, "num_statements": 13, "percent_covered": 23.076923076923077, "percent_covered_display": "23", "missing_lines": 10, "excluded_lines": 0}, "missing_lines": [352, 354, 355, 357, 358, 359, 367, 368, 369, 370], "excluded_lines": []}, "HGENotifierManager._get_notification_stats": {"executed_lines": [374, 376, 377], "summary": {"covered_lines": 3, "num_statements": 8, "percent_covered": 37.5, "percent_covered_display": "38", "missing_lines": 5, "excluded_lines": 0}, "missing_lines": [379, 380, 385, 386, 387], "excluded_lines": []}, "HGENotifierManager.get_signal_history": {"executed_lines": [398, 399, 400, 402, 403, 404, 422, 423, 424, 428, 429, 430, 431, 436, 437, 442, 447, 449], "summary": {"covered_lines": 18, "num_statements": 26, "percent_covered": 69.23076923076923, "percent_covered_display": "69", "missing_lines": 8, "excluded_lines": 0}, "missing_lines": [432, 433, 443, 444, 445, 450, 451, 452], "excluded_lines": []}, "": {"executed_lines": [1, 3, 4, 5, 6, 7, 9, 12, 13, 14, 15, 16, 17, 18, 19, 22, 23, 25, 73, 130, 165, 173, 181, 208, 214, 236, 269, 270, 303, 304, 319, 345, 372, 389], "summary": {"covered_lines": 31, "num_statements": 31, "percent_covered": 100.0, "percent_covered_display": "100", "missing_lines": 0, "excluded_lines": 2}, "missing_lines": [], "excluded_lines": [9, 10]}}, "classes": {"HGENotifierManager": {"executed_lines": [31, 32, 33, 36, 37, 40, 46, 52, 66, 69, 71, 79, 82, 83, 84, 85, 86, 87, 88, 89, 90, 91, 96, 99, 100, 101, 102, 103, 105, 107, 109, 114, 115, 116, 118, 119, 121, 126, 127, 128, 136, 140, 141, 142, 143, 145, 146, 148, 150, 153, 154, 155, 156, 157, 158, 160, 161, 167, 168, 169, 170, 171, 175, 176, 177, 178, 179, 188, 189, 192, 193, 195, 206, 210, 212, 224, 225, 227, 228, 229, 230, 231, 232, 234, 248, 249, 252, 253, 256, 257, 258, 259, 260, 261, 263, 264, 265, 267, 272, 273, 276, 277, 278, 283, 287, 306, 307, 309, 325, 326, 328, 337, 338, 340, 347, 349, 350, 374, 376, 377, 398, 399, 400, 402, 403, 404, 422, 423, 424, 428, 429, 430, 431, 436, 437, 442, 447, 449], "summary": {"covered_lines": 138, "num_statements": 172, "percent_covered": 80.23255813953489, "percent_covered_display": "80", "missing_lines": 34, "excluded_lines": 0}, "missing_lines": [92, 93, 106, 110, 111, 147, 159, 162, 163, 284, 285, 352, 354, 355, 357, 358, 359, 367, 368, 369, 370, 379, 380, 385, 386, 387, 432, 433, 443, 444, 445, 450, 451, 452], "excluded_lines": []}, "": {"executed_lines": [1, 3, 4, 5, 6, 7, 9, 12, 13, 14, 15, 16, 17, 18, 19, 22, 23, 25, 73, 130, 165, 173, 181, 208, 214, 236, 269, 270, 303, 304, 319, 345, 372, 389], "summary": {"covered_lines": 31, "num_statements": 31, "percent_covered": 100.0, "percent_covered_display": "100", "missing_lines": 0, "excluded_lines": 2}, "missing_lines": [], "excluded_lines": [9, 10]}}}, "src/distance/__init__.py": {"executed_lines": [1, 3, 6, 7, 9, 10, 28, 29, 31, 32, 33, 35, 36, 38, 39, 49, 50, 51], "summary": {"covered_lines": 16, "num_statements": 16, "percent_covered": 100.0, "percent_covered_display": "100", "missing_lines": 0, "excluded_lines": 0}, "missing_lines": [], "excluded_lines": [], "functions": {"DistanceCalculator.calculate_distance": {"executed_lines": [28, 29, 31, 32, 33, 35, 36], "summary": {"covered_lines": 7, "num_statements": 7, "percent_covered": 100.0, "percent_covered_display": "100", "missing_lines": 0, "excluded_lines": 0}, "missing_lines": [], "excluded_lines": []}, "DistanceCalculator.format_distance": {"executed_lines": [49, 50, 51], "summary": {"covered_lines": 3, "num_statements": 3, "percent_covered": 100.0, "percent_covered_display": "100", "missing_lines": 0, "excluded_lines": 0}, "missing_lines": [], "excluded_lines": []}, "": {"executed_lines": [1, 3, 6, 7, 9, 10, 38, 39], "summary": {"covered_lines": 6, "num_statements": 6, "percent_covered": 100.0, "percent_covered_display": "100", "missing_lines": 0, "excluded_lines": 0}, "missing_lines": [], "excluded_lines": []}}, "classes": {"DistanceCalculator": {"executed_lines": [28, 29, 31, 32, 33, 35, 36, 49, 50, 51], "summary": {"covered_lines": 10, "num_statements": 10, "percent_covered": 100.0, "percent_covered_display": "100", "missing_lines": 0, "excluded_lines": 0}, "missing_lines": [], "excluded_lines": []}, "": {"executed_lines": [1, 3, 6, 7, 9, 10, 38, 39], "summary": {"covered_lines": 6, "num_statements": 6, "percent_covered": 100.0, "percent_covered_display": "100", "missing_lines": 0, "excluded_lines": 0}, "missing_lines": [], "excluded_lines": []}}}, "src/distance/coordinates.py": {"executed_lines": [1, 3, 4, 5, 6, 7, 8, 9, 10, 12, 15, 18, 19, 21, 22, 23, 25, 32, 33, 35, 36, 37, 38, 40, 42, 43, 45, 46, 49, 62, 67, 68, 73, 88, 90, 91, 92, 96, 98, 102, 104, 119, 120, 121, 122, 131, 133, 143, 144, 145, 148, 154, 155, 156, 158, 161, 162, 163, 164, 171, 172, 173, 175, 181, 191, 192, 194, 199, 204, 206, 207, 210, 225, 227, 229, 230, 231, 236, 248, 249, 251, 252, 254, 259, 260, 265, 267, 268, 269, 270, 271, 272, 276, 278, 279, 280, 282, 283, 285, 289, 291], "summary": {"covered_lines": 99, "num_statements": 137, "percent_covered": 72.26277372262774, "percent_covered_display": "72", "missing_lines": 38, "excluded_lines": 0}, "missing_lines": [70, 71, 93, 99, 100, 123, 124, 125, 126, 127, 129, 165, 166, 167, 168, 177, 178, 179, 211, 212, 213, 214, 215, 217, 218, 219, 221, 223, 232, 233, 234, 262, 263, 273, 274, 296, 297, 298], "excluded_lines": [], "functions": {"CoordinateDatabase.__init__": {"executed_lines": [32, 33, 35, 36, 37, 38], "summary": {"covered_lines": 6, "num_statements": 6, "percent_covered": 100.0, "percent_covered_display": "100", "missing_lines": 0, "excluded_lines": 0}, "missing_lines": [], "excluded_lines": []}, "CoordinateDatabase._init_database": {"executed_lines": [42, 43, 45, 46, 49, 62, 67, 68], "summary": {"covered_lines": 8, "num_statements": 10, "percent_covered": 80.0, "percent_covered_display": "80", "missing_lines": 2, "excluded_lines": 0}, "missing_lines": [70, 71], "excluded_lines": []}, "CoordinateDatabase.get_coordinates": {"executed_lines": [88, 90, 91, 92, 96, 98, 102], "summary": {"covered_lines": 7, "num_statements": 10, "percent_covered": 70.0, "percent_covered_display": "70", "missing_lines": 3, "excluded_lines": 0}, "missing_lines": [93, 99, 100], "excluded_lines": []}, "CoordinateDatabase._fetch_from_edsm_with_retry": {"executed_lines": [119, 120, 121, 122, 131], "summary": {"covered_lines": 5, "num_statements": 11, "percent_covered": 45.45454545454545, "percent_covered_display": "45", "missing_lines": 6, "excluded_lines": 0}, "missing_lines": [123, 124, 125, 126, 127, 129], "excluded_lines": []}, "CoordinateDatabase._get_from_cache": {"executed_lines": [143, 144, 145, 148, 154, 155, 156, 158, 161, 162, 163, 164, 171, 172, 173, 175], "summary": {"covered_lines": 16, "num_statements": 23, "percent_covered": 69.56521739130434, "percent_covered_display": "70", "missing_lines": 7, "excluded_lines": 0}, "missing_lines": [165, 166, 167, 168, 177, 178, 179], "excluded_lines": []}, "CoordinateDatabase._fetch_from_edsm": {"executed_lines": [191, 192, 194, 199, 204, 206, 207, 210, 225, 227, 229, 230, 231], "summary": {"covered_lines": 13, "num_statements": 26, "percent_covered": 50.0, "percent_covered_display": "50", "missing_lines": 13, "excluded_lines": 0}, "missing_lines": [211, 212, 213, 214, 215, 217, 218, 219, 221, 223, 232, 233, 234], "excluded_lines": []}, "CoordinateDatabase._store_in_cache": {"executed_lines": [248, 249, 251, 252, 254, 259, 260], "summary": {"covered_lines": 7, "num_statements": 9, "percent_covered": 77.77777777777777, "percent_covered_display": "78", "missing_lines": 2, "excluded_lines": 0}, "missing_lines": [262, 263], "excluded_lines": []}, "CoordinateDatabase.clear_cache": {"executed_lines": [267, 268, 269, 270, 271, 272], "summary": {"covered_lines": 6, "num_statements": 8, "percent_covered": 75.0, "percent_covered_display": "75", "missing_lines": 2, "excluded_lines": 0}, "missing_lines": [273, 274], "excluded_lines": []}, "CoordinateDatabase.get_cache_stats": {"executed_lines": [278, 279, 280, 282, 283, 285, 289, 291], "summary": {"covered_lines": 8, "num_statements": 11, "percent_covered": 72.72727272727273, "percent_covered_display": "73", "missing_lines": 3, "excluded_lines": 0}, "missing_lines": [296, 297, 298], "excluded_lines": []}, "": {"executed_lines": [1, 3, 4, 5, 6, 7, 8, 9, 10, 12, 15, 18, 19, 21, 22, 23, 25, 40, 73, 104, 133, 181, 236, 265, 276], "summary": {"covered_lines": 23, "num_statements": 23, "percent_covered": 100.0, "percent_covered_display": "100", "missing_lines": 0, "excluded_lines": 0}, "missing_lines": [], "excluded_lines": []}}, "classes": {"CoordinateDatabase": {"executed_lines": [32, 33, 35, 36, 37, 38, 42, 43, 45, 46, 49, 62, 67, 68, 88, 90, 91, 92, 96, 98, 102, 119, 120, 121, 122, 131, 143, 144, 145, 148, 154, 155, 156, 158, 161, 162, 163, 164, 171, 172, 173, 175, 191, 192, 194, 199, 204, 206, 207, 210, 225, 227, 229, 230, 231, 248, 249, 251, 252, 254, 259, 260, 267, 268, 269, 270, 271, 272, 278, 279, 280, 282, 283, 285, 289, 291], "summary": {"covered_lines": 76, "num_statements": 114, "percent_covered": 66.66666666666667, "percent_covered_display": "67", "missing_lines": 38, "excluded_lines": 0}, "missing_lines": [70, 71, 93, 99, 100, 123, 124, 125, 126, 127, 129, 165, 166, 167, 168, 177, 178, 179, 211, 212, 213, 214, 215, 217, 218, 219, 221, 223, 232, 233, 234, 262, 263, 273, 274, 296, 297, 298], "excluded_lines": []}, "": {"executed_lines": [1, 3, 4, 5, 6, 7, 8, 9, 10, 12, 15, 18, 19, 21, 22, 23, 25, 40, 73, 104, 133, 181, 236, 265, 276], "summary": {"covered_lines": 23, "num_statements": 23, "percent_covered": 100.0, "percent_covered_display": "100", "missing_lines": 0, "excluded_lines": 0}, "missing_lines": [], "excluded_lines": []}}}, "src/eddn/__init__.py": {"executed_lines": [1, 3, 4, 5, 6, 7, 8, 9, 10, 12, 14, 17, 18, 19, 21, 22, 24, 25, 27, 28, 30, 31, 33, 34, 36, 37, 39, 40, 42, 43, 45, 46, 48, 50, 51, 54, 55, 57, 59, 61, 63, 64, 65, 66, 67, 68, 70, 73, 74, 87, 88, 89, 90, 92, 100, 101, 102, 103, 104, 105, 106, 107, 109, 111, 112, 113, 115, 117, 118, 119, 121, 122, 126, 128, 130, 131, 133, 134, 136, 138, 139, 141, 143, 145, 147, 155, 157, 158, 159, 160, 161, 162, 163, 164, 166, 168, 170, 171, 172, 174, 177, 180, 183, 185, 186, 187, 189, 190, 191, 192, 194, 196, 197, 198, 199, 200, 202, 203, 204, 205, 234, 242, 243, 244, 246, 255, 256, 257, 260, 261, 262, 263, 264, 265, 266, 269, 270, 271, 272, 273, 276, 285, 291, 292, 339, 340, 343, 359, 360, 361, 362, 363, 366, 367, 368, 370, 371, 372, 374, 379, 380, 393, 395, 396, 398, 399, 402, 403, 404, 405, 408, 410, 411, 414, 417, 418, 419, 420, 422, 423, 424, 425, 426, 428, 429, 430, 431, 433, 434, 435, 436, 439, 440, 441, 442, 444, 445, 449, 450, 451, 452, 460, 472, 477, 483, 485, 487, 488, 490, 492, 493, 497, 498, 499, 500, 507, 509, 510, 511, 512, 513, 514, 516, 517, 518, 519, 520, 521], "summary": {"covered_lines": 225, "num_statements": 287, "percent_covered": 78.397212543554, "percent_covered_display": "78", "missing_lines": 62, "excluded_lines": 1}, "missing_lines": [206, 207, 210, 211, 212, 215, 216, 217, 218, 219, 220, 221, 224, 225, 226, 227, 230, 231, 232, 236, 237, 238, 239, 240, 241, 277, 278, 279, 280, 282, 283, 284, 287, 288, 289, 344, 345, 346, 348, 349, 350, 352, 353, 354, 355, 356, 375, 376, 377, 446, 453, 454, 455, 456, 457, 458, 479, 480, 481, 503, 504, 505], "excluded_lines": [293], "functions": {"HGESignal.age_seconds": {"executed_lines": [50, 51, 54, 55, 57], "summary": {"covered_lines": 5, "num_statements": 5, "percent_covered": 100.0, "percent_covered_display": "100", "missing_lines": 0, "excluded_lines": 0}, "missing_lines": [], "excluded_lines": []}, "HGESignal.age_human_readable": {"executed_lines": [61, 63, 64, 65, 66, 67, 68, 70], "summary": {"covered_lines": 8, "num_statements": 8, "percent_covered": 100.0, "percent_covered_display": "100", "missing_lines": 0, "excluded_lines": 0}, "missing_lines": [], "excluded_lines": []}, "EDDNMonitor.__init__": {"executed_lines": [100, 101, 102, 103, 104, 105, 106, 107], "summary": {"covered_lines": 8, "num_statements": 8, "percent_covered": 100.0, "percent_covered_display": "100", "missing_lines": 0, "excluded_lines": 0}, "missing_lines": [], "excluded_lines": []}, "EDDNMonitor.start": {"executed_lines": [111, 112, 113, 115, 117, 118, 119, 121, 122, 126], "summary": {"covered_lines": 10, "num_statements": 10, "percent_covered": 100.0, "percent_covered_display": "100", "missing_lines": 0, "excluded_lines": 0}, "missing_lines": [], "excluded_lines": []}, "EDDNMonitor.stop": {"executed_lines": [130, 131, 133, 134, 136, 138, 139], "summary": {"covered_lines": 7, "num_statements": 7, "percent_covered": 100.0, "percent_covered_display": "100", "missing_lines": 0, "excluded_lines": 0}, "missing_lines": [], "excluded_lines": []}, "EDDNMonitor.get_latest_signal": {"executed_lines": [143], "summary": {"covered_lines": 1, "num_statements": 1, "percent_covered": 100.0, "percent_covered_display": "100", "missing_lines": 0, "excluded_lines": 0}, "missing_lines": [], "excluded_lines": []}, "EDDNMonitor._init_mock_data": {"executed_lines": [147], "summary": {"covered_lines": 1, "num_statements": 1, "percent_covered": 100.0, "percent_covered_display": "100", "missing_lines": 0, "excluded_lines": 0}, "missing_lines": [], "excluded_lines": []}, "EDDNMonitor._connect_and_monitor": {"executed_lines": [157, 158, 159, 160, 161, 162, 163, 164], "summary": {"covered_lines": 8, "num_statements": 8, "percent_covered": 100.0, "percent_covered_display": "100", "missing_lines": 0, "excluded_lines": 0}, "missing_lines": [], "excluded_lines": []}, "EDDNMonitor._connect_to_eddn": {"executed_lines": [168, 170, 171, 172, 174, 177, 180, 183, 185, 186, 187, 189, 190, 191, 192], "summary": {"covered_lines": 15, "num_statements": 15, "percent_covered": 100.0, "percent_covered_display": "100", "missing_lines": 0, "excluded_lines": 0}, "missing_lines": [], "excluded_lines": []}, "EDDNMonitor._monitor_eddn_stream": {"executed_lines": [196, 197, 198, 199, 200, 202, 203, 204, 205, 234, 242, 243, 244], "summary": {"covered_lines": 13, "num_statements": 38, "percent_covered": 34.21052631578947, "percent_covered_display": "34", "missing_lines": 25, "excluded_lines": 0}, "missing_lines": [206, 207, 210, 211, 212, 215, 216, 217, 218, 219, 220, 221, 224, 225, 226, 227, 230, 231, 232, 236, 237, 238, 239, 240, 241], "excluded_lines": []}, "EDDNMonitor._process_eddn_message": {"executed_lines": [255, 256, 257, 260, 261, 262, 263, 264, 265, 266, 269, 270, 271, 272, 273, 276, 285], "summary": {"covered_lines": 17, "num_statements": 27, "percent_covered": 62.96296296296296, "percent_covered_display": "63", "missing_lines": 10, "excluded_lines": 0}, "missing_lines": [277, 278, 279, 280, 282, 283, 284, 287, 288, 289], "excluded_lines": []}, "EDDNMonitor._is_hge_message": {"executed_lines": [339, 340, 343, 359, 360, 361, 362, 363, 366, 367, 368, 370, 371, 372, 374], "summary": {"covered_lines": 15, "num_statements": 29, "percent_covered": 51.724137931034484, "percent_covered_display": "52", "missing_lines": 14, "excluded_lines": 1}, "missing_lines": [344, 345, 346, 348, 349, 350, 352, 353, 354, 355, 356, 375, 376, 377], "excluded_lines": [293]}, "EDDNMonitor._parse_hge_signal": {"executed_lines": [393, 395, 396, 398, 399, 402, 403, 404, 405, 408, 410, 411, 414, 417, 418, 419, 420, 422, 423, 424, 425, 426, 428, 429, 430, 431, 433, 434, 435, 436, 439, 440, 441, 442, 444, 445, 449, 450, 451, 452, 460, 472, 477], "summary": {"covered_lines": 43, "num_statements": 53, "percent_covered": 81.13207547169812, "percent_covered_display": "81", "missing_lines": 10, "excluded_lines": 0}, "missing_lines": [446, 453, 454, 455, 456, 457, 458, 479, 480, 481], "excluded_lines": []}, "EDDNMonitor._handle_reconnect": {"executed_lines": [485, 487, 488, 490, 492, 493, 497, 498, 499, 500], "summary": {"covered_lines": 10, "num_statements": 13, "percent_covered": 76.92307692307692, "percent_covered_display": "77", "missing_lines": 3, "excluded_lines": 0}, "missing_lines": [503, 504, 505], "excluded_lines": []}, "EDDNMonitor._close_zmq": {"executed_lines": [509, 510, 511, 512, 513, 514, 516, 517, 518, 519, 520, 521], "summary": {"covered_lines": 12, "num_statements": 12, "percent_covered": 100.0, "percent_covered_display": "100", "missing_lines": 0, "excluded_lines": 0}, "missing_lines": [], "excluded_lines": []}, "": {"executed_lines": [1, 3, 4, 5, 6, 7, 8, 9, 10, 12, 14, 17, 18, 19, 21, 22, 24, 25, 27, 28, 30, 31, 33, 34, 36, 37, 39, 40, 42, 43, 45, 46, 48, 59, 73, 74, 87, 88, 89, 90, 92, 109, 128, 141, 145, 155, 166, 194, 246, 291, 292, 379, 380, 483, 507], "summary": {"covered_lines": 52, "num_statements": 52, "percent_covered": 100.0, "percent_covered_display": "100", "missing_lines": 0, "excluded_lines": 0}, "missing_lines": [], "excluded_lines": []}}, "classes": {"HGESignal": {"executed_lines": [50, 51, 54, 55, 57, 61, 63, 64, 65, 66, 67, 68, 70], "summary": {"covered_lines": 13, "num_statements": 13, "percent_covered": 100.0, "percent_covered_display": "100", "missing_lines": 0, "excluded_lines": 0}, "missing_lines": [], "excluded_lines": []}, "EDDNMonitor": {"executed_lines": [100, 101, 102, 103, 104, 105, 106, 107, 111, 112, 113, 115, 117, 118, 119, 121, 122, 126, 130, 131, 133, 134, 136, 138, 139, 143, 147, 157, 158, 159, 160, 161, 162, 163, 164, 168, 170, 171, 172, 174, 177, 180, 183, 185, 186, 187, 189, 190, 191, 192, 196, 197, 198, 199, 200, 202, 203, 204, 205, 234, 242, 243, 244, 255, 256, 257, 260, 261, 262, 263, 264, 265, 266, 269, 270, 271, 272, 273, 276, 285, 339, 340, 343, 359, 360, 361, 362, 363, 366, 367, 368, 370, 371, 372, 374, 393, 395, 396, 398, 399, 402, 403, 404, 405, 408, 410, 411, 414, 417, 418, 419, 420, 422, 423, 424, 425, 426, 428, 429, 430, 431, 433, 434, 435, 436, 439, 440, 441, 442, 444, 445, 449, 450, 451, 452, 460, 472, 477, 485, 487, 488, 490, 492, 493, 497, 498, 499, 500, 509, 510, 511, 512, 513, 514, 516, 517, 518, 519, 520, 521], "summary": {"covered_lines": 160, "num_statements": 222, "percent_covered": 72.07207207207207, "percent_covered_display": "72", "missing_lines": 62, "excluded_lines": 1}, "missing_lines": [206, 207, 210, 211, 212, 215, 216, 217, 218, 219, 220, 221, 224, 225, 226, 227, 230, 231, 232, 236, 237, 238, 239, 240, 241, 277, 278, 279, 280, 282, 283, 284, 287, 288, 289, 344, 345, 346, 348, 349, 350, 352, 353, 354, 355, 356, 375, 376, 377, 446, 453, 454, 455, 456, 457, 458, 479, 480, 481, 503, 504, 505], "excluded_lines": [293]}, "": {"executed_lines": [1, 3, 4, 5, 6, 7, 8, 9, 10, 12, 14, 17, 18, 19, 21, 22, 24, 25, 27, 28, 30, 31, 33, 34, 36, 37, 39, 40, 42, 43, 45, 46, 48, 59, 73, 74, 87, 88, 89, 90, 92, 109, 128, 141, 145, 155, 166, 194, 246, 291, 292, 379, 380, 483, 507], "summary": {"covered_lines": 52, "num_statements": 52, "percent_covered": 100.0, "percent_covered_display": "100", "missing_lines": 0, "excluded_lines": 0}, "missing_lines": [], "excluded_lines": []}}}, "src/journal/__init__.py": {"executed_lines": [1, 3, 4, 5, 6, 7, 8, 9, 11, 12, 14, 16, 19, 20, 21, 23, 24, 26, 27, 29, 30, 32, 33, 35, 36, 39, 40, 42, 49, 51, 65, 66, 68, 82, 83, 84, 85, 86, 87, 88, 89, 91, 93, 94, 95, 97, 99, 100, 101, 103, 106, 109, 111, 113, 114, 116, 117, 119, 120, 121, 122, 124, 126, 128, 130, 138, 140, 141, 142, 143, 144, 145, 150, 152, 155, 157, 162, 163, 164, 165, 168, 169, 175, 187, 188, 189, 191, 194, 197, 199, 201, 204, 205, 206, 207, 208, 209, 212, 217, 224, 226, 227, 228, 230, 232, 234, 237, 239, 240, 241, 242, 244, 246, 254, 255, 257, 258, 263, 265, 266, 267, 268, 270, 272, 280, 281, 283, 289, 333, 334, 344, 345, 346, 347, 348], "summary": {"covered_lines": 131, "num_statements": 176, "percent_covered": 74.43181818181819, "percent_covered_display": "74", "missing_lines": 45, "excluded_lines": 0}, "missing_lines": [53, 54, 56, 59, 60, 62, 146, 147, 148, 153, 171, 172, 173, 195, 202, 214, 215, 229, 231, 233, 235, 260, 261, 284, 286, 287, 291, 293, 294, 296, 298, 301, 302, 304, 305, 308, 309, 310, 311, 312, 315, 327, 328, 330, 331], "excluded_lines": [], "functions": {"JournalFileHandler.__init__": {"executed_lines": [49], "summary": {"covered_lines": 1, "num_statements": 1, "percent_covered": 100.0, "percent_covered_display": "100", "missing_lines": 0, "excluded_lines": 0}, "missing_lines": [], "excluded_lines": []}, "JournalFileHandler.on_modified": {"executed_lines": [], "summary": {"covered_lines": 0, "num_statements": 6, "percent_covered": 0.0, "percent_covered_display": "0", "missing_lines": 6, "excluded_lines": 0}, "missing_lines": [53, 54, 56, 59, 60, 62], "excluded_lines": []}, "JournalParser.__init__": {"executed_lines": [82, 83, 84, 85, 86, 87, 88, 89], "summary": {"covered_lines": 8, "num_statements": 8, "percent_covered": 100.0, "percent_covered_display": "100", "missing_lines": 0, "excluded_lines": 0}, "missing_lines": [], "excluded_lines": []}, "JournalParser.start": {"executed_lines": [93, 94, 95, 97, 99, 100, 101, 103, 106, 109], "summary": {"covered_lines": 10, "num_statements": 10, "percent_covered": 100.0, "percent_covered_display": "100", "missing_lines": 0, "excluded_lines": 0}, "missing_lines": [], "excluded_lines": []}, "JournalParser.stop": {"executed_lines": [113, 114, 116, 117, 119, 120, 121, 122], "summary": {"covered_lines": 8, "num_statements": 8, "percent_covered": 100.0, "percent_covered_display": "100", "missing_lines": 0, "excluded_lines": 0}, "missing_lines": [], "excluded_lines": []}, "JournalParser.get_latest_location": {"executed_lines": [126], "summary": {"covered_lines": 1, "num_statements": 1, "percent_covered": 100.0, "percent_covered_display": "100", "missing_lines": 0, "excluded_lines": 0}, "missing_lines": [], "excluded_lines": []}, "JournalParser._init_mock_location": {"executed_lines": [130], "summary": {"covered_lines": 1, "num_statements": 1, "percent_covered": 100.0, "percent_covered_display": "100", "missing_lines": 0, "excluded_lines": 0}, "missing_lines": [], "excluded_lines": []}, "JournalParser._start_watching": {"executed_lines": [140, 141, 142, 143, 144, 145], "summary": {"covered_lines": 6, "num_statements": 9, "percent_covered": 66.66666666666667, "percent_covered_display": "67", "missing_lines": 3, "excluded_lines": 0}, "missing_lines": [146, 147, 148], "excluded_lines": []}, "JournalParser._scan_latest_journal": {"executed_lines": [152, 155, 157, 162, 163, 164, 165, 168, 169], "summary": {"covered_lines": 9, "num_statements": 13, "percent_covered": 69.23076923076923, "percent_covered_display": "69", "missing_lines": 4, "excluded_lines": 0}, "missing_lines": [153, 171, 172, 173], "excluded_lines": []}, "JournalParser._parse_journal_file": {"executed_lines": [187, 188, 189, 191, 194, 197, 199, 201, 204, 205, 206, 207, 208, 209, 212], "summary": {"covered_lines": 15, "num_statements": 19, "percent_covered": 78.94736842105263, "percent_covered_display": "79", "missing_lines": 4, "excluded_lines": 0}, "missing_lines": [195, 202, 214, 215], "excluded_lines": []}, "JournalParser._process_journal_entry": {"executed_lines": [224, 226, 227, 228, 230, 232, 234], "summary": {"covered_lines": 7, "num_statements": 11, "percent_covered": 63.63636363636363, "percent_covered_display": "64", "missing_lines": 4, "excluded_lines": 0}, "missing_lines": [229, 231, 233, 235], "excluded_lines": []}, "JournalParser._handle_location_event": {"executed_lines": [239, 240, 241, 242, 244, 246, 254, 255, 257, 258], "summary": {"covered_lines": 10, "num_statements": 12, "percent_covered": 83.33333333333333, "percent_covered_display": "83", "missing_lines": 2, "excluded_lines": 0}, "missing_lines": [260, 261], "excluded_lines": []}, "JournalParser._handle_fsd_jump_event": {"executed_lines": [265, 266, 267, 268, 270, 272, 280, 281, 283], "summary": {"covered_lines": 9, "num_statements": 12, "percent_covered": 75.0, "percent_covered_display": "75", "missing_lines": 3, "excluded_lines": 0}, "missing_lines": [284, 286, 287], "excluded_lines": []}, "JournalParser._handle_uss_drop_event": {"executed_lines": [], "summary": {"covered_lines": 0, "num_statements": 19, "percent_covered": 0.0, "percent_covered_display": "0", "missing_lines": 19, "excluded_lines": 0}, "missing_lines": [291, 293, 294, 296, 298, 301, 302, 304, 305, 308, 309, 310, 311, 312, 315, 327, 328, 330, 331], "excluded_lines": []}, "JournalParser._parse_timestamp": {"executed_lines": [344, 345, 346, 347, 348], "summary": {"covered_lines": 5, "num_statements": 5, "percent_covered": 100.0, "percent_covered_display": "100", "missing_lines": 0, "excluded_lines": 0}, "missing_lines": [], "excluded_lines": []}, "": {"executed_lines": [1, 3, 4, 5, 6, 7, 8, 9, 11, 12, 14, 16, 19, 20, 21, 23, 24, 26, 27, 29, 30, 32, 33, 35, 36, 39, 40, 42, 51, 65, 66, 68, 91, 111, 124, 128, 138, 150, 175, 217, 237, 263, 289, 333, 334], "summary": {"covered_lines": 41, "num_statements": 41, "percent_covered": 100.0, "percent_covered_display": "100", "missing_lines": 0, "excluded_lines": 0}, "missing_lines": [], "excluded_lines": []}}, "classes": {"CommanderLocation": {"executed_lines": [], "summary": {"covered_lines": 0, "num_statements": 0, "percent_covered": 100.0, "percent_covered_display": "100", "missing_lines": 0, "excluded_lines": 0}, "missing_lines": [], "excluded_lines": []}, "JournalFileHandler": {"executed_lines": [49], "summary": {"covered_lines": 1, "num_statements": 7, "percent_covered": 14.285714285714286, "percent_covered_display": "14", "missing_lines": 6, "excluded_lines": 0}, "missing_lines": [53, 54, 56, 59, 60, 62], "excluded_lines": []}, "JournalParser": {"executed_lines": [82, 83, 84, 85, 86, 87, 88, 89, 93, 94, 95, 97, 99, 100, 101, 103, 106, 109, 113, 114, 116, 117, 119, 120, 121, 122, 126, 130, 140, 141, 142, 143, 144, 145, 152, 155, 157, 162, 163, 164, 165, 168, 169, 187, 188, 189, 191, 194, 197, 199, 201, 204, 205, 206, 207, 208, 209, 212, 224, 226, 227, 228, 230, 232, 234, 239, 240, 241, 242, 244, 246, 254, 255, 257, 258, 265, 266, 267, 268, 270, 272, 280, 281, 283, 344, 345, 346, 347, 348], "summary": {"covered_lines": 89, "num_statements": 128, "percent_covered": 69.53125, "percent_covered_display": "70", "missing_lines": 39, "excluded_lines": 0}, "missing_lines": [146, 147, 148, 153, 171, 172, 173, 195, 202, 214, 215, 229, 231, 233, 235, 260, 261, 284, 286, 287, 291, 293, 294, 296, 298, 301, 302, 304, 305, 308, 309, 310, 311, 312, 315, 327, 328, 330, 331], "excluded_lines": []}, "": {"executed_lines": [1, 3, 4, 5, 6, 7, 8, 9, 11, 12, 14, 16, 19, 20, 21, 23, 24, 26, 27, 29, 30, 32, 33, 35, 36, 39, 40, 42, 51, 65, 66, 68, 91, 111, 124, 128, 138, 150, 175, 217, 237, 263, 289, 333, 334], "summary": {"covered_lines": 41, "num_statements": 41, "percent_covered": 100.0, "percent_covered_display": "100", "missing_lines": 0, "excluded_lines": 0}, "missing_lines": [], "excluded_lines": []}}}, "src/materials.py": {"executed_lines": [1, 7, 8, 9, 11, 14, 15, 16, 18, 19, 21, 22, 24, 25, 27, 28, 31, 32, 39, 54, 63, 72, 87, 96, 119, 134, 135, 154, 157, 158, 161, 162, 165, 169, 170, 173, 177, 178, 181, 185, 186, 189, 199, 200, 201, 202, 203, 204, 206, 208, 209, 219], "summary": {"covered_lines": 49, "num_statements": 52, "percent_covered": 94.23076923076923, "percent_covered_display": "94", "missing_lines": 3, "excluded_lines": 0}, "missing_lines": [166, 174, 182], "excluded_lines": [], "functions": {"MaterialInference.infer_materials": {"executed_lines": [154, 157, 158, 161, 162, 165, 169, 170, 173, 177, 178, 181, 185, 186, 189, 199, 200, 201, 202, 203, 204, 206], "summary": {"covered_lines": 22, "num_statements": 25, "percent_covered": 88.0, "percent_covered_display": "88", "missing_lines": 3, "excluded_lines": 0}, "missing_lines": [166, 174, 182], "excluded_lines": []}, "MaterialInference.format_materials": {"executed_lines": [219], "summary": {"covered_lines": 1, "num_statements": 1, "percent_covered": 100.0, "percent_covered_display": "100", "missing_lines": 0, "excluded_lines": 0}, "missing_lines": [], "excluded_lines": []}, "": {"executed_lines": [1, 7, 8, 9, 11, 14, 15, 16, 18, 19, 21, 22, 24, 25, 27, 28, 31, 32, 39, 54, 63, 72, 87, 96, 119, 134, 135, 208, 209], "summary": {"covered_lines": 26, "num_statements": 26, "percent_covered": 100.0, "percent_covered_display": "100", "missing_lines": 0, "excluded_lines": 0}, "missing_lines": [], "excluded_lines": []}}, "classes": {"MaterialInfo": {"executed_lines": [], "summary": {"covered_lines": 0, "num_statements": 0, "percent_covered": 100.0, "percent_covered_display": "100", "missing_lines": 0, "excluded_lines": 0}, "missing_lines": [], "excluded_lines": []}, "MaterialInference": {"executed_lines": [154, 157, 158, 161, 162, 165, 169, 170, 173, 177, 178, 181, 185, 186, 189, 199, 200, 201, 202, 203, 204, 206, 219], "summary": {"covered_lines": 23, "num_statements": 26, "percent_covered": 88.46153846153847, "percent_covered_display": "88", "missing_lines": 3, "excluded_lines": 0}, "missing_lines": [166, 174, 182], "excluded_lines": []}, "": {"executed_lines": [1, 7, 8, 9, 11, 14, 15, 16, 18, 19, 21, 22, 24, 25, 27, 28, 31, 32, 39, 54, 63, 72, 87, 96, 119, 134, 135, 208, 209], "summary": {"covered_lines": 26, "num_statements": 26, "percent_covered": 100.0, "percent_covered_display": "100", "missing_lines": 0, "excluded_lines": 0}, "missing_lines": [], "excluded_lines": []}}}, "src/notifications/__init__.py": {"executed_lines": [1, 3, 4, 5, 6, 8], "summary": {"covered_lines": 5, "num_statements": 5, "percent_covered": 100.0, "percent_covered_display": "100", "missing_lines": 0, "excluded_lines": 0}, "missing_lines": [], "excluded_lines": [], "functions": {"": {"executed_lines": [1, 3, 4, 5, 6, 8], "summary": {"covered_lines": 5, "num_statements": 5, "percent_covered": 100.0, "percent_covered_display": "100", "missing_lines": 0, "excluded_lines": 0}, "missing_lines": [], "excluded_lines": []}}, "classes": {"": {"executed_lines": [1, 3, 4, 5, 6, 8], "summary": {"covered_lines": 5, "num_statements": 5, "percent_covered": 100.0, "percent_covered_display": "100", "missing_lines": 0, "excluded_lines": 0}, "missing_lines": [], "excluded_lines": []}}}, "src/notifications/discord.py": {"executed_lines": [1, 3, 4, 5, 6, 8, 10, 13, 16, 17, 19, 20, 22, 33, 34, 36, 37, 39, 58, 65, 67, 69, 78, 79, 81, 83, 85, 105, 106, 111, 114, 115, 116, 117, 121, 150, 152, 162, 164, 165, 166, 172, 173, 175, 177, 178, 179, 180, 182, 183, 184, 186, 197, 208, 209, 210, 211, 213], "summary": {"covered_lines": 56, "num_statements": 72, "percent_covered": 77.77777777777777, "percent_covered_display": "78", "missing_lines": 16, "excluded_lines": 0}, "missing_lines": [108, 119, 187, 188, 190, 191, 192, 193, 195, 198, 199, 201, 202, 203, 204, 206], "excluded_lines": [], "functions": {"DiscordNotificationService.__init__": {"executed_lines": [33, 34, 36, 37], "summary": {"covered_lines": 4, "num_statements": 4, "percent_covered": 100.0, "percent_covered_display": "100", "missing_lines": 0, "excluded_lines": 0}, "missing_lines": [], "excluded_lines": []}, "DiscordNotificationService.send_alert": {"executed_lines": [58, 65, 67, 69, 78, 79, 81, 83], "summary": {"covered_lines": 8, "num_statements": 8, "percent_covered": 100.0, "percent_covered_display": "100", "missing_lines": 0, "excluded_lines": 0}, "missing_lines": [], "excluded_lines": []}, "DiscordNotificationService._build_embed": {"executed_lines": [105, 106, 111, 114, 115, 116, 117, 121, 150], "summary": {"covered_lines": 9, "num_statements": 11, "percent_covered": 81.81818181818181, "percent_covered_display": "82", "missing_lines": 2, "excluded_lines": 0}, "missing_lines": [108, 119], "excluded_lines": []}, "DiscordNotificationService._send_with_retry": {"executed_lines": [162, 164, 165, 166, 172, 173, 175, 177, 178, 179, 180, 182, 183, 184, 186, 197, 208, 209, 210, 211, 213], "summary": {"covered_lines": 21, "num_statements": 35, "percent_covered": 60.0, "percent_covered_display": "60", "missing_lines": 14, "excluded_lines": 0}, "missing_lines": [187, 188, 190, 191, 192, 193, 195, 198, 199, 201, 202, 203, 204, 206], "excluded_lines": []}, "": {"executed_lines": [1, 3, 4, 5, 6, 8, 10, 13, 16, 17, 19, 20, 22, 39, 85, 152], "summary": {"covered_lines": 14, "num_statements": 14, "percent_covered": 100.0, "percent_covered_display": "100", "missing_lines": 0, "excluded_lines": 0}, "missing_lines": [], "excluded_lines": []}}, "classes": {"DiscordNotificationService": {"executed_lines": [33, 34, 36, 37, 58, 65, 67, 69, 78, 79, 81, 83, 105, 106, 111, 114, 115, 116, 117, 121, 150, 162, 164, 165, 166, 172, 173, 175, 177, 178, 179, 180, 182, 183, 184, 186, 197, 208, 209, 210, 211, 213], "summary": {"covered_lines": 42, "num_statements": 58, "percent_covered": 72.41379310344827, "percent_covered_display": "72", "missing_lines": 16, "excluded_lines": 0}, "missing_lines": [108, 119, 187, 188, 190, 191, 192, 193, 195, 198, 199, 201, 202, 203, 204, 206], "excluded_lines": []}, "": {"executed_lines": [1, 3, 4, 5, 6, 8, 10, 13, 16, 17, 19, 20, 22, 39, 85, 152], "summary": {"covered_lines": 14, "num_statements": 14, "percent_covered": 100.0, "percent_covered_display": "100", "missing_lines": 0, "excluded_lines": 0}, "missing_lines": [], "excluded_lines": []}}}, "src/notifications/in_app.py": {"executed_lines": [1, 3, 4, 5, 7, 10, 13, 14, 16, 23, 24, 26, 33, 36, 37, 38, 40, 50, 52, 54, 56, 58, 59, 60, 62, 69, 74, 79, 85, 93, 103, 105, 107], "summary": {"covered_lines": 31, "num_statements": 31, "percent_covered": 100.0, "percent_covered_display": "100", "missing_lines": 0, "excluded_lines": 0}, "missing_lines": [], "excluded_lines": [], "functions": {"InAppNotificationSystem.__init__": {"executed_lines": [23, 24], "summary": {"covered_lines": 2, "num_statements": 2, "percent_covered": 100.0, "percent_covered_display": "100", "missing_lines": 0, "excluded_lines": 0}, "missing_lines": [], "excluded_lines": []}, "InAppNotificationSystem.add_notification": {"executed_lines": [33, 36, 37, 38], "summary": {"covered_lines": 4, "num_statements": 4, "percent_covered": 100.0, "percent_covered_display": "100", "missing_lines": 0, "excluded_lines": 0}, "missing_lines": [], "excluded_lines": []}, "InAppNotificationSystem.get_recent": {"executed_lines": [50], "summary": {"covered_lines": 1, "num_statements": 1, "percent_covered": 100.0, "percent_covered_display": "100", "missing_lines": 0, "excluded_lines": 0}, "missing_lines": [], "excluded_lines": []}, "InAppNotificationSystem.get_all": {"executed_lines": [54], "summary": {"covered_lines": 1, "num_statements": 1, "percent_covered": 100.0, "percent_covered_display": "100", "missing_lines": 0, "excluded_lines": 0}, "missing_lines": [], "excluded_lines": []}, "InAppNotificationSystem.clear_history": {"executed_lines": [58, 59, 60], "summary": {"covered_lines": 3, "num_statements": 3, "percent_covered": 100.0, "percent_covered_display": "100", "missing_lines": 0, "excluded_lines": 0}, "missing_lines": [], "excluded_lines": []}, "InAppNotificationSystem.get_stats": {"executed_lines": [69, 74, 79, 85], "summary": {"covered_lines": 4, "num_statements": 4, "percent_covered": 100.0, "percent_covered_display": "100", "missing_lines": 0, "excluded_lines": 0}, "missing_lines": [], "excluded_lines": []}, "InAppNotificationSystem.get_by_system": {"executed_lines": [103], "summary": {"covered_lines": 1, "num_statements": 1, "percent_covered": 100.0, "percent_covered_display": "100", "missing_lines": 0, "excluded_lines": 0}, "missing_lines": [], "excluded_lines": []}, "InAppNotificationSystem.get_failed_notifications": {"executed_lines": [107], "summary": {"covered_lines": 1, "num_statements": 1, "percent_covered": 100.0, "percent_covered_display": "100", "missing_lines": 0, "excluded_lines": 0}, "missing_lines": [], "excluded_lines": []}, "": {"executed_lines": [1, 3, 4, 5, 7, 10, 13, 14, 16, 26, 40, 52, 56, 62, 93, 105], "summary": {"covered_lines": 14, "num_statements": 14, "percent_covered": 100.0, "percent_covered_display": "100", "missing_lines": 0, "excluded_lines": 0}, "missing_lines": [], "excluded_lines": []}}, "classes": {"InAppNotificationSystem": {"executed_lines": [23, 24, 33, 36, 37, 38, 50, 54, 58, 59, 60, 69, 74, 79, 85, 103, 107], "summary": {"covered_lines": 17, "num_statements": 17, "percent_covered": 100.0, "percent_covered_display": "100", "missing_lines": 0, "excluded_lines": 0}, "missing_lines": [], "excluded_lines": []}, "": {"executed_lines": [1, 3, 4, 5, 7, 10, 13, 14, 16, 26, 40, 52, 56, 62, 93, 105], "summary": {"covered_lines": 14, "num_statements": 14, "percent_covered": 100.0, "percent_covered_display": "100", "missing_lines": 0, "excluded_lines": 0}, "missing_lines": [], "excluded_lines": []}}}, "src/notifications/manager.py": {"executed_lines": [1, 3, 4, 5, 6, 8, 9, 10, 12, 13, 14, 17, 20, 21, 23, 37, 38, 39, 40, 41, 42, 43, 45, 46, 47, 48, 49, 51, 67, 72, 73, 74, 77, 78, 81, 82, 83, 86, 90, 101, 102, 103, 105, 106, 109, 111, 112, 113, 116, 118, 119, 121, 128, 129, 131, 132, 133, 135, 137, 154, 157, 160, 161, 162, 168, 173, 180, 181, 183, 188, 190, 192, 194, 196, 198], "summary": {"covered_lines": 73, "num_statements": 76, "percent_covered": 96.05263157894737, "percent_covered_display": "96", "missing_lines": 3, "excluded_lines": 0}, "missing_lines": [169, 170, 200], "excluded_lines": [], "functions": {"NotificationManager.__init__": {"executed_lines": [37, 38, 39, 40, 41, 42, 43, 45, 46, 47, 48, 49], "summary": {"covered_lines": 12, "num_statements": 12, "percent_covered": 100.0, "percent_covered_display": "100", "missing_lines": 0, "excluded_lines": 0}, "missing_lines": [], "excluded_lines": []}, "NotificationManager.check_and_notify": {"executed_lines": [67, 72, 73, 74, 77, 78, 81, 82, 83, 86], "summary": {"covered_lines": 10, "num_statements": 10, "percent_covered": 100.0, "percent_covered_display": "100", "missing_lines": 0, "excluded_lines": 0}, "missing_lines": [], "excluded_lines": []}, "NotificationManager._meets_threshold": {"executed_lines": [101, 102, 103, 105, 106, 109, 111, 112, 113, 116, 118, 119], "summary": {"covered_lines": 12, "num_statements": 12, "percent_covered": 100.0, "percent_covered_display": "100", "missing_lines": 0, "excluded_lines": 0}, "missing_lines": [], "excluded_lines": []}, "NotificationManager._check_cooldown": {"executed_lines": [128, 129, 131, 132, 133, 135], "summary": {"covered_lines": 6, "num_statements": 6, "percent_covered": 100.0, "percent_covered_display": "100", "missing_lines": 0, "excluded_lines": 0}, "missing_lines": [], "excluded_lines": []}, "NotificationManager._send_notifications": {"executed_lines": [154, 157, 160, 161, 162, 168, 173, 180, 181, 183, 188], "summary": {"covered_lines": 11, "num_statements": 13, "percent_covered": 84.61538461538461, "percent_covered_display": "85", "missing_lines": 2, "excluded_lines": 0}, "missing_lines": [169, 170], "excluded_lines": []}, "NotificationManager.get_notification_history": {"executed_lines": [192], "summary": {"covered_lines": 1, "num_statements": 1, "percent_covered": 100.0, "percent_covered_display": "100", "missing_lines": 0, "excluded_lines": 0}, "missing_lines": [], "excluded_lines": []}, "NotificationManager.get_stats": {"executed_lines": [196], "summary": {"covered_lines": 1, "num_statements": 1, "percent_covered": 100.0, "percent_covered_display": "100", "missing_lines": 0, "excluded_lines": 0}, "missing_lines": [], "excluded_lines": []}, "NotificationManager.clear_history": {"executed_lines": [], "summary": {"covered_lines": 0, "num_statements": 1, "percent_covered": 0.0, "percent_covered_display": "0", "missing_lines": 1, "excluded_lines": 0}, "missing_lines": [200], "excluded_lines": []}, "": {"executed_lines": [1, 3, 4, 5, 6, 8, 9, 10, 12, 13, 14, 17, 20, 21, 23, 51, 90, 121, 137, 190, 194, 198], "summary": {"covered_lines": 20, "num_statements": 20, "percent_covered": 100.0, "percent_covered_display": "100", "missing_lines": 0, "excluded_lines": 0}, "missing_lines": [], "excluded_lines": []}}, "classes": {"NotificationManager": {"executed_lines": [37, 38, 39, 40, 41, 42, 43, 45, 46, 47, 48, 49, 67, 72, 73, 74, 77, 78, 81, 82, 83, 86, 101, 102, 103, 105, 106, 109, 111, 112, 113, 116, 118, 119, 128, 129, 131, 132, 133, 135, 154, 157, 160, 161, 162, 168, 173, 180, 181, 183, 188, 192, 196], "summary": {"covered_lines": 53, "num_statements": 56, "percent_covered": 94.64285714285714, "percent_covered_display": "95", "missing_lines": 3, "excluded_lines": 0}, "missing_lines": [169, 170, 200], "excluded_lines": []}, "": {"executed_lines": [1, 3, 4, 5, 6, 8, 9, 10, 12, 13, 14, 17, 20, 21, 23, 51, 90, 121, 137, 190, 194, 198], "summary": {"covered_lines": 20, "num_statements": 20, "percent_covered": 100.0, "percent_covered_display": "100", "missing_lines": 0, "excluded_lines": 0}, "missing_lines": [], "excluded_lines": []}}}, "src/notifications/models.py": {"executed_lines": [1, 3, 4, 5, 8, 9, 10, 12, 13, 15, 16, 18, 19, 21, 23, 24, 25, 26, 29, 30, 31, 33, 34, 36, 37, 39, 40, 42, 43, 45, 46, 48, 49, 51, 53, 54, 55, 56], "summary": {"covered_lines": 35, "num_statements": 35, "percent_covered": 100.0, "percent_covered_display": "100", "missing_lines": 0, "excluded_lines": 0}, "missing_lines": [], "excluded_lines": [], "functions": {"Alert.__post_init__": {"executed_lines": [23, 24, 25, 26], "summary": {"covered_lines": 4, "num_statements": 4, "percent_covered": 100.0, "percent_covered_display": "100", "missing_lines": 0, "excluded_lines": 0}, "missing_lines": [], "excluded_lines": []}, "Notification.__post_init__": {"executed_lines": [53, 54, 55, 56], "summary": {"covered_lines": 4, "num_statements": 4, "percent_covered": 100.0, "percent_covered_display": "100", "missing_lines": 0, "excluded_lines": 0}, "missing_lines": [], "excluded_lines": []}, "": {"executed_lines": [1, 3, 4, 5, 8, 9, 10, 12, 13, 15, 16, 18, 19, 21, 29, 30, 31, 33, 34, 36, 37, 39, 40, 42, 43, 45, 46, 48, 49, 51], "summary": {"covered_lines": 27, "num_statements": 27, "percent_covered": 100.0, "percent_covered_display": "100", "missing_lines": 0, "excluded_lines": 0}, "missing_lines": [], "excluded_lines": []}}, "classes": {"Alert": {"executed_lines": [23, 24, 25, 26], "summary": {"covered_lines": 4, "num_statements": 4, "percent_covered": 100.0, "percent_covered_display": "100", "missing_lines": 0, "excluded_lines": 0}, "missing_lines": [], "excluded_lines": []}, "Notification": {"executed_lines": [53, 54, 55, 56], "summary": {"covered_lines": 4, "num_statements": 4, "percent_covered": 100.0, "percent_covered_display": "100", "missing_lines": 0, "excluded_lines": 0}, "missing_lines": [], "excluded_lines": []}, "": {"executed_lines": [1, 3, 4, 5, 8, 9, 10, 12, 13, 15, 16, 18, 19, 21, 29, 30, 31, 33, 34, 36, 37, 39, 40, 42, 43, 45, 46, 48, 49, 51], "summary": {"covered_lines": 27, "num_statements": 27, "percent_covered": 100.0, "percent_covered_display": "100", "missing_lines": 0, "excluded_lines": 0}, "missing_lines": [], "excluded_lines": []}}}, "src/system_info.py": {"executed_lines": [1, 6, 7, 8, 9, 10, 12, 15, 19, 20, 21, 24, 25, 27, 28, 38, 39, 42, 43, 46, 48, 54, 103, 104, 105, 110, 111, 121, 122, 133, 134], "summary": {"covered_lines": 29, "num_statements": 61, "percent_covered": 47.540983606557376, "percent_covered_display": "48", "missing_lines": 32, "excluded_lines": 0}, "missing_lines": [44, 60, 61, 63, 64, 65, 67, 69, 70, 71, 72, 73, 76, 78, 87, 88, 89, 91, 98, 99, 101, 106, 107, 108, 124, 125, 127, 128, 129, 131, 136, 137], "excluded_lines": [], "functions": {"SystemInfoLookup.get_system_info": {"executed_lines": [38, 39, 42, 43, 46, 48, 54, 103, 104, 105], "summary": {"covered_lines": 10, "num_statements": 34, "percent_covered": 29.41176470588235, "percent_covered_display": "29", "missing_lines": 24, "excluded_lines": 0}, "missing_lines": [44, 60, 61, 63, 64, 65, 67, 69, 70, 71, 72, 73, 76, 78, 87, 88, 89, 91, 98, 99, 101, 106, 107, 108], "excluded_lines": []}, "SystemInfoLookup._check_cache": {"executed_lines": [121, 122], "summary": {"covered_lines": 2, "num_statements": 8, "percent_covered": 25.0, "percent_covered_display": "25", "missing_lines": 6, "excluded_lines": 0}, "missing_lines": [124, 125, 127, 128, 129, 131], "excluded_lines": []}, "SystemInfoLookup.clear_cache": {"executed_lines": [], "summary": {"covered_lines": 0, "num_statements": 2, "percent_covered": 0.0, "percent_covered_display": "0", "missing_lines": 2, "excluded_lines": 0}, "missing_lines": [136, 137], "excluded_lines": []}, "": {"executed_lines": [1, 6, 7, 8, 9, 10, 12, 15, 19, 20, 21, 24, 25, 27, 28, 110, 111, 133, 134], "summary": {"covered_lines": 17, "num_statements": 17, "percent_covered": 100.0, "percent_covered_display": "100", "missing_lines": 0, "excluded_lines": 0}, "missing_lines": [], "excluded_lines": []}}, "classes": {"SystemInfoLookup": {"executed_lines": [38, 39, 42, 43, 46, 48, 54, 103, 104, 105, 121, 122], "summary": {"covered_lines": 12, "num_statements": 44, "percent_covered": 27.272727272727273, "percent_covered_display": "27", "missing_lines": 32, "excluded_lines": 0}, "missing_lines": [44, 60, 61, 63, 64, 65, 67, 69, 70, 71, 72, 73, 76, 78, 87, 88, 89, 91, 98, 99, 101, 106, 107, 108, 124, 125, 127, 128, 129, 131, 136, 137], "excluded_lines": []}, "": {"executed_lines": [1, 6, 7, 8, 9, 10, 12, 15, 19, 20, 21, 24, 25, 27, 28, 110, 111, 133, 134], "summary": {"covered_lines": 17, "num_statements": 17, "percent_covered": 100.0, "percent_covered_display": "100", "missing_lines": 0, "excluded_lines": 0}, "missing_lines": [], "excluded_lines": []}}}, "src/web/__init__.py": {"executed_lines": [1, 3, 4, 5, 6, 8, 9, 12, 22, 23, 25, 28, 29, 31, 32, 36, 37, 41, 42, 48, 49, 55, 56, 58, 60, 61, 63, 65, 66, 68, 69, 70, 71, 72, 74, 75, 92, 93, 95, 96, 97, 98, 99, 100, 102, 103, 105, 107, 113, 114, 115, 129, 130, 131, 133, 134, 136, 138, 148, 149, 157, 158, 159, 161, 162, 164, 166, 169, 170, 171, 172, 173, 175, 176, 178, 179, 180, 182, 186, 187, 188, 190, 191, 193, 194, 196, 197, 208, 209, 210, 211, 212, 213, 214, 215, 218, 219, 224, 225, 226, 228, 238, 239, 240, 242, 243, 245, 246, 248, 249, 250, 255, 259, 260, 261, 263, 264, 266, 268, 269, 271, 273, 276, 1041, 1678, 2260], "summary": {"covered_lines": 125, "num_statements": 160, "percent_covered": 78.125, "percent_covered_display": "78", "missing_lines": 35, "excluded_lines": 0}, "missing_lines": [34, 39, 44, 45, 46, 51, 52, 53, 87, 88, 89, 90, 108, 139, 167, 220, 221, 2277, 2278, 2279, 2280, 2282, 2283, 2285, 2286, 2288, 2289, 2292, 2295, 2297, 2298, 2300, 2302, 2303, 2304], "excluded_lines": [], "functions": {"create_app": {"executed_lines": [22, 23, 25, 28, 29, 31, 32, 36, 37, 41, 42, 48, 49, 55, 56, 60, 61, 65, 66, 92, 93, 102, 103, 133, 134, 161, 162, 175, 176, 190, 191, 242, 243, 263, 264, 268, 269, 273], "summary": {"covered_lines": 38, "num_statements": 38, "percent_covered": 100.0, "percent_covered_display": "100", "missing_lines": 0, "excluded_lines": 0}, "missing_lines": [], "excluded_lines": []}, "create_app.connect": {"executed_lines": [], "summary": {"covered_lines": 0, "num_statements": 1, "percent_covered": 0.0, "percent_covered_display": "0", "missing_lines": 1, "excluded_lines": 0}, "missing_lines": [34], "excluded_lines": []}, "create_app.disconnect": {"executed_lines": [], "summary": {"covered_lines": 0, "num_statements": 1, "percent_covered": 0.0, "percent_covered_display": "0", "missing_lines": 1, "excluded_lines": 0}, "missing_lines": [39], "excluded_lines": []}, "create_app.subscribe": {"executed_lines": [], "summary": {"covered_lines": 0, "num_statements": 3, "percent_covered": 0.0, "percent_covered_display": "0", "missing_lines": 3, "excluded_lines": 0}, "missing_lines": [44, 45, 46], "excluded_lines": []}, "create_app.unsubscribe": {"executed_lines": [], "summary": {"covered_lines": 0, "num_statements": 3, "percent_covered": 0.0, "percent_covered_display": "0", "missing_lines": 3, "excluded_lines": 0}, "missing_lines": [51, 52, 53], "excluded_lines": []}, "create_app.index": {"executed_lines": [58], "summary": {"covered_lines": 1, "num_statements": 1, "percent_covered": 100.0, "percent_covered_display": "100", "missing_lines": 0, "excluded_lines": 0}, "missing_lines": [], "excluded_lines": []}, "create_app.api_status": {"executed_lines": [63], "summary": {"covered_lines": 1, "num_statements": 1, "percent_covered": 100.0, "percent_covered_display": "100", "missing_lines": 0, "excluded_lines": 0}, "missing_lines": [], "excluded_lines": []}, "create_app.api_materials": {"executed_lines": [68, 69, 70, 71, 72, 74, 75], "summary": {"covered_lines": 7, "num_statements": 11, "percent_covered": 63.63636363636363, "percent_covered_display": "64", "missing_lines": 4, "excluded_lines": 0}, "missing_lines": [87, 88, 89, 90], "excluded_lines": []}, "create_app.api_refresh": {"executed_lines": [95, 96, 97, 98, 99, 100], "summary": {"covered_lines": 6, "num_statements": 6, "percent_covered": 100.0, "percent_covered_display": "100", "missing_lines": 0, "excluded_lines": 0}, "missing_lines": [], "excluded_lines": []}, "create_app.api_notifications": {"executed_lines": [105, 107, 113, 114, 115, 129, 130, 131], "summary": {"covered_lines": 8, "num_statements": 9, "percent_covered": 88.88888888888889, "percent_covered_display": "89", "missing_lines": 1, "excluded_lines": 0}, "missing_lines": [108], "excluded_lines": []}, "create_app.api_notifications_stats": {"executed_lines": [136, 138, 148, 149, 157, 158, 159], "summary": {"covered_lines": 7, "num_statements": 8, "percent_covered": 87.5, "percent_covered_display": "88", "missing_lines": 1, "excluded_lines": 0}, "missing_lines": [139], "excluded_lines": []}, "create_app.api_notifications_clear": {"executed_lines": [164, 166, 169, 170, 171, 172, 173], "summary": {"covered_lines": 7, "num_statements": 8, "percent_covered": 87.5, "percent_covered_display": "88", "missing_lines": 1, "excluded_lines": 0}, "missing_lines": [167], "excluded_lines": []}, "create_app.api_timeline": {"executed_lines": [178, 179, 180, 182, 186, 187, 188], "summary": {"covered_lines": 7, "num_statements": 7, "percent_covered": 100.0, "percent_covered_display": "100", "missing_lines": 0, "excluded_lines": 0}, "missing_lines": [], "excluded_lines": []}, "create_app.api_timeline_summary": {"executed_lines": [193, 194, 196, 197, 208, 209, 210, 211, 212, 213, 214, 215, 218, 219, 224, 225, 226, 228, 238, 239, 240], "summary": {"covered_lines": 21, "num_statements": 23, "percent_covered": 91.30434782608695, "percent_covered_display": "91", "missing_lines": 2, "excluded_lines": 0}, "missing_lines": [220, 221], "excluded_lines": []}, "create_app.api_timeline_trends": {"executed_lines": [245, 246, 248, 249, 250, 255, 259, 260, 261], "summary": {"covered_lines": 9, "num_statements": 9, "percent_covered": 100.0, "percent_covered_display": "100", "missing_lines": 0, "excluded_lines": 0}, "missing_lines": [], "excluded_lines": []}, "create_app.timeline_page": {"executed_lines": [266], "summary": {"covered_lines": 1, "num_statements": 1, "percent_covered": 100.0, "percent_covered_display": "100", "missing_lines": 0, "excluded_lines": 0}, "missing_lines": [], "excluded_lines": []}, "create_app.notifications_page": {"executed_lines": [271], "summary": {"covered_lines": 1, "num_statements": 1, "percent_covered": 100.0, "percent_covered_display": "100", "missing_lines": 0, "excluded_lines": 0}, "missing_lines": [], "excluded_lines": []}, "run_server": {"executed_lines": [], "summary": {"covered_lines": 0, "num_statements": 18, "percent_covered": 0.0, "percent_covered_display": "0", "missing_lines": 18, "excluded_lines": 0}, "missing_lines": [2277, 2278, 2279, 2280, 2282, 2283, 2285, 2286, 2288, 2289, 2292, 2295, 2297, 2298, 2300, 2302, 2303, 2304], "excluded_lines": []}, "": {"executed_lines": [1, 3, 4, 5, 6, 8, 9, 12, 276, 1041, 1678, 2260], "summary": {"covered_lines": 11, "num_statements": 11, "percent_covered": 100.0, "percent_covered_display": "100", "missing_lines": 0, "excluded_lines": 0}, "missing_lines": [], "excluded_lines": []}}, "classes": {"": {"executed_lines": [1, 3, 4, 5, 6, 8, 9, 12, 22, 23, 25, 28, 29, 31, 32, 36, 37, 41, 42, 48, 49, 55, 56, 58, 60, 61, 63, 65, 66, 68, 69, 70, 71, 72, 74, 75, 92, 93, 95, 96, 97, 98, 99, 100, 102, 103, 105, 107, 113, 114, 115, 129, 130, 131, 133, 134, 136, 138, 148, 149, 157, 158, 159, 161, 162, 164, 166, 169, 170, 171, 172, 173, 175, 176, 178, 179, 180, 182, 186, 187, 188, 190, 191, 193, 194, 196, 197, 208, 209, 210, 211, 212, 213, 214, 215, 218, 219, 224, 225, 226, 228, 238, 239, 240, 242, 243, 245, 246, 248, 249, 250, 255, 259, 260, 261, 263, 264, 266, 268, 269, 271, 273, 276, 1041, 1678, 2260], "summary": {"covered_lines": 125, "num_statements": 160, "percent_covered": 78.125, "percent_covered_display": "78", "missing_lines": 35, "excluded_lines": 0}, "missing_lines": [34, 39, 44, 45, 46, 51, 52, 53, 87, 88, 89, 90, 108, 139, 167, 220, 221, 2277, 2278, 2279, 2280, 2282, 2283, 2285, 2286, 2288, 2289, 2292, 2295, 2297, 2298, 2300, 2302, 2303, 2304], "excluded_lines": []}}}, "src/web/websocket.py": {"executed_lines": [1, 3, 4, 6, 7, 9, 12, 13, 15, 21, 22, 23, 24, 31, 37, 47, 48, 49, 50, 52, 53, 55, 62, 63, 65, 71, 72, 73, 75, 82, 83, 86, 87, 88, 89, 90, 92, 99, 100, 101, 103, 104, 105, 106, 107, 109, 115, 118, 119, 121, 122, 123, 124, 125, 127, 133, 136, 137, 139, 140, 141, 145, 151, 154, 155, 157, 158, 159, 163, 169, 172, 173, 175, 176, 177, 181, 196, 202, 204, 213, 215, 221, 223, 225, 226, 227, 228], "summary": {"covered_lines": 85, "num_statements": 100, "percent_covered": 85.0, "percent_covered_display": "85", "missing_lines": 15, "excluded_lines": 0}, "missing_lines": [84, 116, 134, 142, 143, 152, 160, 161, 170, 178, 179, 190, 191, 193, 194], "excluded_lines": [], "functions": {"WebSocketManager.__init__": {"executed_lines": [21, 22, 23, 24], "summary": {"covered_lines": 4, "num_statements": 4, "percent_covered": 100.0, "percent_covered_display": "100", "missing_lines": 0, "excluded_lines": 0}, "missing_lines": [], "excluded_lines": []}, "WebSocketManager.initialize": {"executed_lines": [37, 47, 48, 49, 50, 52, 53], "summary": {"covered_lines": 7, "num_statements": 7, "percent_covered": 100.0, "percent_covered_display": "100", "missing_lines": 0, "excluded_lines": 0}, "missing_lines": [], "excluded_lines": []}, "WebSocketManager._on_connect": {"executed_lines": [62, 63], "summary": {"covered_lines": 2, "num_statements": 2, "percent_covered": 100.0, "percent_covered_display": "100", "missing_lines": 0, "excluded_lines": 0}, "missing_lines": [], "excluded_lines": []}, "WebSocketManager._on_disconnect": {"executed_lines": [71, 72, 73], "summary": {"covered_lines": 3, "num_statements": 3, "percent_covered": 100.0, "percent_covered_display": "100", "missing_lines": 0, "excluded_lines": 0}, "missing_lines": [], "excluded_lines": []}, "WebSocketManager._on_subscribe": {"executed_lines": [82, 83, 86, 87, 88, 89, 90], "summary": {"covered_lines": 7, "num_statements": 8, "percent_covered": 87.5, "percent_covered_display": "88", "missing_lines": 1, "excluded_lines": 0}, "missing_lines": [84], "excluded_lines": []}, "WebSocketManager._on_unsubscribe": {"executed_lines": [99, 100, 101, 103, 104, 105, 106, 107], "summary": {"covered_lines": 8, "num_statements": 8, "percent_covered": 100.0, "percent_covered_display": "100", "missing_lines": 0, "excluded_lines": 0}, "missing_lines": [], "excluded_lines": []}, "WebSocketManager.emit_hge_signal": {"executed_lines": [115, 118, 119, 121, 122, 123, 124, 125], "summary": {"covered_lines": 8, "num_statements": 9, "percent_covered": 88.88888888888889, "percent_covered_display": "89", "missing_lines": 1, "excluded_lines": 0}, "missing_lines": [116], "excluded_lines": []}, "WebSocketManager.emit_location_update": {"executed_lines": [133, 136, 137, 139, 140, 141], "summary": {"covered_lines": 6, "num_statements": 9, "percent_covered": 66.66666666666667, "percent_covered_display": "67", "missing_lines": 3, "excluded_lines": 0}, "missing_lines": [134, 142, 143], "excluded_lines": []}, "WebSocketManager.emit_distance_update": {"executed_lines": [151, 154, 155, 157, 158, 159], "summary": {"covered_lines": 6, "num_statements": 9, "percent_covered": 66.66666666666667, "percent_covered_display": "67", "missing_lines": 3, "excluded_lines": 0}, "missing_lines": [152, 160, 161], "excluded_lines": []}, "WebSocketManager.emit_status": {"executed_lines": [169, 172, 173, 175, 176, 177], "summary": {"covered_lines": 6, "num_statements": 9, "percent_covered": 66.66666666666667, "percent_covered_display": "67", "missing_lines": 3, "excluded_lines": 0}, "missing_lines": [170, 178, 179], "excluded_lines": []}, "WebSocketManager.broadcast_to_channel": {"executed_lines": [], "summary": {"covered_lines": 0, "num_statements": 4, "percent_covered": 0.0, "percent_covered_display": "0", "missing_lines": 4, "excluded_lines": 0}, "missing_lines": [190, 191, 193, 194], "excluded_lines": []}, "WebSocketManager.get_connected_clients_count": {"executed_lines": [202], "summary": {"covered_lines": 1, "num_statements": 1, "percent_covered": 100.0, "percent_covered_display": "100", "missing_lines": 0, "excluded_lines": 0}, "missing_lines": [], "excluded_lines": []}, "WebSocketManager.get_subscribers_for_channel": {"executed_lines": [213], "summary": {"covered_lines": 1, "num_statements": 1, "percent_covered": 100.0, "percent_covered_display": "100", "missing_lines": 0, "excluded_lines": 0}, "missing_lines": [], "excluded_lines": []}, "WebSocketManager.get_all_subscriptions": {"executed_lines": [221], "summary": {"covered_lines": 1, "num_statements": 1, "percent_covered": 100.0, "percent_covered_display": "100", "missing_lines": 0, "excluded_lines": 0}, "missing_lines": [], "excluded_lines": []}, "WebSocketManager.close": {"executed_lines": [225, 226, 227, 228], "summary": {"covered_lines": 4, "num_statements": 4, "percent_covered": 100.0, "percent_covered_display": "100", "missing_lines": 0, "excluded_lines": 0}, "missing_lines": [], "excluded_lines": []}, "": {"executed_lines": [1, 3, 4, 6, 7, 9, 12, 13, 15, 31, 55, 65, 75, 92, 109, 127, 145, 163, 181, 196, 204, 215, 223], "summary": {"covered_lines": 21, "num_statements": 21, "percent_covered": 100.0, "percent_covered_display": "100", "missing_lines": 0, "excluded_lines": 0}, "missing_lines": [], "excluded_lines": []}}, "classes": {"WebSocketManager": {"executed_lines": [21, 22, 23, 24, 37, 47, 48, 49, 50, 52, 53, 62, 63, 71, 72, 73, 82, 83, 86, 87, 88, 89, 90, 99, 100, 101, 103, 104, 105, 106, 107, 115, 118, 119, 121, 122, 123, 124, 125, 133, 136, 137, 139, 140, 141, 151, 154, 155, 157, 158, 159, 169, 172, 173, 175, 176, 177, 202, 213, 221, 225, 226, 227, 228], "summary": {"covered_lines": 64, "num_statements": 79, "percent_covered": 81.0126582278481, "percent_covered_display": "81", "missing_lines": 15, "excluded_lines": 0}, "missing_lines": [84, 116, 134, 142, 143, 152, 160, 161, 170, 178, 179, 190, 191, 193, 194], "excluded_lines": []}, "": {"executed_lines": [1, 3, 4, 6, 7, 9, 12, 13, 15, 31, 55, 65, 75, 92, 109, 127, 145, 163, 181, 196, 204, 215, 223], "summary": {"covered_lines": 21, "num_statements": 21, "percent_covered": 100.0, "percent_covered_display": "100", "missing_lines": 0, "excluded_lines": 0}, "missing_lines": [], "excluded_lines": []}}}}, "totals": {"covered_lines": 1281, "num_statements": 1575, "percent_covered": 81.33333333333333, "percent_covered_display": "81", "missing_lines": 294, "excluded_lines": 3}}